[INFO][2016-04-11 10:35:18]#####################################################
[INFO][2016-04-11 10:35:18]\/\/\/\/\/\/---TestCase = LoginTest---\/\/\/\/\/\/
[INFO][2016-04-11 10:35:21]WebDriver navigating to:'http://test.boss.1jiajie.com/'
[INFO][2016-04-11 10:35:33]WebDriver changing value in element found By.id: loginform-username from '' to ''
[INFO][2016-04-11 10:35:33]WebDriver changing value in element found By.id: loginform-username from '' to 'admin'
[INFO][2016-04-11 10:35:33]WebDriver changing value in element found By.id: loginform-password from '' to ''
[INFO][2016-04-11 10:35:33]WebDriver changing value in element found By.id: loginform-password from '' to 'Test2016QA'
[INFO][2016-04-11 10:35:41]WebDriver clicking on:'xpath: //*[@id='list']/li[5]/button'
[ERROR][2016-04-11 10:35:45]WebDriver error: Element not found By.xpath: /html/body/div[2]/aside[1]/div/section/div[1]/div[2]/p[1]
[INFO][2016-04-11 10:35:49]WebDriver navigating to:'http://test.boss.1jiajie.com/'
[INFO][2016-04-11 10:36:14]WebDriver changing value in element found By.id: loginform-username from '' to ''
[INFO][2016-04-11 10:36:14]WebDriver changing value in element found By.id: loginform-username from '' to 'admin'
[INFO][2016-04-11 10:36:14]WebDriver changing value in element found By.id: loginform-password from '' to ''
[INFO][2016-04-11 10:36:14]WebDriver changing value in element found By.id: loginform-password from '' to 'cuowumima'
[INFO][2016-04-11 10:36:22]WebDriver clicking on:'xpath: //*[@id='list']/li[5]/button'
[INFO][2016-04-11 10:36:23]/\/\/\/\/\/\---TestCase = LoginTest---/\/\/\/\/\/\
[INFO][2016-04-11 10:36:23]#####################################################
[INFO][2016-04-11 10:36:23]#####################################################
[INFO][2016-04-11 10:36:23]\/\/\/\/\/\/---TestCase = HomeLinkTest---\/\/\/\/\/\/
[INFO][2016-04-11 10:36:24]WebDriver navigating to:'http://test.boss.1jiajie.com/'
[INFO][2016-04-11 10:36:31]WebDriver changing value in element found By.id: loginform-username from '' to ''
[INFO][2016-04-11 10:36:31]WebDriver changing value in element found By.id: loginform-username from '' to 'admin'
[INFO][2016-04-11 10:36:31]WebDriver changing value in element found By.id: loginform-password from '' to ''
[INFO][2016-04-11 10:36:31]WebDriver changing value in element found By.id: loginform-password from '' to 'Test2016QA'
[INFO][2016-04-11 10:36:39]WebDriver clicking on:'xpath: //*[@id='list']/li[5]/button'
[INFO][2016-04-11 10:36:43]WebDriver navigating to:'http://test.boss.1jiajie.com/'
[INFO][2016-04-11 10:36:48]WebDriver navigating to:'http://test.boss.1jiajie.com/'
[INFO][2016-04-11 10:36:51]WebDriver navigating to:'http://test.boss.1jiajie.com/'
[INFO][2016-04-11 10:36:54]/\/\/\/\/\/\---TestCase = HomeLinkTest---/\/\/\/\/\/\
[INFO][2016-04-11 10:36:54]#####################################################
[INFO][2016-04-11 10:36:54]#####################################################
[INFO][2016-04-11 10:36:54]\/\/\/\/\/\/---TestCase = LoginTest---\/\/\/\/\/\/
[INFO][2016-04-11 10:37:04]WebDriver navigating to:'http://test.boss.1jiajie.com/'
[INFO][2016-04-11 10:37:11]WebDriver changing value in element found By.id: loginform-username from '' to ''
[INFO][2016-04-11 10:37:11]WebDriver changing value in element found By.id: loginform-username from '' to 'admin'
[INFO][2016-04-11 10:37:11]WebDriver changing value in element found By.id: loginform-password from '' to ''
[INFO][2016-04-11 10:37:12]WebDriver changing value in element found By.id: loginform-password from '' to 'Test2016QA'
[INFO][2016-04-11 10:37:20]WebDriver clicking on:'xpath: //*[@id='list']/li[5]/button'
[INFO][2016-04-11 10:37:34]WebDriver navigating to:'http://test.boss.1jiajie.com/'
[INFO][2016-04-11 10:37:39]WebDriver changing value in element found By.id: loginform-username from '' to ''
[INFO][2016-04-11 10:37:39]WebDriver changing value in element found By.id: loginform-username from '' to 'admin'
[INFO][2016-04-11 10:37:39]WebDriver changing value in element found By.id: loginform-password from '' to ''
[INFO][2016-04-11 10:37:39]WebDriver changing value in element found By.id: loginform-password from '' to 'cuowumima'
[INFO][2016-04-11 10:37:47]WebDriver clicking on:'xpath: //*[@id='list']/li[5]/button'
[INFO][2016-04-11 10:37:48]/\/\/\/\/\/\---TestCase = LoginTest---/\/\/\/\/\/\
[INFO][2016-04-11 10:37:48]#####################################################
[INFO][2016-04-11 10:37:48]#####################################################
[INFO][2016-04-11 10:37:48]\/\/\/\/\/\/---TestCase = HomeLinkTest---\/\/\/\/\/\/
[INFO][2016-04-11 10:37:55]WebDriver navigating to:'http://test.boss.1jiajie.com/'
[INFO][2016-04-11 10:38:01]WebDriver changing value in element found By.id: loginform-username from '' to ''
[INFO][2016-04-11 10:38:01]WebDriver changing value in element found By.id: loginform-username from '' to 'admin'
[INFO][2016-04-11 10:38:01]WebDriver changing value in element found By.id: loginform-password from '' to ''
[INFO][2016-04-11 10:38:01]WebDriver changing value in element found By.id: loginform-password from '' to 'Test2016QA'
[INFO][2016-04-11 10:38:09]WebDriver clicking on:'xpath: //*[@id='list']/li[5]/button'
[INFO][2016-04-11 10:38:13]WebDriver navigating to:'http://test.boss.1jiajie.com/'
[INFO][2016-04-11 10:38:18]WebDriver navigating to:'http://test.boss.1jiajie.com/'
[INFO][2016-04-11 10:38:21]WebDriver navigating to:'http://test.boss.1jiajie.com/'
[INFO][2016-04-11 10:38:25]/\/\/\/\/\/\---TestCase = HomeLinkTest---/\/\/\/\/\/\
[INFO][2016-04-11 10:38:25]#####################################################
[INFO][2016-04-11 13:27:35]#####################################################
[INFO][2016-04-11 13:27:35]\/\/\/\/\/\/---TestCase = MakeOrder_Test---\/\/\/\/\/\/
[INFO][2016-04-11 13:27:35]/\/\/\/\/\/\---TestCase = MakeOrder_Test---/\/\/\/\/\/\
[INFO][2016-04-11 13:27:35]#####################################################
[INFO][2016-04-11 13:28:44]#####################################################
[INFO][2016-04-11 13:28:44]\/\/\/\/\/\/---TestCase = MakeOrder_Test---\/\/\/\/\/\/
[INFO][2016-04-11 13:28:45]/\/\/\/\/\/\---TestCase = MakeOrder_Test---/\/\/\/\/\/\
[INFO][2016-04-11 13:28:45]#####################################################
[INFO][2016-04-11 13:31:27]#####################################################
[INFO][2016-04-11 13:31:27]\/\/\/\/\/\/---TestCase = MakeOrder_Test---\/\/\/\/\/\/
[INFO][2016-04-11 13:31:28]/\/\/\/\/\/\---TestCase = MakeOrder_Test---/\/\/\/\/\/\
[INFO][2016-04-11 13:31:28]#####################################################
[INFO][2016-04-11 13:34:16]#####################################################
[INFO][2016-04-11 13:34:16]\/\/\/\/\/\/---TestCase = LoginTest---\/\/\/\/\/\/
[INFO][2016-04-11 13:34:19]WebDriver navigating to:'http://test.boss.1jiajie.com/'
[INFO][2016-04-11 13:34:28]WebDriver changing value in element found By.id: loginform-username from '' to ''
[INFO][2016-04-11 13:34:28]WebDriver changing value in element found By.id: loginform-username from '' to 'admin'
[INFO][2016-04-11 13:34:28]WebDriver changing value in element found By.id: loginform-password from '' to ''
[INFO][2016-04-11 13:34:28]WebDriver changing value in element found By.id: loginform-password from '' to 'Test2016QA'
[INFO][2016-04-11 13:34:36]WebDriver clicking on:'xpath: //*[@id='list']/li[5]/button'
[INFO][2016-04-11 13:34:42]WebDriver navigating to:'http://test.boss.1jiajie.com/'
[INFO][2016-04-11 13:34:53]WebDriver changing value in element found By.id: loginform-username from '' to ''
[INFO][2016-04-11 13:34:53]WebDriver changing value in element found By.id: loginform-username from '' to 'admin'
[INFO][2016-04-11 13:34:53]WebDriver changing value in element found By.id: loginform-password from '' to ''
[INFO][2016-04-11 13:34:53]WebDriver changing value in element found By.id: loginform-password from '' to 'cuowumima'
[INFO][2016-04-11 13:35:01]WebDriver clicking on:'xpath: //*[@id='list']/li[5]/button'
[INFO][2016-04-11 13:35:02]/\/\/\/\/\/\---TestCase = LoginTest---/\/\/\/\/\/\
[INFO][2016-04-11 13:35:02]#####################################################
[INFO][2016-04-11 13:38:26]#####################################################
[INFO][2016-04-11 13:38:26]\/\/\/\/\/\/---TestCase = HomeLinkTest---\/\/\/\/\/\/
[INFO][2016-04-11 13:38:29]WebDriver navigating to:'http://test.boss.1jiajie.com/'
[INFO][2016-04-11 13:38:36]WebDriver changing value in element found By.id: loginform-username from '' to ''
[INFO][2016-04-11 13:38:36]WebDriver changing value in element found By.id: loginform-username from '' to 'admin'
[INFO][2016-04-11 13:38:36]WebDriver changing value in element found By.id: loginform-password from '' to ''
[INFO][2016-04-11 13:38:36]WebDriver changing value in element found By.id: loginform-password from '' to 'Test2016QA'
[INFO][2016-04-11 13:38:44]WebDriver clicking on:'xpath: //*[@id='list']/li[5]/button'
[ERROR][2016-04-11 13:38:48]WebDriver error:
org.openqa.selenium.InvalidSelectorException: invalid selector: Unable to locate an element with the xpath expression /html/body/div[2]/aside[1]/div/section/div[1]/div[2]/p[1] because of the following error:
TypeError: Failed to execute 'createNSResolver' on 'Document': parameter 1 is not of type 'Node'.
  (Session info: chrome=49.0.2623.87)
  (Driver info: chromedriver=2.16.333243 (0bfa1d3575fc1044244f21ddb82bf870944ef961),platform=Windows NT 6.1 SP1 x86_64) (WARNING: The server did not provide any stacktrace information)
Command duration or timeout: 4.47 seconds
For documentation on this error, please visit: http://seleniumhq.org/exceptions/invalid_selector_exception.html
Build info: version: '2.53.0', revision: '35ae25b1534ae328c771e0856c93e187490ca824', time: '2016-03-15 10:43:46'
System info: host: 'song-PC', ip: '192.168.12.104', os.name: 'Windows 7', os.arch: 'amd64', os.version: '6.1', java.version: '1.7.0_79'
*** Element info: {Using=xpath, value=/html/body/div[2]/aside[1]/div/section/div[1]/div[2]/p[1]}
Session ID: 9e8cf9ac5ad6451e972e3d570018ed2d
Driver info: org.openqa.selenium.chrome.ChromeDriver
Capabilities [{platform=XP, acceptSslCerts=true, javascriptEnabled=true, browserName=chrome, chrome={userDataDir=C:\Users\ADMINI~1\AppData\Local\Temp\scoped_dir6552_17555}, rotatable=false, locationContextEnabled=true, mobileEmulationEnabled=false, version=49.0.2623.87, takesHeapSnapshot=true, cssSelectorsEnabled=true, databaseEnabled=false, handlesAlerts=true, browserConnectionEnabled=false, webStorageEnabled=true, nativeEvents=true, hasTouchScreen=false, applicationCacheEnabled=false, takesScreenshot=true}]
	at sun.reflect.NativeConstructorAccessorImpl.newInstance0(Native Method)
	at sun.reflect.NativeConstructorAccessorImpl.newInstance(NativeConstructorAccessorImpl.java:57)
	at sun.reflect.DelegatingConstructorAccessorImpl.newInstance(DelegatingConstructorAccessorImpl.java:45)
	at java.lang.reflect.Constructor.newInstance(Constructor.java:526)
	at org.openqa.selenium.remote.ErrorHandler.createThrowable(ErrorHandler.java:206)
	at org.openqa.selenium.remote.ErrorHandler.throwIfResponseFailed(ErrorHandler.java:158)
	at org.openqa.selenium.remote.RemoteWebDriver.execute(RemoteWebDriver.java:678)
	at org.openqa.selenium.remote.RemoteWebDriver.findElement(RemoteWebDriver.java:363)
	at org.openqa.selenium.remote.RemoteWebDriver.findElementByXPath(RemoteWebDriver.java:500)
	at org.openqa.selenium.By$ByXPath.findElement(By.java:361)
	at org.openqa.selenium.remote.RemoteWebDriver.findElement(RemoteWebDriver.java:355)
	at sun.reflect.NativeMethodAccessorImpl.invoke0(Native Method)
	at sun.reflect.NativeMethodAccessorImpl.invoke(NativeMethodAccessorImpl.java:57)
	at sun.reflect.DelegatingMethodAccessorImpl.invoke(DelegatingMethodAccessorImpl.java:43)
	at java.lang.reflect.Method.invoke(Method.java:606)
	at org.openqa.selenium.support.events.EventFiringWebDriver$2.invoke(EventFiringWebDriver.java:103)
	at com.sun.proxy.$Proxy11.findElement(Unknown Source)
	at org.openqa.selenium.support.events.EventFiringWebDriver.findElement(EventFiringWebDriver.java:188)
	at org.openqa.selenium.support.pagefactory.DefaultElementLocator.findElement(DefaultElementLocator.java:69)
	at org.openqa.selenium.support.pagefactory.internal.LocatingElementHandler.invoke(LocatingElementHandler.java:38)
	at com.sun.proxy.$Proxy13.getText(Unknown Source)
	at webtest.core.util.Wait.reFresh(Wait.java:26)
	at cases_ejj.LoginTest.login(LoginTest.java:25)
	at cases_ejj.HomeLinkTest.login(HomeLinkTest.java:39)
	at sun.reflect.NativeMethodAccessorImpl.invoke0(Native Method)
	at sun.reflect.NativeMethodAccessorImpl.invoke(NativeMethodAccessorImpl.java:57)
	at sun.reflect.DelegatingMethodAccessorImpl.invoke(DelegatingMethodAccessorImpl.java:43)
	at java.lang.reflect.Method.invoke(Method.java:606)
	at org.testng.internal.MethodInvocationHelper.invokeMethod(MethodInvocationHelper.java:84)
	at org.testng.internal.Invoker.invokeMethod(Invoker.java:714)
	at org.testng.internal.Invoker.invokeTestMethod(Invoker.java:901)
	at org.testng.internal.Invoker.invokeTestMethods(Invoker.java:1231)
	at org.testng.internal.TestMethodWorker.invokeTestMethods(TestMethodWorker.java:127)
	at org.testng.internal.TestMethodWorker.run(TestMethodWorker.java:111)
	at org.testng.TestRunner.privateRun(TestRunner.java:767)
	at org.testng.TestRunner.run(TestRunner.java:617)
	at org.testng.SuiteRunner.runTest(SuiteRunner.java:334)
	at org.testng.SuiteRunner.runSequentially(SuiteRunner.java:329)
	at org.testng.SuiteRunner.privateRun(SuiteRunner.java:291)
	at org.testng.SuiteRunner.run(SuiteRunner.java:240)
	at org.testng.SuiteRunnerWorker.runSuite(SuiteRunnerWorker.java:52)
	at org.testng.SuiteRunnerWorker.run(SuiteRunnerWorker.java:86)
	at org.testng.TestNG.runSuitesSequentially(TestNG.java:1224)
	at org.testng.TestNG.runSuitesLocally(TestNG.java:1149)
	at org.testng.TestNG.run(TestNG.java:1057)
	at org.testng.IDEARemoteTestNG.run(IDEARemoteTestNG.java:74)
	at org.testng.RemoteTestNGStarter.main(RemoteTestNGStarter.java:121)
	at sun.reflect.NativeMethodAccessorImpl.invoke0(Native Method)
	at sun.reflect.NativeMethodAccessorImpl.invoke(NativeMethodAccessorImpl.java:57)
	at sun.reflect.DelegatingMethodAccessorImpl.invoke(DelegatingMethodAccessorImpl.java:43)
	at java.lang.reflect.Method.invoke(Method.java:606)
	at com.intellij.rt.execution.application.AppMain.main(AppMain.java:144)
[INFO][2016-04-11 13:38:50]WebDriver navigating to:'http://test.boss.1jiajie.com/'
[INFO][2016-04-11 13:38:54]WebDriver navigating to:'http://test.boss.1jiajie.com/'
[INFO][2016-04-11 13:38:59]WebDriver navigating to:'http://test.boss.1jiajie.com/'
[INFO][2016-04-11 13:39:04]/\/\/\/\/\/\---TestCase = HomeLinkTest---/\/\/\/\/\/\
[INFO][2016-04-11 13:39:04]#####################################################
[INFO][2016-04-11 13:49:37]#####################################################
[INFO][2016-04-11 13:49:37]\/\/\/\/\/\/---TestCase = MakeOrder_Test---\/\/\/\/\/\/
[INFO][2016-04-11 13:49:37]/\/\/\/\/\/\---TestCase = MakeOrder_Test---/\/\/\/\/\/\
[INFO][2016-04-11 13:49:37]#####################################################
[INFO][2016-04-11 13:51:52]/\/\/\/\/\/\---TestCase = alltest---/\/\/\/\/\/\
[INFO][2016-04-11 13:51:52]#####################################################
[INFO][2016-04-11 13:52:19]#####################################################
[INFO][2016-04-11 13:52:19]\/\/\/\/\/\/---TestCase = alltest---\/\/\/\/\/\/
[INFO][2016-04-11 13:52:21]WebDriver navigating to:'http://test.boss.1jiajie.com/'
[INFO][2016-04-11 13:53:36]WebDriver changing value in element found By.id: loginform-username from '' to ''
[INFO][2016-04-11 13:53:36]WebDriver changing value in element found By.id: loginform-username from '' to 'admin'
[INFO][2016-04-11 13:53:36]WebDriver changing value in element found By.id: loginform-password from '' to ''
[INFO][2016-04-11 13:53:36]WebDriver changing value in element found By.id: loginform-password from '' to 'Test2016QA'
[INFO][2016-04-11 13:53:44]WebDriver clicking on:'xpath: //*[@id='list']/li[5]/button'
[ERROR][2016-04-11 13:53:51]WebDriver error: Element not found By.xpath: /html/body/div[2]/aside[1]/div/section/div[1]/div[2]/p[1]
[INFO][2016-04-11 13:54:21]/\/\/\/\/\/\---TestCase = alltest---/\/\/\/\/\/\
[INFO][2016-04-11 13:54:21]#####################################################
[INFO][2016-04-11 13:55:00]#####################################################
[INFO][2016-04-11 13:55:00]\/\/\/\/\/\/---TestCase = alltest---\/\/\/\/\/\/
[INFO][2016-04-11 13:55:02]WebDriver navigating to:'http://test.boss.1jiajie.com/'
[INFO][2016-04-11 13:55:12]WebDriver changing value in element found By.id: loginform-username from '' to ''
[INFO][2016-04-11 13:55:12]WebDriver changing value in element found By.id: loginform-username from '' to 'admin'
[INFO][2016-04-11 13:55:12]WebDriver changing value in element found By.id: loginform-password from '' to ''
[INFO][2016-04-11 13:55:12]WebDriver changing value in element found By.id: loginform-password from '' to 'Test2016QA'
[INFO][2016-04-11 13:55:20]WebDriver clicking on:'xpath: //*[@id='list']/li[5]/button'
[ERROR][2016-04-11 13:55:26]WebDriver error:
org.openqa.selenium.InvalidSelectorException: invalid selector: Unable to locate an element with the xpath expression /html/body/div[2]/aside[1]/div/section/div[1]/div[2]/p[1] because of the following error:
TypeError: Failed to execute 'createNSResolver' on 'Document': parameter 1 is not of type 'Node'.
  (Session info: chrome=49.0.2623.87)
  (Driver info: chromedriver=2.16.333243 (0bfa1d3575fc1044244f21ddb82bf870944ef961),platform=Windows NT 6.1 SP1 x86_64) (WARNING: The server did not provide any stacktrace information)
Command duration or timeout: 5.27 seconds
For documentation on this error, please visit: http://seleniumhq.org/exceptions/invalid_selector_exception.html
Build info: version: '2.53.0', revision: '35ae25b1534ae328c771e0856c93e187490ca824', time: '2016-03-15 10:43:46'
System info: host: 'song-PC', ip: '192.168.12.104', os.name: 'Windows 7', os.arch: 'amd64', os.version: '6.1', java.version: '1.7.0_79'
*** Element info: {Using=xpath, value=/html/body/div[2]/aside[1]/div/section/div[1]/div[2]/p[1]}
Session ID: 77661b8bcb4df2492a894ed1acd890d1
Driver info: org.openqa.selenium.chrome.ChromeDriver
Capabilities [{platform=XP, acceptSslCerts=true, javascriptEnabled=true, browserName=chrome, chrome={userDataDir=C:\Users\ADMINI~1\AppData\Local\Temp\scoped_dir6840_45}, rotatable=false, locationContextEnabled=true, mobileEmulationEnabled=false, version=49.0.2623.87, takesHeapSnapshot=true, cssSelectorsEnabled=true, databaseEnabled=false, handlesAlerts=true, browserConnectionEnabled=false, webStorageEnabled=true, nativeEvents=true, hasTouchScreen=false, applicationCacheEnabled=false, takesScreenshot=true}]
	at sun.reflect.NativeConstructorAccessorImpl.newInstance0(Native Method)
	at sun.reflect.NativeConstructorAccessorImpl.newInstance(NativeConstructorAccessorImpl.java:57)
	at sun.reflect.DelegatingConstructorAccessorImpl.newInstance(DelegatingConstructorAccessorImpl.java:45)
	at java.lang.reflect.Constructor.newInstance(Constructor.java:526)
	at org.openqa.selenium.remote.ErrorHandler.createThrowable(ErrorHandler.java:206)
	at org.openqa.selenium.remote.ErrorHandler.throwIfResponseFailed(ErrorHandler.java:158)
	at org.openqa.selenium.remote.RemoteWebDriver.execute(RemoteWebDriver.java:678)
	at org.openqa.selenium.remote.RemoteWebDriver.findElement(RemoteWebDriver.java:363)
	at org.openqa.selenium.remote.RemoteWebDriver.findElementByXPath(RemoteWebDriver.java:500)
	at org.openqa.selenium.By$ByXPath.findElement(By.java:361)
	at org.openqa.selenium.remote.RemoteWebDriver.findElement(RemoteWebDriver.java:355)
	at sun.reflect.NativeMethodAccessorImpl.invoke0(Native Method)
	at sun.reflect.NativeMethodAccessorImpl.invoke(NativeMethodAccessorImpl.java:57)
	at sun.reflect.DelegatingMethodAccessorImpl.invoke(DelegatingMethodAccessorImpl.java:43)
	at java.lang.reflect.Method.invoke(Method.java:606)
	at org.openqa.selenium.support.events.EventFiringWebDriver$2.invoke(EventFiringWebDriver.java:103)
	at com.sun.proxy.$Proxy11.findElement(Unknown Source)
	at org.openqa.selenium.support.events.EventFiringWebDriver.findElement(EventFiringWebDriver.java:188)
	at org.openqa.selenium.support.pagefactory.DefaultElementLocator.findElement(DefaultElementLocator.java:69)
	at org.openqa.selenium.support.pagefactory.internal.LocatingElementHandler.invoke(LocatingElementHandler.java:38)
	at com.sun.proxy.$Proxy13.getText(Unknown Source)
	at webtest.core.util.Wait.reFresh(Wait.java:26)
	at cases_ejj.alltest.testaa(alltest.java:25)
	at sun.reflect.NativeMethodAccessorImpl.invoke0(Native Method)
	at sun.reflect.NativeMethodAccessorImpl.invoke(NativeMethodAccessorImpl.java:57)
	at sun.reflect.DelegatingMethodAccessorImpl.invoke(DelegatingMethodAccessorImpl.java:43)
	at java.lang.reflect.Method.invoke(Method.java:606)
	at org.testng.internal.MethodInvocationHelper.invokeMethod(MethodInvocationHelper.java:84)
	at org.testng.internal.Invoker.invokeMethod(Invoker.java:714)
	at org.testng.internal.Invoker.invokeTestMethod(Invoker.java:901)
	at org.testng.internal.Invoker.invokeTestMethods(Invoker.java:1231)
	at org.testng.internal.TestMethodWorker.invokeTestMethods(TestMethodWorker.java:127)
	at org.testng.internal.TestMethodWorker.run(TestMethodWorker.java:111)
	at org.testng.TestRunner.privateRun(TestRunner.java:767)
	at org.testng.TestRunner.run(TestRunner.java:617)
	at org.testng.SuiteRunner.runTest(SuiteRunner.java:334)
	at org.testng.SuiteRunner.runSequentially(SuiteRunner.java:329)
	at org.testng.SuiteRunner.privateRun(SuiteRunner.java:291)
	at org.testng.SuiteRunner.run(SuiteRunner.java:240)
	at org.testng.SuiteRunnerWorker.runSuite(SuiteRunnerWorker.java:52)
	at org.testng.SuiteRunnerWorker.run(SuiteRunnerWorker.java:86)
	at org.testng.TestNG.runSuitesSequentially(TestNG.java:1224)
	at org.testng.TestNG.runSuitesLocally(TestNG.java:1149)
	at org.testng.TestNG.run(TestNG.java:1057)
	at org.testng.IDEARemoteTestNG.run(IDEARemoteTestNG.java:74)
	at org.testng.RemoteTestNGStarter.main(RemoteTestNGStarter.java:121)
	at sun.reflect.NativeMethodAccessorImpl.invoke0(Native Method)
	at sun.reflect.NativeMethodAccessorImpl.invoke(NativeMethodAccessorImpl.java:57)
	at sun.reflect.DelegatingMethodAccessorImpl.invoke(DelegatingMethodAccessorImpl.java:43)
	at java.lang.reflect.Method.invoke(Method.java:606)
	at com.intellij.rt.execution.application.AppMain.main(AppMain.java:144)
[INFO][2016-04-11 13:55:54]/\/\/\/\/\/\---TestCase = alltest---/\/\/\/\/\/\
[INFO][2016-04-11 13:55:54]#####################################################
[INFO][2016-04-11 13:56:32]#####################################################
[INFO][2016-04-11 13:56:32]\/\/\/\/\/\/---TestCase = alltest---\/\/\/\/\/\/
[INFO][2016-04-11 13:56:34]WebDriver navigating to:'http://test.boss.1jiajie.com/'
[INFO][2016-04-11 13:56:47]WebDriver changing value in element found By.id: loginform-username from '' to ''
[INFO][2016-04-11 13:56:47]WebDriver changing value in element found By.id: loginform-username from '' to 'admin'
[INFO][2016-04-11 13:56:47]WebDriver changing value in element found By.id: loginform-password from '' to ''
[INFO][2016-04-11 13:56:47]WebDriver changing value in element found By.id: loginform-password from '' to 'Test2016QA'
[INFO][2016-04-11 13:56:55]WebDriver clicking on:'xpath: //*[@id='list']/li[5]/button'
[ERROR][2016-04-11 13:56:59]WebDriver error:
org.openqa.selenium.InvalidSelectorException: invalid selector: Unable to locate an element with the xpath expression /html/body/div[2]/aside[1]/div/section/div[1]/div[2]/p[1] because of the following error:
TypeError: Failed to execute 'createNSResolver' on 'Document': parameter 1 is not of type 'Node'.
  (Session info: chrome=49.0.2623.87)
  (Driver info: chromedriver=2.16.333243 (0bfa1d3575fc1044244f21ddb82bf870944ef961),platform=Windows NT 6.1 SP1 x86_64) (WARNING: The server did not provide any stacktrace information)
Command duration or timeout: 2.99 seconds
For documentation on this error, please visit: http://seleniumhq.org/exceptions/invalid_selector_exception.html
Build info: version: '2.53.0', revision: '35ae25b1534ae328c771e0856c93e187490ca824', time: '2016-03-15 10:43:46'
System info: host: 'song-PC', ip: '192.168.12.104', os.name: 'Windows 7', os.arch: 'amd64', os.version: '6.1', java.version: '1.7.0_79'
*** Element info: {Using=xpath, value=/html/body/div[2]/aside[1]/div/section/div[1]/div[2]/p[1]}
Session ID: 31afdb796593fa0a156e6835ab3d8090
Driver info: org.openqa.selenium.chrome.ChromeDriver
Capabilities [{platform=XP, acceptSslCerts=true, javascriptEnabled=true, browserName=chrome, chrome={userDataDir=C:\Users\ADMINI~1\AppData\Local\Temp\scoped_dir8016_14293}, rotatable=false, locationContextEnabled=true, mobileEmulationEnabled=false, version=49.0.2623.87, takesHeapSnapshot=true, cssSelectorsEnabled=true, databaseEnabled=false, handlesAlerts=true, browserConnectionEnabled=false, webStorageEnabled=true, nativeEvents=true, hasTouchScreen=false, applicationCacheEnabled=false, takesScreenshot=true}]
	at sun.reflect.NativeConstructorAccessorImpl.newInstance0(Native Method)
	at sun.reflect.NativeConstructorAccessorImpl.newInstance(NativeConstructorAccessorImpl.java:57)
	at sun.reflect.DelegatingConstructorAccessorImpl.newInstance(DelegatingConstructorAccessorImpl.java:45)
	at java.lang.reflect.Constructor.newInstance(Constructor.java:526)
	at org.openqa.selenium.remote.ErrorHandler.createThrowable(ErrorHandler.java:206)
	at org.openqa.selenium.remote.ErrorHandler.throwIfResponseFailed(ErrorHandler.java:158)
	at org.openqa.selenium.remote.RemoteWebDriver.execute(RemoteWebDriver.java:678)
	at org.openqa.selenium.remote.RemoteWebDriver.findElement(RemoteWebDriver.java:363)
	at org.openqa.selenium.remote.RemoteWebDriver.findElementByXPath(RemoteWebDriver.java:500)
	at org.openqa.selenium.By$ByXPath.findElement(By.java:361)
	at org.openqa.selenium.remote.RemoteWebDriver.findElement(RemoteWebDriver.java:355)
	at sun.reflect.NativeMethodAccessorImpl.invoke0(Native Method)
	at sun.reflect.NativeMethodAccessorImpl.invoke(NativeMethodAccessorImpl.java:57)
	at sun.reflect.DelegatingMethodAccessorImpl.invoke(DelegatingMethodAccessorImpl.java:43)
	at java.lang.reflect.Method.invoke(Method.java:606)
	at org.openqa.selenium.support.events.EventFiringWebDriver$2.invoke(EventFiringWebDriver.java:103)
	at com.sun.proxy.$Proxy11.findElement(Unknown Source)
	at org.openqa.selenium.support.events.EventFiringWebDriver.findElement(EventFiringWebDriver.java:188)
	at org.openqa.selenium.support.pagefactory.DefaultElementLocator.findElement(DefaultElementLocator.java:69)
	at org.openqa.selenium.support.pagefactory.internal.LocatingElementHandler.invoke(LocatingElementHandler.java:38)
	at com.sun.proxy.$Proxy13.getText(Unknown Source)
	at webtest.core.util.Wait.reFresh(Wait.java:26)
	at cases_ejj.alltest.testaa(alltest.java:25)
	at sun.reflect.NativeMethodAccessorImpl.invoke0(Native Method)
	at sun.reflect.NativeMethodAccessorImpl.invoke(NativeMethodAccessorImpl.java:57)
	at sun.reflect.DelegatingMethodAccessorImpl.invoke(DelegatingMethodAccessorImpl.java:43)
	at java.lang.reflect.Method.invoke(Method.java:606)
	at org.testng.internal.MethodInvocationHelper.invokeMethod(MethodInvocationHelper.java:84)
	at org.testng.internal.Invoker.invokeMethod(Invoker.java:714)
	at org.testng.internal.Invoker.invokeTestMethod(Invoker.java:901)
	at org.testng.internal.Invoker.invokeTestMethods(Invoker.java:1231)
	at org.testng.internal.TestMethodWorker.invokeTestMethods(TestMethodWorker.java:127)
	at org.testng.internal.TestMethodWorker.run(TestMethodWorker.java:111)
	at org.testng.TestRunner.privateRun(TestRunner.java:767)
	at org.testng.TestRunner.run(TestRunner.java:617)
	at org.testng.SuiteRunner.runTest(SuiteRunner.java:334)
	at org.testng.SuiteRunner.runSequentially(SuiteRunner.java:329)
	at org.testng.SuiteRunner.privateRun(SuiteRunner.java:291)
	at org.testng.SuiteRunner.run(SuiteRunner.java:240)
	at org.testng.SuiteRunnerWorker.runSuite(SuiteRunnerWorker.java:52)
	at org.testng.SuiteRunnerWorker.run(SuiteRunnerWorker.java:86)
	at org.testng.TestNG.runSuitesSequentially(TestNG.java:1224)
	at org.testng.TestNG.runSuitesLocally(TestNG.java:1149)
	at org.testng.TestNG.run(TestNG.java:1057)
	at org.testng.IDEARemoteTestNG.run(IDEARemoteTestNG.java:74)
	at org.testng.RemoteTestNGStarter.main(RemoteTestNGStarter.java:121)
	at sun.reflect.NativeMethodAccessorImpl.invoke0(Native Method)
	at sun.reflect.NativeMethodAccessorImpl.invoke(NativeMethodAccessorImpl.java:57)
	at sun.reflect.DelegatingMethodAccessorImpl.invoke(DelegatingMethodAccessorImpl.java:43)
	at java.lang.reflect.Method.invoke(Method.java:606)
	at com.intellij.rt.execution.application.AppMain.main(AppMain.java:144)
[INFO][2016-04-11 13:57:04]/\/\/\/\/\/\---TestCase = alltest---/\/\/\/\/\/\
[INFO][2016-04-11 13:57:04]#####################################################
[INFO][2016-04-11 13:58:45]#####################################################
[INFO][2016-04-11 13:58:45]\/\/\/\/\/\/---TestCase = alltest---\/\/\/\/\/\/
[INFO][2016-04-11 13:58:47]WebDriver navigating to:'http://test.boss.1jiajie.com/'
[INFO][2016-04-11 13:58:55]WebDriver changing value in element found By.id: loginform-username from '' to ''
[INFO][2016-04-11 13:58:55]WebDriver changing value in element found By.id: loginform-username from '' to 'admin'
[INFO][2016-04-11 13:58:55]WebDriver changing value in element found By.id: loginform-password from '' to ''
[INFO][2016-04-11 13:58:55]WebDriver changing value in element found By.id: loginform-password from '' to 'Test2016QA'
[INFO][2016-04-11 13:59:03]WebDriver clicking on:'xpath: //*[@id='list']/li[5]/button'
[ERROR][2016-04-11 13:59:06]WebDriver error:
org.openqa.selenium.InvalidSelectorException: invalid selector: Unable to locate an element with the xpath expression /html/body/div[2]/aside[1]/div/section/div[1]/div[2]/p[1] because of the following error:
TypeError: Failed to execute 'createNSResolver' on 'Document': parameter 1 is not of type 'Node'.
  (Session info: chrome=49.0.2623.87)
  (Driver info: chromedriver=2.16.333243 (0bfa1d3575fc1044244f21ddb82bf870944ef961),platform=Windows NT 6.1 SP1 x86_64) (WARNING: The server did not provide any stacktrace information)
Command duration or timeout: 2.44 seconds
For documentation on this error, please visit: http://seleniumhq.org/exceptions/invalid_selector_exception.html
Build info: version: '2.53.0', revision: '35ae25b1534ae328c771e0856c93e187490ca824', time: '2016-03-15 10:43:46'
System info: host: 'song-PC', ip: '192.168.12.104', os.name: 'Windows 7', os.arch: 'amd64', os.version: '6.1', java.version: '1.7.0_79'
*** Element info: {Using=xpath, value=/html/body/div[2]/aside[1]/div/section/div[1]/div[2]/p[1]}
Session ID: 16ff5f9cedb577d6f29494e8dc2897d3
Driver info: org.openqa.selenium.chrome.ChromeDriver
Capabilities [{platform=XP, acceptSslCerts=true, javascriptEnabled=true, browserName=chrome, chrome={userDataDir=C:\Users\ADMINI~1\AppData\Local\Temp\scoped_dir6904_22529}, rotatable=false, locationContextEnabled=true, mobileEmulationEnabled=false, version=49.0.2623.87, takesHeapSnapshot=true, cssSelectorsEnabled=true, databaseEnabled=false, handlesAlerts=true, browserConnectionEnabled=false, webStorageEnabled=true, nativeEvents=true, hasTouchScreen=false, applicationCacheEnabled=false, takesScreenshot=true}]
	at sun.reflect.NativeConstructorAccessorImpl.newInstance0(Native Method)
	at sun.reflect.NativeConstructorAccessorImpl.newInstance(NativeConstructorAccessorImpl.java:57)
	at sun.reflect.DelegatingConstructorAccessorImpl.newInstance(DelegatingConstructorAccessorImpl.java:45)
	at java.lang.reflect.Constructor.newInstance(Constructor.java:526)
	at org.openqa.selenium.remote.ErrorHandler.createThrowable(ErrorHandler.java:206)
	at org.openqa.selenium.remote.ErrorHandler.throwIfResponseFailed(ErrorHandler.java:158)
	at org.openqa.selenium.remote.RemoteWebDriver.execute(RemoteWebDriver.java:678)
	at org.openqa.selenium.remote.RemoteWebDriver.findElement(RemoteWebDriver.java:363)
	at org.openqa.selenium.remote.RemoteWebDriver.findElementByXPath(RemoteWebDriver.java:500)
	at org.openqa.selenium.By$ByXPath.findElement(By.java:361)
	at org.openqa.selenium.remote.RemoteWebDriver.findElement(RemoteWebDriver.java:355)
	at sun.reflect.NativeMethodAccessorImpl.invoke0(Native Method)
	at sun.reflect.NativeMethodAccessorImpl.invoke(NativeMethodAccessorImpl.java:57)
	at sun.reflect.DelegatingMethodAccessorImpl.invoke(DelegatingMethodAccessorImpl.java:43)
	at java.lang.reflect.Method.invoke(Method.java:606)
	at org.openqa.selenium.support.events.EventFiringWebDriver$2.invoke(EventFiringWebDriver.java:103)
	at com.sun.proxy.$Proxy11.findElement(Unknown Source)
	at org.openqa.selenium.support.events.EventFiringWebDriver.findElement(EventFiringWebDriver.java:188)
	at org.openqa.selenium.support.pagefactory.DefaultElementLocator.findElement(DefaultElementLocator.java:69)
	at org.openqa.selenium.support.pagefactory.internal.LocatingElementHandler.invoke(LocatingElementHandler.java:38)
	at com.sun.proxy.$Proxy13.getText(Unknown Source)
	at webtest.core.util.Wait.reFresh(Wait.java:26)
	at cases_ejj.alltest.testaa(alltest.java:30)
	at sun.reflect.NativeMethodAccessorImpl.invoke0(Native Method)
	at sun.reflect.NativeMethodAccessorImpl.invoke(NativeMethodAccessorImpl.java:57)
	at sun.reflect.DelegatingMethodAccessorImpl.invoke(DelegatingMethodAccessorImpl.java:43)
	at java.lang.reflect.Method.invoke(Method.java:606)
	at org.testng.internal.MethodInvocationHelper.invokeMethod(MethodInvocationHelper.java:84)
	at org.testng.internal.Invoker.invokeMethod(Invoker.java:714)
	at org.testng.internal.Invoker.invokeTestMethod(Invoker.java:901)
	at org.testng.internal.Invoker.invokeTestMethods(Invoker.java:1231)
	at org.testng.internal.TestMethodWorker.invokeTestMethods(TestMethodWorker.java:127)
	at org.testng.internal.TestMethodWorker.run(TestMethodWorker.java:111)
	at org.testng.TestRunner.privateRun(TestRunner.java:767)
	at org.testng.TestRunner.run(TestRunner.java:617)
	at org.testng.SuiteRunner.runTest(SuiteRunner.java:334)
	at org.testng.SuiteRunner.runSequentially(SuiteRunner.java:329)
	at org.testng.SuiteRunner.privateRun(SuiteRunner.java:291)
	at org.testng.SuiteRunner.run(SuiteRunner.java:240)
	at org.testng.SuiteRunnerWorker.runSuite(SuiteRunnerWorker.java:52)
	at org.testng.SuiteRunnerWorker.run(SuiteRunnerWorker.java:86)
	at org.testng.TestNG.runSuitesSequentially(TestNG.java:1224)
	at org.testng.TestNG.runSuitesLocally(TestNG.java:1149)
	at org.testng.TestNG.run(TestNG.java:1057)
	at org.testng.IDEARemoteTestNG.run(IDEARemoteTestNG.java:74)
	at org.testng.RemoteTestNGStarter.main(RemoteTestNGStarter.java:121)
	at sun.reflect.NativeMethodAccessorImpl.invoke0(Native Method)
	at sun.reflect.NativeMethodAccessorImpl.invoke(NativeMethodAccessorImpl.java:57)
	at sun.reflect.DelegatingMethodAccessorImpl.invoke(DelegatingMethodAccessorImpl.java:43)
	at java.lang.reflect.Method.invoke(Method.java:606)
	at com.intellij.rt.execution.application.AppMain.main(AppMain.java:144)
[INFO][2016-04-11 13:59:11]/\/\/\/\/\/\---TestCase = alltest---/\/\/\/\/\/\
[INFO][2016-04-11 13:59:11]#####################################################
[INFO][2016-04-11 14:03:14]#####################################################
[INFO][2016-04-11 14:03:14]\/\/\/\/\/\/---TestCase = MakeOrder_Test---\/\/\/\/\/\/
[INFO][2016-04-11 14:03:16]WebDriver navigating to:'http://test.boss.1jiajie.com/'
[INFO][2016-04-11 14:03:24]WebDriver changing value in element found By.id: loginform-username from '' to ''
[INFO][2016-04-11 14:03:24]WebDriver changing value in element found By.id: loginform-username from '' to 'admin'
[INFO][2016-04-11 14:03:24]WebDriver changing value in element found By.id: loginform-password from '' to ''
[INFO][2016-04-11 14:03:25]WebDriver changing value in element found By.id: loginform-password from '' to 'Test2016QA'
[INFO][2016-04-11 14:03:33]WebDriver clicking on:'xpath: //*[@id='list']/li[5]/button'
[ERROR][2016-04-11 14:03:35]WebDriver error:
org.openqa.selenium.InvalidSelectorException: invalid selector: Unable to locate an element with the xpath expression /html/body/div[2]/aside[1]/div/section/div[1]/div[2]/p[1] because of the following error:
TypeError: Failed to execute 'createNSResolver' on 'Document': parameter 1 is not of type 'Node'.
  (Session info: chrome=49.0.2623.87)
  (Driver info: chromedriver=2.16.333243 (0bfa1d3575fc1044244f21ddb82bf870944ef961),platform=Windows NT 6.1 SP1 x86_64) (WARNING: The server did not provide any stacktrace information)
Command duration or timeout: 2.60 seconds
For documentation on this error, please visit: http://seleniumhq.org/exceptions/invalid_selector_exception.html
Build info: version: '2.53.0', revision: '35ae25b1534ae328c771e0856c93e187490ca824', time: '2016-03-15 10:43:46'
System info: host: 'song-PC', ip: '192.168.12.104', os.name: 'Windows 7', os.arch: 'amd64', os.version: '6.1', java.version: '1.7.0_79'
*** Element info: {Using=xpath, value=/html/body/div[2]/aside[1]/div/section/div[1]/div[2]/p[1]}
Session ID: 5a4fd40d0adecff91690f5a3b080ee95
Driver info: org.openqa.selenium.chrome.ChromeDriver
Capabilities [{platform=XP, acceptSslCerts=true, javascriptEnabled=true, browserName=chrome, chrome={userDataDir=C:\Users\ADMINI~1\AppData\Local\Temp\scoped_dir7992_27105}, rotatable=false, locationContextEnabled=true, mobileEmulationEnabled=false, version=49.0.2623.87, takesHeapSnapshot=true, cssSelectorsEnabled=true, databaseEnabled=false, handlesAlerts=true, browserConnectionEnabled=false, webStorageEnabled=true, nativeEvents=true, hasTouchScreen=false, applicationCacheEnabled=false, takesScreenshot=true}]
	at sun.reflect.NativeConstructorAccessorImpl.newInstance0(Native Method)
	at sun.reflect.NativeConstructorAccessorImpl.newInstance(NativeConstructorAccessorImpl.java:57)
	at sun.reflect.DelegatingConstructorAccessorImpl.newInstance(DelegatingConstructorAccessorImpl.java:45)
	at java.lang.reflect.Constructor.newInstance(Constructor.java:526)
	at org.openqa.selenium.remote.ErrorHandler.createThrowable(ErrorHandler.java:206)
	at org.openqa.selenium.remote.ErrorHandler.throwIfResponseFailed(ErrorHandler.java:158)
	at org.openqa.selenium.remote.RemoteWebDriver.execute(RemoteWebDriver.java:678)
	at org.openqa.selenium.remote.RemoteWebDriver.findElement(RemoteWebDriver.java:363)
	at org.openqa.selenium.remote.RemoteWebDriver.findElementByXPath(RemoteWebDriver.java:500)
	at org.openqa.selenium.By$ByXPath.findElement(By.java:361)
	at org.openqa.selenium.remote.RemoteWebDriver.findElement(RemoteWebDriver.java:355)
	at sun.reflect.NativeMethodAccessorImpl.invoke0(Native Method)
	at sun.reflect.NativeMethodAccessorImpl.invoke(NativeMethodAccessorImpl.java:57)
	at sun.reflect.DelegatingMethodAccessorImpl.invoke(DelegatingMethodAccessorImpl.java:43)
	at java.lang.reflect.Method.invoke(Method.java:606)
	at org.openqa.selenium.support.events.EventFiringWebDriver$2.invoke(EventFiringWebDriver.java:103)
	at com.sun.proxy.$Proxy11.findElement(Unknown Source)
	at org.openqa.selenium.support.events.EventFiringWebDriver.findElement(EventFiringWebDriver.java:188)
	at org.openqa.selenium.support.pagefactory.DefaultElementLocator.findElement(DefaultElementLocator.java:69)
	at org.openqa.selenium.support.pagefactory.internal.LocatingElementHandler.invoke(LocatingElementHandler.java:38)
	at com.sun.proxy.$Proxy13.getText(Unknown Source)
	at webtest.core.util.Wait.reFresh(Wait.java:26)
	at cases_ejj.MakeOrder_Test.beforeMethod(MakeOrder_Test.java:31)
	at sun.reflect.NativeMethodAccessorImpl.invoke0(Native Method)
	at sun.reflect.NativeMethodAccessorImpl.invoke(NativeMethodAccessorImpl.java:57)
	at sun.reflect.DelegatingMethodAccessorImpl.invoke(DelegatingMethodAccessorImpl.java:43)
	at java.lang.reflect.Method.invoke(Method.java:606)
	at org.testng.internal.MethodInvocationHelper.invokeMethod(MethodInvocationHelper.java:84)
	at org.testng.internal.Invoker.invokeMethod(Invoker.java:714)
	at org.testng.internal.Invoker.invokeTestMethod(Invoker.java:901)
	at org.testng.internal.Invoker.invokeTestMethods(Invoker.java:1231)
	at org.testng.internal.TestMethodWorker.invokeTestMethods(TestMethodWorker.java:127)
	at org.testng.internal.TestMethodWorker.run(TestMethodWorker.java:111)
	at org.testng.TestRunner.privateRun(TestRunner.java:767)
	at org.testng.TestRunner.run(TestRunner.java:617)
	at org.testng.SuiteRunner.runTest(SuiteRunner.java:334)
	at org.testng.SuiteRunner.runSequentially(SuiteRunner.java:329)
	at org.testng.SuiteRunner.privateRun(SuiteRunner.java:291)
	at org.testng.SuiteRunner.run(SuiteRunner.java:240)
	at org.testng.SuiteRunnerWorker.runSuite(SuiteRunnerWorker.java:52)
	at org.testng.SuiteRunnerWorker.run(SuiteRunnerWorker.java:86)
	at org.testng.TestNG.runSuitesSequentially(TestNG.java:1224)
	at org.testng.TestNG.runSuitesLocally(TestNG.java:1149)
	at org.testng.TestNG.run(TestNG.java:1057)
	at org.testng.IDEARemoteTestNG.run(IDEARemoteTestNG.java:74)
	at org.testng.RemoteTestNGStarter.main(RemoteTestNGStarter.java:121)
	at sun.reflect.NativeMethodAccessorImpl.invoke0(Native Method)
	at sun.reflect.NativeMethodAccessorImpl.invoke(NativeMethodAccessorImpl.java:57)
	at sun.reflect.DelegatingMethodAccessorImpl.invoke(DelegatingMethodAccessorImpl.java:43)
	at java.lang.reflect.Method.invoke(Method.java:606)
	at com.intellij.rt.execution.application.AppMain.main(AppMain.java:144)
[INFO][2016-04-11 14:04:04]/\/\/\/\/\/\---TestCase = MakeOrder_Test---/\/\/\/\/\/\
[INFO][2016-04-11 14:04:04]#####################################################
[INFO][2016-04-11 14:07:06]#####################################################
[INFO][2016-04-11 14:07:06]\/\/\/\/\/\/---TestCase = MakeOrder_Test---\/\/\/\/\/\/
[INFO][2016-04-11 14:07:08]WebDriver navigating to:'http://test.boss.1jiajie.com/'
[INFO][2016-04-11 14:07:17]WebDriver changing value in element found By.id: loginform-username from '' to ''
[INFO][2016-04-11 14:07:17]WebDriver changing value in element found By.id: loginform-username from '' to 'admin'
[INFO][2016-04-11 14:07:18]WebDriver changing value in element found By.id: loginform-password from '' to ''
[INFO][2016-04-11 14:07:18]WebDriver changing value in element found By.id: loginform-password from '' to 'Test2016QA'
[INFO][2016-04-11 14:07:26]WebDriver clicking on:'xpath: //*[@id='list']/li[5]/button'
[ERROR][2016-04-11 14:07:29]WebDriver error: Element not found By.xpath: /html/body/div[2]/aside[1]/div/section/div[1]/div[2]/p[1]
[INFO][2016-04-11 14:07:35]/\/\/\/\/\/\---TestCase = MakeOrder_Test---/\/\/\/\/\/\
[INFO][2016-04-11 14:07:35]#####################################################
[INFO][2016-04-11 14:08:33]#####################################################
[INFO][2016-04-11 14:08:33]\/\/\/\/\/\/---TestCase = MakeOrder_Test---\/\/\/\/\/\/
[INFO][2016-04-11 14:08:35]WebDriver navigating to:'http://test.boss.1jiajie.com/'
[INFO][2016-04-11 14:08:46]WebDriver changing value in element found By.id: loginform-username from '' to ''
[INFO][2016-04-11 14:08:46]WebDriver changing value in element found By.id: loginform-username from '' to 'admin'
[INFO][2016-04-11 14:08:46]WebDriver changing value in element found By.id: loginform-password from '' to ''
[INFO][2016-04-11 14:08:46]WebDriver changing value in element found By.id: loginform-password from '' to 'Test2016QA'
[INFO][2016-04-11 14:08:55]WebDriver clicking on:'xpath: //*[@id='list']/li[5]/button'
[INFO][2016-04-11 14:09:01]/\/\/\/\/\/\---TestCase = MakeOrder_Test---/\/\/\/\/\/\
[INFO][2016-04-11 14:09:01]#####################################################
[INFO][2016-04-11 14:13:15]#####################################################
[INFO][2016-04-11 14:13:15]\/\/\/\/\/\/---TestCase = MakeOrder_Test---\/\/\/\/\/\/
[INFO][2016-04-11 14:13:17]WebDriver navigating to:'http://test.boss.1jiajie.com/'
[INFO][2016-04-11 14:13:25]WebDriver changing value in element found By.id: loginform-username from '' to ''
[INFO][2016-04-11 14:13:25]WebDriver changing value in element found By.id: loginform-username from '' to 'admin'
[INFO][2016-04-11 14:13:25]WebDriver changing value in element found By.id: loginform-password from '' to ''
[INFO][2016-04-11 14:13:25]WebDriver changing value in element found By.id: loginform-password from '' to 'Test2016QA'
[INFO][2016-04-11 14:13:33]WebDriver clicking on:'xpath: //*[@id='list']/li[5]/button'
[INFO][2016-04-11 14:13:40]/\/\/\/\/\/\---TestCase = MakeOrder_Test---/\/\/\/\/\/\
[INFO][2016-04-11 14:13:40]#####################################################
[INFO][2016-04-11 14:22:56]#####################################################
[INFO][2016-04-11 14:22:56]\/\/\/\/\/\/---TestCase = MakeOrder_Test---\/\/\/\/\/\/
[INFO][2016-04-11 14:22:57]/\/\/\/\/\/\---TestCase = MakeOrder_Test---/\/\/\/\/\/\
[INFO][2016-04-11 14:22:57]#####################################################
[INFO][2016-04-11 14:25:53]#####################################################
[INFO][2016-04-11 14:25:53]\/\/\/\/\/\/---TestCase = MakeOrder_Test---\/\/\/\/\/\/
[INFO][2016-04-11 14:25:54]/\/\/\/\/\/\---TestCase = MakeOrder_Test---/\/\/\/\/\/\
[INFO][2016-04-11 14:25:54]#####################################################
[INFO][2016-04-11 14:26:07]#####################################################
[INFO][2016-04-11 14:26:07]\/\/\/\/\/\/---TestCase = MakeOrder_Test---\/\/\/\/\/\/
[INFO][2016-04-11 14:26:07]/\/\/\/\/\/\---TestCase = MakeOrder_Test---/\/\/\/\/\/\
[INFO][2016-04-11 14:26:07]#####################################################
[INFO][2016-04-11 14:28:25]#####################################################
[INFO][2016-04-11 14:28:25]\/\/\/\/\/\/---TestCase = MakeOrder_Test---\/\/\/\/\/\/
[INFO][2016-04-11 14:28:25]/\/\/\/\/\/\---TestCase = MakeOrder_Test---/\/\/\/\/\/\
[INFO][2016-04-11 14:28:25]#####################################################
[INFO][2016-04-11 14:48:40]/\/\/\/\/\/\---TestCase = MakeOrder_Test---/\/\/\/\/\/\
[INFO][2016-04-11 14:48:40]#####################################################
[INFO][2016-04-11 14:50:04]/\/\/\/\/\/\---TestCase = MakeOrder_Test---/\/\/\/\/\/\
[INFO][2016-04-11 14:50:04]#####################################################
[INFO][2016-04-11 14:50:34]#####################################################
[INFO][2016-04-11 14:50:34]\/\/\/\/\/\/---TestCase = MakeOrder_Test---\/\/\/\/\/\/
[INFO][2016-04-11 14:50:34]/\/\/\/\/\/\---TestCase = MakeOrder_Test---/\/\/\/\/\/\
[INFO][2016-04-11 14:50:34]#####################################################
[INFO][2016-04-11 14:56:38]#####################################################
[INFO][2016-04-11 14:56:38]\/\/\/\/\/\/---TestCase = MakeOrder_Test---\/\/\/\/\/\/
[INFO][2016-04-11 14:56:39]/\/\/\/\/\/\---TestCase = MakeOrder_Test---/\/\/\/\/\/\
[INFO][2016-04-11 14:56:39]#####################################################
[INFO][2016-04-11 14:57:54]/\/\/\/\/\/\---TestCase = alltest---/\/\/\/\/\/\
[INFO][2016-04-11 14:57:54]#####################################################
[INFO][2016-04-11 14:57:59]/\/\/\/\/\/\---TestCase = alltest---/\/\/\/\/\/\
[INFO][2016-04-11 14:57:59]#####################################################
[INFO][2016-04-11 14:59:01]/\/\/\/\/\/\---TestCase = alltest---/\/\/\/\/\/\
[INFO][2016-04-11 14:59:01]#####################################################
[INFO][2016-04-11 14:59:14]#####################################################
[INFO][2016-04-11 14:59:14]\/\/\/\/\/\/---TestCase = alltest---\/\/\/\/\/\/
[ERROR][2016-04-11 14:59:21]WebDriver error: Element not found By.id: loginform-username
[INFO][2016-04-11 14:59:22]/\/\/\/\/\/\---TestCase = alltest---/\/\/\/\/\/\
[INFO][2016-04-11 14:59:22]#####################################################
[INFO][2016-04-11 15:00:56]/\/\/\/\/\/\---TestCase = LoginTest---/\/\/\/\/\/\
[INFO][2016-04-11 15:00:56]#####################################################
[INFO][2016-04-11 15:01:15]#####################################################
[INFO][2016-04-11 15:01:15]\/\/\/\/\/\/---TestCase = alltest---\/\/\/\/\/\/
[ERROR][2016-04-11 15:01:20]WebDriver error: Element not found By.id: loginform-username
[INFO][2016-04-11 15:01:21]/\/\/\/\/\/\---TestCase = alltest---/\/\/\/\/\/\
[INFO][2016-04-11 15:01:21]#####################################################
[INFO][2016-04-11 15:01:45]#####################################################
[INFO][2016-04-11 15:01:45]\/\/\/\/\/\/---TestCase = alltest---\/\/\/\/\/\/
[INFO][2016-04-11 15:01:47]WebDriver navigating to:'http://test.boss.1jiajie.com/'
[INFO][2016-04-11 15:02:04]WebDriver changing value in element found By.id: loginform-username from '' to ''
[INFO][2016-04-11 15:02:04]WebDriver changing value in element found By.id: loginform-username from '' to 'admin'
[INFO][2016-04-11 15:02:04]WebDriver changing value in element found By.id: loginform-password from '' to ''
[INFO][2016-04-11 15:02:04]WebDriver changing value in element found By.id: loginform-password from '' to 'Test2016QA'
[INFO][2016-04-11 15:02:12]WebDriver clicking on:'xpath: //*[@id='list']/li[5]/button'
[INFO][2016-04-11 15:02:20]/\/\/\/\/\/\---TestCase = alltest---/\/\/\/\/\/\
[INFO][2016-04-11 15:02:20]#####################################################
[INFO][2016-04-11 15:03:43]#####################################################
[INFO][2016-04-11 15:03:43]\/\/\/\/\/\/---TestCase = alltest---\/\/\/\/\/\/
[INFO][2016-04-11 15:03:43]/\/\/\/\/\/\---TestCase = alltest---/\/\/\/\/\/\
[INFO][2016-04-11 15:03:43]#####################################################
[INFO][2016-04-11 15:05:00]#####################################################
[INFO][2016-04-11 15:05:00]\/\/\/\/\/\/---TestCase = alltest---\/\/\/\/\/\/
[INFO][2016-04-11 15:05:00]/\/\/\/\/\/\---TestCase = alltest---/\/\/\/\/\/\
[INFO][2016-04-11 15:05:00]#####################################################
[INFO][2016-04-11 15:05:49]#####################################################
[INFO][2016-04-11 15:05:49]\/\/\/\/\/\/---TestCase = alltest---\/\/\/\/\/\/
[INFO][2016-04-11 15:05:49]/\/\/\/\/\/\---TestCase = alltest---/\/\/\/\/\/\
[INFO][2016-04-11 15:05:49]#####################################################
[INFO][2016-04-11 15:05:58]#####################################################
[INFO][2016-04-11 15:05:58]\/\/\/\/\/\/---TestCase = alltest---\/\/\/\/\/\/
[INFO][2016-04-11 15:05:59]/\/\/\/\/\/\---TestCase = alltest---/\/\/\/\/\/\
[INFO][2016-04-11 15:05:59]#####################################################
[INFO][2016-04-11 15:06:14]#####################################################
[INFO][2016-04-11 15:06:14]\/\/\/\/\/\/---TestCase = alltest---\/\/\/\/\/\/
[INFO][2016-04-11 15:06:14]/\/\/\/\/\/\---TestCase = alltest---/\/\/\/\/\/\
[INFO][2016-04-11 15:06:14]#####################################################
[INFO][2016-04-11 15:06:39]#####################################################
[INFO][2016-04-11 15:06:39]\/\/\/\/\/\/---TestCase = alltest---\/\/\/\/\/\/
[INFO][2016-04-11 15:06:41]WebDriver navigating to:'http://test.boss.1jiajie.com/'
[INFO][2016-04-11 15:06:50]/\/\/\/\/\/\---TestCase = alltest---/\/\/\/\/\/\
[INFO][2016-04-11 15:06:50]#####################################################
[INFO][2016-04-11 15:06:58]#####################################################
[INFO][2016-04-11 15:06:58]\/\/\/\/\/\/---TestCase = alltest---\/\/\/\/\/\/
[INFO][2016-04-11 15:07:00]WebDriver navigating to:'http://test.boss.1jiajie.com/'
[INFO][2016-04-11 15:07:07]/\/\/\/\/\/\---TestCase = alltest---/\/\/\/\/\/\
[INFO][2016-04-11 15:07:07]#####################################################
[INFO][2016-04-11 15:07:12]#####################################################
[INFO][2016-04-11 15:07:12]\/\/\/\/\/\/---TestCase = alltest---\/\/\/\/\/\/
[INFO][2016-04-11 15:07:12]/\/\/\/\/\/\---TestCase = alltest---/\/\/\/\/\/\
[INFO][2016-04-11 15:07:12]#####################################################
[INFO][2016-04-11 15:08:01]#####################################################
[INFO][2016-04-11 15:08:01]\/\/\/\/\/\/---TestCase = alltest---\/\/\/\/\/\/
[INFO][2016-04-11 15:08:02]/\/\/\/\/\/\---TestCase = alltest---/\/\/\/\/\/\
[INFO][2016-04-11 15:08:02]#####################################################
[INFO][2016-04-11 15:09:32]#####################################################
[INFO][2016-04-11 15:09:32]\/\/\/\/\/\/---TestCase = alltest---\/\/\/\/\/\/
[INFO][2016-04-11 15:09:33]/\/\/\/\/\/\---TestCase = alltest---/\/\/\/\/\/\
[INFO][2016-04-11 15:09:33]#####################################################
[INFO][2016-04-11 15:12:35]#####################################################
[INFO][2016-04-11 15:12:35]\/\/\/\/\/\/---TestCase = alltest---\/\/\/\/\/\/
[INFO][2016-04-11 15:12:35]/\/\/\/\/\/\---TestCase = alltest---/\/\/\/\/\/\
[INFO][2016-04-11 15:12:35]#####################################################
[INFO][2016-04-11 15:15:08]#####################################################
[INFO][2016-04-11 15:15:08]\/\/\/\/\/\/---TestCase = alltest---\/\/\/\/\/\/
[INFO][2016-04-11 15:15:08]/\/\/\/\/\/\---TestCase = alltest---/\/\/\/\/\/\
[INFO][2016-04-11 15:15:08]#####################################################
[INFO][2016-04-11 15:15:16]#####################################################
[INFO][2016-04-11 15:15:16]\/\/\/\/\/\/---TestCase = alltest---\/\/\/\/\/\/
[INFO][2016-04-11 15:15:16]/\/\/\/\/\/\---TestCase = alltest---/\/\/\/\/\/\
[INFO][2016-04-11 15:15:16]#####################################################
[INFO][2016-04-11 15:15:23]#####################################################
[INFO][2016-04-11 15:15:23]\/\/\/\/\/\/---TestCase = alltest---\/\/\/\/\/\/
[INFO][2016-04-11 15:15:25]WebDriver navigating to:'http://test.boss.1jiajie.com/'
[INFO][2016-04-11 15:15:29]/\/\/\/\/\/\---TestCase = alltest---/\/\/\/\/\/\
[INFO][2016-04-11 15:15:29]#####################################################
[INFO][2016-04-11 15:16:40]#####################################################
[INFO][2016-04-11 15:16:40]\/\/\/\/\/\/---TestCase = alltest---\/\/\/\/\/\/
[INFO][2016-04-11 15:16:40]/\/\/\/\/\/\---TestCase = alltest---/\/\/\/\/\/\
[INFO][2016-04-11 15:16:40]#####################################################
[INFO][2016-04-11 15:17:41]#####################################################
[INFO][2016-04-11 15:17:41]\/\/\/\/\/\/---TestCase = MakeOrder_Test---\/\/\/\/\/\/
[INFO][2016-04-11 15:17:41]/\/\/\/\/\/\---TestCase = MakeOrder_Test---/\/\/\/\/\/\
[INFO][2016-04-11 15:17:41]#####################################################
[INFO][2016-04-11 15:18:25]#####################################################
[INFO][2016-04-11 15:18:25]\/\/\/\/\/\/---TestCase = alltest---\/\/\/\/\/\/
[INFO][2016-04-11 15:18:27]WebDriver navigating to:'http://test.boss.1jiajie.com/'
[INFO][2016-04-11 15:18:40]/\/\/\/\/\/\---TestCase = alltest---/\/\/\/\/\/\
[INFO][2016-04-11 15:18:40]#####################################################
[INFO][2016-04-11 15:19:16]#####################################################
[INFO][2016-04-11 15:19:16]\/\/\/\/\/\/---TestCase = alltest---\/\/\/\/\/\/
[INFO][2016-04-11 15:19:18]WebDriver navigating to:'http://test.boss.1jiajie.com/'
[INFO][2016-04-11 15:19:27]WebDriver changing value in element found By.id: loginform-username from '' to ''
[INFO][2016-04-11 15:19:27]WebDriver changing value in element found By.id: loginform-username from '' to 'admin'
[INFO][2016-04-11 15:19:27]WebDriver changing value in element found By.id: loginform-password from '' to ''
[INFO][2016-04-11 15:19:27]WebDriver changing value in element found By.id: loginform-password from '' to 'Test2016QA'
[INFO][2016-04-11 15:19:35]WebDriver clicking on:'xpath: //*[@id='list']/li[5]/button'
[INFO][2016-04-11 15:19:40]WebDriver changing value in element found By.id: order-order_customer_phone from '' to '18911704270'
[INFO][2016-04-11 15:19:41]/\/\/\/\/\/\---TestCase = alltest---/\/\/\/\/\/\
[INFO][2016-04-11 15:19:41]#####################################################
[INFO][2016-04-11 15:22:44]#####################################################
[INFO][2016-04-11 15:22:44]\/\/\/\/\/\/---TestCase = alltest---\/\/\/\/\/\/
[INFO][2016-04-11 15:22:46]WebDriver navigating to:'http://test.boss.1jiajie.com/'
[INFO][2016-04-11 15:22:54]WebDriver changing value in element found By.id: loginform-username from '' to ''
[INFO][2016-04-11 15:22:54]WebDriver changing value in element found By.id: loginform-username from '' to 'admin'
[INFO][2016-04-11 15:22:54]WebDriver changing value in element found By.id: loginform-password from '' to ''
[INFO][2016-04-11 15:22:54]WebDriver changing value in element found By.id: loginform-password from '' to 'Test2016QA'
[INFO][2016-04-11 15:23:02]WebDriver clicking on:'xpath: //*[@id='list']/li[5]/button'
[INFO][2016-04-11 15:23:09]WebDriver changing value in element found By.id: order-order_customer_phone from '' to '18911704270'
[INFO][2016-04-11 15:23:10]WebDriver clicking on:'xpath: //*[@id='order-address_id']/div[1]/button'
[INFO][2016-04-11 15:23:16]WebDriver changing value in element found By.xpath: //*[@id="order-address_id"]/div[1]/div[4]/input from '' to ''
[ERROR][2016-04-11 15:23:19]WebDriver error: Element not found By.xpath: //*[@id="order-address_id"]/div[1]/div[7]/button1
[INFO][2016-04-11 15:23:20]/\/\/\/\/\/\---TestCase = alltest---/\/\/\/\/\/\
[INFO][2016-04-11 15:23:20]#####################################################
[INFO][2016-04-11 15:24:10]#####################################################
[INFO][2016-04-11 15:24:10]\/\/\/\/\/\/---TestCase = alltest---\/\/\/\/\/\/
[INFO][2016-04-11 15:24:12]WebDriver navigating to:'http://test.boss.1jiajie.com/'
[INFO][2016-04-11 15:24:21]WebDriver changing value in element found By.id: loginform-username from '' to ''
[INFO][2016-04-11 15:24:21]WebDriver changing value in element found By.id: loginform-username from '' to 'admin'
[INFO][2016-04-11 15:24:21]WebDriver changing value in element found By.id: loginform-password from '' to ''
[INFO][2016-04-11 15:24:21]WebDriver changing value in element found By.id: loginform-password from '' to 'Test2016QA'
[INFO][2016-04-11 15:24:29]WebDriver clicking on:'xpath: //*[@id='list']/li[5]/button'
[ERROR][2016-04-11 15:24:33]WebDriver error: Element not found By.xpath: /html/body/div[2]/aside[1]/div/section/div[1]/div[2]/p[1]
[INFO][2016-04-11 15:24:36]WebDriver changing value in element found By.id: order-order_customer_phone from '' to '18911704270'
[INFO][2016-04-11 15:24:38]WebDriver clicking on:'xpath: //*[@id='order-address_id']/div[1]/button'
[INFO][2016-04-11 15:24:43]WebDriver changing value in element found By.xpath: //*[@id="order-address_id"]/div[1]/div[4]/input from '' to ''
[ERROR][2016-04-11 15:24:46]WebDriver error: Element not found By.xpath: //*[@id="order-address_id"]/div[1]/div[7]/button1
[ERROR][2016-04-11 15:24:49]WebDriver error: Element not found By.xpath: //*[@id="order-address_id"]/div[1]/div[7]/button1
[ERROR][2016-04-11 15:24:52]WebDriver error: Element not found By.xpath: //*[@id="order-address_id"]/div[1]/div[7]/button1
[ERROR][2016-04-11 15:24:55]WebDriver error: Element not found By.xpath: //*[@id="order-address_id"]/div[1]/div[7]/button1
[ERROR][2016-04-11 15:24:59]WebDriver error: Element not found By.xpath: //*[@id="order-address_id"]/div[1]/div[7]/button1
[ERROR][2016-04-11 15:25:02]WebDriver error: Element not found By.xpath: //*[@id="order-address_id"]/div[1]/div[7]/button1
[ERROR][2016-04-11 15:25:05]WebDriver error: Element not found By.xpath: //*[@id="order-address_id"]/div[1]/div[7]/button1
[ERROR][2016-04-11 15:25:08]WebDriver error: Element not found By.xpath: //*[@id="order-address_id"]/div[1]/div[7]/button1
[ERROR][2016-04-11 15:25:11]WebDriver error: Element not found By.xpath: //*[@id="order-address_id"]/div[1]/div[7]/button1
[ERROR][2016-04-11 15:25:14]WebDriver error: Element not found By.xpath: //*[@id="order-address_id"]/div[1]/div[7]/button1
[ERROR][2016-04-11 15:25:17]WebDriver error: Element not found By.xpath: //*[@id="order-address_id"]/div[1]/div[7]/button1
[INFO][2016-04-11 15:25:18]/\/\/\/\/\/\---TestCase = alltest---/\/\/\/\/\/\
[INFO][2016-04-11 15:25:18]#####################################################
[INFO][2016-04-11 15:25:55]#####################################################
[INFO][2016-04-11 15:25:55]\/\/\/\/\/\/---TestCase = alltest---\/\/\/\/\/\/
[INFO][2016-04-11 15:25:57]WebDriver navigating to:'http://test.boss.1jiajie.com/'
[INFO][2016-04-11 15:26:05]WebDriver changing value in element found By.id: loginform-username from '' to ''
[INFO][2016-04-11 15:26:05]WebDriver changing value in element found By.id: loginform-username from '' to 'admin'
[INFO][2016-04-11 15:26:05]WebDriver changing value in element found By.id: loginform-password from '' to ''
[INFO][2016-04-11 15:26:05]WebDriver changing value in element found By.id: loginform-password from '' to 'Test2016QA'
[INFO][2016-04-11 15:26:13]WebDriver clicking on:'xpath: //*[@id='list']/li[5]/button'
[INFO][2016-04-11 15:26:20]WebDriver changing value in element found By.id: order-order_customer_phone from '' to '18911704270'
[INFO][2016-04-11 15:26:20]WebDriver clicking on:'xpath: //*[@id='order-address_id']/div[1]/button'
[INFO][2016-04-11 15:26:25]WebDriver changing value in element found By.xpath: //*[@id="order-address_id"]/div[1]/div[4]/input from '' to ''
[INFO][2016-04-11 15:26:27]WebDriver clicking on:'xpath: //*[@id="order-address_id"]/div[1]/div[7]/button[1]'
[INFO][2016-04-11 15:26:29]WebDriver clicking on:'xpath: //*[@id='order-address_id']/div[1]/label[1]/input'
[INFO][2016-04-11 15:26:30]/\/\/\/\/\/\---TestCase = alltest---/\/\/\/\/\/\
[INFO][2016-04-11 15:26:30]#####################################################
[INFO][2016-04-11 15:28:57]#####################################################
[INFO][2016-04-11 15:28:57]\/\/\/\/\/\/---TestCase = alltest---\/\/\/\/\/\/
[INFO][2016-04-11 15:28:59]WebDriver navigating to:'http://test.boss.1jiajie.com/'
[INFO][2016-04-11 15:29:12]WebDriver changing value in element found By.id: loginform-username from '' to ''
[INFO][2016-04-11 15:29:12]WebDriver changing value in element found By.id: loginform-username from '' to 'admin'
[INFO][2016-04-11 15:29:12]WebDriver changing value in element found By.id: loginform-password from '' to ''
[INFO][2016-04-11 15:29:12]WebDriver changing value in element found By.id: loginform-password from '' to 'Test2016QA'
[INFO][2016-04-11 15:29:20]WebDriver clicking on:'xpath: //*[@id='list']/li[5]/button'
[ERROR][2016-04-11 15:29:24]WebDriver error:
org.openqa.selenium.InvalidSelectorException: invalid selector: Unable to locate an element with the xpath expression /html/body/div[2]/aside[1]/div/section/div[1]/div[2]/p[1] because of the following error:
TypeError: Failed to execute 'createNSResolver' on 'Document': parameter 1 is not of type 'Node'.
  (Session info: chrome=49.0.2623.87)
  (Driver info: chromedriver=2.16.333243 (0bfa1d3575fc1044244f21ddb82bf870944ef961),platform=Windows NT 6.1 SP1 x86_64) (WARNING: The server did not provide any stacktrace information)
Command duration or timeout: 3.42 seconds
For documentation on this error, please visit: http://seleniumhq.org/exceptions/invalid_selector_exception.html
Build info: version: '2.53.0', revision: '35ae25b1534ae328c771e0856c93e187490ca824', time: '2016-03-15 10:43:46'
System info: host: 'song-PC', ip: '192.168.12.104', os.name: 'Windows 7', os.arch: 'amd64', os.version: '6.1', java.version: '1.7.0_79'
*** Element info: {Using=xpath, value=/html/body/div[2]/aside[1]/div/section/div[1]/div[2]/p[1]}
Session ID: a2bec45464fc5c54c794fb86183af55b
Driver info: org.openqa.selenium.chrome.ChromeDriver
Capabilities [{platform=XP, acceptSslCerts=true, javascriptEnabled=true, browserName=chrome, chrome={userDataDir=C:\Users\ADMINI~1\AppData\Local\Temp\scoped_dir2144_1187}, rotatable=false, locationContextEnabled=true, mobileEmulationEnabled=false, version=49.0.2623.87, takesHeapSnapshot=true, cssSelectorsEnabled=true, databaseEnabled=false, handlesAlerts=true, browserConnectionEnabled=false, webStorageEnabled=true, nativeEvents=true, hasTouchScreen=false, applicationCacheEnabled=false, takesScreenshot=true}]
	at sun.reflect.NativeConstructorAccessorImpl.newInstance0(Native Method)
	at sun.reflect.NativeConstructorAccessorImpl.newInstance(NativeConstructorAccessorImpl.java:57)
	at sun.reflect.DelegatingConstructorAccessorImpl.newInstance(DelegatingConstructorAccessorImpl.java:45)
	at java.lang.reflect.Constructor.newInstance(Constructor.java:526)
	at org.openqa.selenium.remote.ErrorHandler.createThrowable(ErrorHandler.java:206)
	at org.openqa.selenium.remote.ErrorHandler.throwIfResponseFailed(ErrorHandler.java:158)
	at org.openqa.selenium.remote.RemoteWebDriver.execute(RemoteWebDriver.java:678)
	at org.openqa.selenium.remote.RemoteWebDriver.findElement(RemoteWebDriver.java:363)
	at org.openqa.selenium.remote.RemoteWebDriver.findElementByXPath(RemoteWebDriver.java:500)
	at org.openqa.selenium.By$ByXPath.findElement(By.java:361)
	at org.openqa.selenium.remote.RemoteWebDriver.findElement(RemoteWebDriver.java:355)
	at sun.reflect.NativeMethodAccessorImpl.invoke0(Native Method)
	at sun.reflect.NativeMethodAccessorImpl.invoke(NativeMethodAccessorImpl.java:57)
	at sun.reflect.DelegatingMethodAccessorImpl.invoke(DelegatingMethodAccessorImpl.java:43)
	at java.lang.reflect.Method.invoke(Method.java:606)
	at org.openqa.selenium.support.events.EventFiringWebDriver$2.invoke(EventFiringWebDriver.java:103)
	at com.sun.proxy.$Proxy11.findElement(Unknown Source)
	at org.openqa.selenium.support.events.EventFiringWebDriver.findElement(EventFiringWebDriver.java:188)
	at org.openqa.selenium.support.pagefactory.DefaultElementLocator.findElement(DefaultElementLocator.java:69)
	at org.openqa.selenium.support.pagefactory.internal.LocatingElementHandler.invoke(LocatingElementHandler.java:38)
	at com.sun.proxy.$Proxy13.getText(Unknown Source)
	at webtest.core.util.Wait.reFresh(Wait.java:26)
	at cases_ejj.LoginTest.login(LoginTest.java:25)
	at cases_ejj.alltest.beforeMethod(alltest.java:35)
	at sun.reflect.NativeMethodAccessorImpl.invoke0(Native Method)
	at sun.reflect.NativeMethodAccessorImpl.invoke(NativeMethodAccessorImpl.java:57)
	at sun.reflect.DelegatingMethodAccessorImpl.invoke(DelegatingMethodAccessorImpl.java:43)
	at java.lang.reflect.Method.invoke(Method.java:606)
	at org.testng.internal.MethodInvocationHelper.invokeMethod(MethodInvocationHelper.java:84)
	at org.testng.internal.Invoker.invokeConfigurationMethod(Invoker.java:564)
	at org.testng.internal.Invoker.invokeConfigurations(Invoker.java:213)
	at org.testng.internal.Invoker.invokeMethod(Invoker.java:653)
	at org.testng.internal.Invoker.invokeTestMethod(Invoker.java:901)
	at org.testng.internal.Invoker.invokeTestMethods(Invoker.java:1231)
	at org.testng.internal.TestMethodWorker.invokeTestMethods(TestMethodWorker.java:127)
	at org.testng.internal.TestMethodWorker.run(TestMethodWorker.java:111)
	at org.testng.TestRunner.privateRun(TestRunner.java:767)
	at org.testng.TestRunner.run(TestRunner.java:617)
	at org.testng.SuiteRunner.runTest(SuiteRunner.java:334)
	at org.testng.SuiteRunner.runSequentially(SuiteRunner.java:329)
	at org.testng.SuiteRunner.privateRun(SuiteRunner.java:291)
	at org.testng.SuiteRunner.run(SuiteRunner.java:240)
	at org.testng.SuiteRunnerWorker.runSuite(SuiteRunnerWorker.java:52)
	at org.testng.SuiteRunnerWorker.run(SuiteRunnerWorker.java:86)
	at org.testng.TestNG.runSuitesSequentially(TestNG.java:1224)
	at org.testng.TestNG.runSuitesLocally(TestNG.java:1149)
	at org.testng.TestNG.run(TestNG.java:1057)
	at org.testng.IDEARemoteTestNG.run(IDEARemoteTestNG.java:74)
	at org.testng.RemoteTestNGStarter.main(RemoteTestNGStarter.java:121)
	at sun.reflect.NativeMethodAccessorImpl.invoke0(Native Method)
	at sun.reflect.NativeMethodAccessorImpl.invoke(NativeMethodAccessorImpl.java:57)
	at sun.reflect.DelegatingMethodAccessorImpl.invoke(DelegatingMethodAccessorImpl.java:43)
	at java.lang.reflect.Method.invoke(Method.java:606)
	at com.intellij.rt.execution.application.AppMain.main(AppMain.java:144)
[INFO][2016-04-11 15:29:27]WebDriver changing value in element found By.id: order-order_customer_phone from '' to '18911704270'
[INFO][2016-04-11 15:29:29]WebDriver clicking on:'xpath: //*[@id='order-address_id']/div[1]/button'
[INFO][2016-04-11 15:29:34]WebDriver changing value in element found By.xpath: //*[@id="order-address_id"]/div[1]/div[4]/input from '' to ''
[INFO][2016-04-11 15:29:34]WebDriver changing value in element found By.xpath: //*[@id="order-address_id"]/div[1]/div[4]/input from '' to ''
[INFO][2016-04-11 15:29:35]WebDriver clicking on:'xpath: //*[@id="order-address_id"]/div[1]/div[7]/button[1]'
[INFO][2016-04-11 15:29:37]WebDriver clicking on:'xpath: //*[@id='order-address_id']/div[1]/label[1]/input'
[INFO][2016-04-11 15:29:38]/\/\/\/\/\/\---TestCase = alltest---/\/\/\/\/\/\
[INFO][2016-04-11 15:29:38]#####################################################
[INFO][2016-04-11 15:30:47]#####################################################
[INFO][2016-04-11 15:30:47]\/\/\/\/\/\/---TestCase = alltest---\/\/\/\/\/\/
[INFO][2016-04-11 15:30:49]WebDriver navigating to:'http://test.boss.1jiajie.com/'
[INFO][2016-04-11 15:31:00]WebDriver changing value in element found By.id: loginform-username from '' to ''
[INFO][2016-04-11 15:31:00]WebDriver changing value in element found By.id: loginform-username from '' to 'admin'
[INFO][2016-04-11 15:31:00]WebDriver changing value in element found By.id: loginform-password from '' to ''
[INFO][2016-04-11 15:31:00]WebDriver changing value in element found By.id: loginform-password from '' to 'Test2016QA'
[INFO][2016-04-11 15:31:08]WebDriver clicking on:'xpath: //*[@id='list']/li[5]/button'
[ERROR][2016-04-11 15:31:17]WebDriver error: Element not found By.xpath: /html/body/div[2]/aside[1]/div/section/div[1]/div[2]/p[1]
[INFO][2016-04-11 15:31:22]WebDriver changing value in element found By.id: order-order_customer_phone from '' to '18911704270'
[INFO][2016-04-11 15:31:23]WebDriver clicking on:'xpath: //*[@id='order-address_id']/div[1]/button'
[INFO][2016-04-11 15:31:30]WebDriver changing value in element found By.xpath: //*[@id="order-address_id"]/div[1]/div[4]/input from '' to ''
[INFO][2016-04-11 15:31:30]WebDriver changing value in element found By.xpath: //*[@id="order-address_id"]/div[1]/div[4]/input from '' to ''
[INFO][2016-04-11 15:31:31]WebDriver clicking on:'xpath: //*[@id="order-address_id"]/div[1]/div[7]/button[1]'
[INFO][2016-04-11 15:31:33]WebDriver clicking on:'xpath: //*[@id='order-address_id']/div[1]/label[1]/input'
[INFO][2016-04-11 15:31:54]/\/\/\/\/\/\---TestCase = alltest---/\/\/\/\/\/\
[INFO][2016-04-11 15:31:54]#####################################################
[INFO][2016-04-11 15:32:11]#####################################################
[INFO][2016-04-11 15:32:11]\/\/\/\/\/\/---TestCase = alltest---\/\/\/\/\/\/
[INFO][2016-04-11 15:32:14]WebDriver navigating to:'http://test.boss.1jiajie.com/'
[INFO][2016-04-11 15:32:26]WebDriver changing value in element found By.id: loginform-username from '' to ''
[INFO][2016-04-11 15:32:26]WebDriver changing value in element found By.id: loginform-username from '' to 'admin'
[INFO][2016-04-11 15:32:26]WebDriver changing value in element found By.id: loginform-password from '' to ''
[INFO][2016-04-11 15:32:26]WebDriver changing value in element found By.id: loginform-password from '' to 'Test2016QA'
[INFO][2016-04-11 15:32:34]WebDriver clicking on:'xpath: //*[@id='list']/li[5]/button'
[ERROR][2016-04-11 15:32:37]WebDriver error:
org.openqa.selenium.InvalidSelectorException: invalid selector: Unable to locate an element with the xpath expression /html/body/div[2]/aside[1]/div/section/div[1]/div[2]/p[1] because of the following error:
TypeError: Failed to execute 'createNSResolver' on 'Document': parameter 1 is not of type 'Node'.
  (Session info: chrome=49.0.2623.87)
  (Driver info: chromedriver=2.16.333243 (0bfa1d3575fc1044244f21ddb82bf870944ef961),platform=Windows NT 6.1 SP1 x86_64) (WARNING: The server did not provide any stacktrace information)
Command duration or timeout: 3.06 seconds
For documentation on this error, please visit: http://seleniumhq.org/exceptions/invalid_selector_exception.html
Build info: version: '2.53.0', revision: '35ae25b1534ae328c771e0856c93e187490ca824', time: '2016-03-15 10:43:46'
System info: host: 'song-PC', ip: '192.168.12.104', os.name: 'Windows 7', os.arch: 'amd64', os.version: '6.1', java.version: '1.7.0_79'
*** Element info: {Using=xpath, value=/html/body/div[2]/aside[1]/div/section/div[1]/div[2]/p[1]}
Session ID: 6c3f6fb7ddaf6c33684e8e31a454c9d7
Driver info: org.openqa.selenium.chrome.ChromeDriver
Capabilities [{platform=XP, acceptSslCerts=true, javascriptEnabled=true, browserName=chrome, chrome={userDataDir=C:\Users\ADMINI~1\AppData\Local\Temp\scoped_dir4740_32248}, rotatable=false, locationContextEnabled=true, mobileEmulationEnabled=false, version=49.0.2623.87, takesHeapSnapshot=true, cssSelectorsEnabled=true, databaseEnabled=false, handlesAlerts=true, browserConnectionEnabled=false, webStorageEnabled=true, nativeEvents=true, hasTouchScreen=false, applicationCacheEnabled=false, takesScreenshot=true}]
	at sun.reflect.NativeConstructorAccessorImpl.newInstance0(Native Method)
	at sun.reflect.NativeConstructorAccessorImpl.newInstance(NativeConstructorAccessorImpl.java:57)
	at sun.reflect.DelegatingConstructorAccessorImpl.newInstance(DelegatingConstructorAccessorImpl.java:45)
	at java.lang.reflect.Constructor.newInstance(Constructor.java:526)
	at org.openqa.selenium.remote.ErrorHandler.createThrowable(ErrorHandler.java:206)
	at org.openqa.selenium.remote.ErrorHandler.throwIfResponseFailed(ErrorHandler.java:158)
	at org.openqa.selenium.remote.RemoteWebDriver.execute(RemoteWebDriver.java:678)
	at org.openqa.selenium.remote.RemoteWebDriver.findElement(RemoteWebDriver.java:363)
	at org.openqa.selenium.remote.RemoteWebDriver.findElementByXPath(RemoteWebDriver.java:500)
	at org.openqa.selenium.By$ByXPath.findElement(By.java:361)
	at org.openqa.selenium.remote.RemoteWebDriver.findElement(RemoteWebDriver.java:355)
	at sun.reflect.NativeMethodAccessorImpl.invoke0(Native Method)
	at sun.reflect.NativeMethodAccessorImpl.invoke(NativeMethodAccessorImpl.java:57)
	at sun.reflect.DelegatingMethodAccessorImpl.invoke(DelegatingMethodAccessorImpl.java:43)
	at java.lang.reflect.Method.invoke(Method.java:606)
	at org.openqa.selenium.support.events.EventFiringWebDriver$2.invoke(EventFiringWebDriver.java:103)
	at com.sun.proxy.$Proxy11.findElement(Unknown Source)
	at org.openqa.selenium.support.events.EventFiringWebDriver.findElement(EventFiringWebDriver.java:188)
	at org.openqa.selenium.support.pagefactory.DefaultElementLocator.findElement(DefaultElementLocator.java:69)
	at org.openqa.selenium.support.pagefactory.internal.LocatingElementHandler.invoke(LocatingElementHandler.java:38)
	at com.sun.proxy.$Proxy13.getText(Unknown Source)
	at webtest.core.util.Wait.reFresh(Wait.java:26)
	at cases_ejj.LoginTest.login(LoginTest.java:25)
	at cases_ejj.alltest.beforeMethod(alltest.java:35)
	at sun.reflect.NativeMethodAccessorImpl.invoke0(Native Method)
	at sun.reflect.NativeMethodAccessorImpl.invoke(NativeMethodAccessorImpl.java:57)
	at sun.reflect.DelegatingMethodAccessorImpl.invoke(DelegatingMethodAccessorImpl.java:43)
	at java.lang.reflect.Method.invoke(Method.java:606)
	at org.testng.internal.MethodInvocationHelper.invokeMethod(MethodInvocationHelper.java:84)
	at org.testng.internal.Invoker.invokeConfigurationMethod(Invoker.java:564)
	at org.testng.internal.Invoker.invokeConfigurations(Invoker.java:213)
	at org.testng.internal.Invoker.invokeMethod(Invoker.java:653)
	at org.testng.internal.Invoker.invokeTestMethod(Invoker.java:901)
	at org.testng.internal.Invoker.invokeTestMethods(Invoker.java:1231)
	at org.testng.internal.TestMethodWorker.invokeTestMethods(TestMethodWorker.java:127)
	at org.testng.internal.TestMethodWorker.run(TestMethodWorker.java:111)
	at org.testng.TestRunner.privateRun(TestRunner.java:767)
	at org.testng.TestRunner.run(TestRunner.java:617)
	at org.testng.SuiteRunner.runTest(SuiteRunner.java:334)
	at org.testng.SuiteRunner.runSequentially(SuiteRunner.java:329)
	at org.testng.SuiteRunner.privateRun(SuiteRunner.java:291)
	at org.testng.SuiteRunner.run(SuiteRunner.java:240)
	at org.testng.SuiteRunnerWorker.runSuite(SuiteRunnerWorker.java:52)
	at org.testng.SuiteRunnerWorker.run(SuiteRunnerWorker.java:86)
	at org.testng.TestNG.runSuitesSequentially(TestNG.java:1224)
	at org.testng.TestNG.runSuitesLocally(TestNG.java:1149)
	at org.testng.TestNG.run(TestNG.java:1057)
	at org.testng.IDEARemoteTestNG.run(IDEARemoteTestNG.java:74)
	at org.testng.RemoteTestNGStarter.main(RemoteTestNGStarter.java:121)
	at sun.reflect.NativeMethodAccessorImpl.invoke0(Native Method)
	at sun.reflect.NativeMethodAccessorImpl.invoke(NativeMethodAccessorImpl.java:57)
	at sun.reflect.DelegatingMethodAccessorImpl.invoke(DelegatingMethodAccessorImpl.java:43)
	at java.lang.reflect.Method.invoke(Method.java:606)
	at com.intellij.rt.execution.application.AppMain.main(AppMain.java:144)
[INFO][2016-04-11 15:32:41]WebDriver changing value in element found By.id: order-order_customer_phone from '' to '14723521421'
[INFO][2016-04-11 15:32:44]WebDriver clicking on:'xpath: //*[@id="order-address_id"]/div[1]/div[1]/select]]'
[INFO][2016-04-11 15:32:46]WebDriver clicking on:'xpath: //*[@id="order-address_id"]/div[1]/div[2]/select]]'
[INFO][2016-04-11 15:32:48]WebDriver clicking on:'xpath: //*[@id="order-address_id"]/div[1]/div[3]/select]]'
[INFO][2016-04-11 15:32:49]WebDriver changing value in element found By.xpath: //*[@id="order-address_id"]/div[1]/div[4]/input from '' to ''
[INFO][2016-04-11 15:32:49]WebDriver changing value in element found By.xpath: //*[@id="order-address_id"]/div[1]/div[4]/input from '' to ''
[INFO][2016-04-11 15:32:50]WebDriver clicking on:'xpath: //*[@id="order-address_id"]/div[1]/div[7]/button[1]'
[INFO][2016-04-11 15:32:52]WebDriver clicking on:'xpath: //*[@id='order-address_id']/div[1]/label[1]/input'
[INFO][2016-04-11 15:33:13]/\/\/\/\/\/\---TestCase = alltest---/\/\/\/\/\/\
[INFO][2016-04-11 15:33:13]#####################################################
[INFO][2016-04-11 15:34:06]#####################################################
[INFO][2016-04-11 15:34:06]\/\/\/\/\/\/---TestCase = alltest---\/\/\/\/\/\/
[INFO][2016-04-11 15:34:08]WebDriver navigating to:'http://test.boss.1jiajie.com/'
[INFO][2016-04-11 15:34:19]WebDriver changing value in element found By.id: loginform-username from '' to ''
[INFO][2016-04-11 15:34:19]WebDriver changing value in element found By.id: loginform-username from '' to 'admin'
[INFO][2016-04-11 15:34:19]WebDriver changing value in element found By.id: loginform-password from '' to ''
[INFO][2016-04-11 15:34:20]WebDriver changing value in element found By.id: loginform-password from '' to 'Test2016QA'
[INFO][2016-04-11 15:34:28]WebDriver clicking on:'xpath: //*[@id='list']/li[5]/button'
[ERROR][2016-04-11 15:34:31]WebDriver error:
org.openqa.selenium.InvalidSelectorException: invalid selector: Unable to locate an element with the xpath expression /html/body/div[2]/aside[1]/div/section/div[1]/div[2]/p[1] because of the following error:
TypeError: Failed to execute 'createNSResolver' on 'Document': parameter 1 is not of type 'Node'.
  (Session info: chrome=49.0.2623.87)
  (Driver info: chromedriver=2.16.333243 (0bfa1d3575fc1044244f21ddb82bf870944ef961),platform=Windows NT 6.1 SP1 x86_64) (WARNING: The server did not provide any stacktrace information)
Command duration or timeout: 2.83 seconds
For documentation on this error, please visit: http://seleniumhq.org/exceptions/invalid_selector_exception.html
Build info: version: '2.53.0', revision: '35ae25b1534ae328c771e0856c93e187490ca824', time: '2016-03-15 10:43:46'
System info: host: 'song-PC', ip: '192.168.12.104', os.name: 'Windows 7', os.arch: 'amd64', os.version: '6.1', java.version: '1.7.0_79'
*** Element info: {Using=xpath, value=/html/body/div[2]/aside[1]/div/section/div[1]/div[2]/p[1]}
Session ID: e3f3ce222801de2e5d1681d141c76afd
Driver info: org.openqa.selenium.chrome.ChromeDriver
Capabilities [{platform=XP, acceptSslCerts=true, javascriptEnabled=true, browserName=chrome, chrome={userDataDir=C:\Users\ADMINI~1\AppData\Local\Temp\scoped_dir7220_21015}, rotatable=false, locationContextEnabled=true, mobileEmulationEnabled=false, version=49.0.2623.87, takesHeapSnapshot=true, cssSelectorsEnabled=true, databaseEnabled=false, handlesAlerts=true, browserConnectionEnabled=false, webStorageEnabled=true, nativeEvents=true, hasTouchScreen=false, applicationCacheEnabled=false, takesScreenshot=true}]
	at sun.reflect.NativeConstructorAccessorImpl.newInstance0(Native Method)
	at sun.reflect.NativeConstructorAccessorImpl.newInstance(NativeConstructorAccessorImpl.java:57)
	at sun.reflect.DelegatingConstructorAccessorImpl.newInstance(DelegatingConstructorAccessorImpl.java:45)
	at java.lang.reflect.Constructor.newInstance(Constructor.java:526)
	at org.openqa.selenium.remote.ErrorHandler.createThrowable(ErrorHandler.java:206)
	at org.openqa.selenium.remote.ErrorHandler.throwIfResponseFailed(ErrorHandler.java:158)
	at org.openqa.selenium.remote.RemoteWebDriver.execute(RemoteWebDriver.java:678)
	at org.openqa.selenium.remote.RemoteWebDriver.findElement(RemoteWebDriver.java:363)
	at org.openqa.selenium.remote.RemoteWebDriver.findElementByXPath(RemoteWebDriver.java:500)
	at org.openqa.selenium.By$ByXPath.findElement(By.java:361)
	at org.openqa.selenium.remote.RemoteWebDriver.findElement(RemoteWebDriver.java:355)
	at sun.reflect.NativeMethodAccessorImpl.invoke0(Native Method)
	at sun.reflect.NativeMethodAccessorImpl.invoke(NativeMethodAccessorImpl.java:57)
	at sun.reflect.DelegatingMethodAccessorImpl.invoke(DelegatingMethodAccessorImpl.java:43)
	at java.lang.reflect.Method.invoke(Method.java:606)
	at org.openqa.selenium.support.events.EventFiringWebDriver$2.invoke(EventFiringWebDriver.java:103)
	at com.sun.proxy.$Proxy11.findElement(Unknown Source)
	at org.openqa.selenium.support.events.EventFiringWebDriver.findElement(EventFiringWebDriver.java:188)
	at org.openqa.selenium.support.pagefactory.DefaultElementLocator.findElement(DefaultElementLocator.java:69)
	at org.openqa.selenium.support.pagefactory.internal.LocatingElementHandler.invoke(LocatingElementHandler.java:38)
	at com.sun.proxy.$Proxy13.getText(Unknown Source)
	at webtest.core.util.Wait.reFresh(Wait.java:26)
	at cases_ejj.LoginTest.login(LoginTest.java:25)
	at cases_ejj.alltest.beforeMethod(alltest.java:35)
	at sun.reflect.NativeMethodAccessorImpl.invoke0(Native Method)
	at sun.reflect.NativeMethodAccessorImpl.invoke(NativeMethodAccessorImpl.java:57)
	at sun.reflect.DelegatingMethodAccessorImpl.invoke(DelegatingMethodAccessorImpl.java:43)
	at java.lang.reflect.Method.invoke(Method.java:606)
	at org.testng.internal.MethodInvocationHelper.invokeMethod(MethodInvocationHelper.java:84)
	at org.testng.internal.Invoker.invokeConfigurationMethod(Invoker.java:564)
	at org.testng.internal.Invoker.invokeConfigurations(Invoker.java:213)
	at org.testng.internal.Invoker.invokeMethod(Invoker.java:653)
	at org.testng.internal.Invoker.invokeTestMethod(Invoker.java:901)
	at org.testng.internal.Invoker.invokeTestMethods(Invoker.java:1231)
	at org.testng.internal.TestMethodWorker.invokeTestMethods(TestMethodWorker.java:127)
	at org.testng.internal.TestMethodWorker.run(TestMethodWorker.java:111)
	at org.testng.TestRunner.privateRun(TestRunner.java:767)
	at org.testng.TestRunner.run(TestRunner.java:617)
	at org.testng.SuiteRunner.runTest(SuiteRunner.java:334)
	at org.testng.SuiteRunner.runSequentially(SuiteRunner.java:329)
	at org.testng.SuiteRunner.privateRun(SuiteRunner.java:291)
	at org.testng.SuiteRunner.run(SuiteRunner.java:240)
	at org.testng.SuiteRunnerWorker.runSuite(SuiteRunnerWorker.java:52)
	at org.testng.SuiteRunnerWorker.run(SuiteRunnerWorker.java:86)
	at org.testng.TestNG.runSuitesSequentially(TestNG.java:1224)
	at org.testng.TestNG.runSuitesLocally(TestNG.java:1149)
	at org.testng.TestNG.run(TestNG.java:1057)
	at org.testng.IDEARemoteTestNG.run(IDEARemoteTestNG.java:74)
	at org.testng.RemoteTestNGStarter.main(RemoteTestNGStarter.java:121)
	at sun.reflect.NativeMethodAccessorImpl.invoke0(Native Method)
	at sun.reflect.NativeMethodAccessorImpl.invoke(NativeMethodAccessorImpl.java:57)
	at sun.reflect.DelegatingMethodAccessorImpl.invoke(DelegatingMethodAccessorImpl.java:43)
	at java.lang.reflect.Method.invoke(Method.java:606)
	at com.intellij.rt.execution.application.AppMain.main(AppMain.java:144)
[INFO][2016-04-11 15:34:34]WebDriver changing value in element found By.id: order-order_customer_phone from '' to '14723521421'
[ERROR][2016-04-11 15:34:38]WebDriver error: Element not found By.xpath: //*[@id='order-address_id']/div[1]/div[1]/select
[INFO][2016-04-11 15:34:38]WebDriver clicking on:'xpath: //*[@id='order-address_id']/div[1]/button'
[INFO][2016-04-11 15:34:39]WebDriver changing value in element found By.xpath: //*[@id="order-address_id"]/div[1]/div[4]/input from '' to ''
[INFO][2016-04-11 15:34:39]WebDriver changing value in element found By.xpath: //*[@id="order-address_id"]/div[1]/div[4]/input from '' to ''
[INFO][2016-04-11 15:34:39]WebDriver clicking on:'xpath: //*[@id="order-address_id"]/div[1]/div[7]/button[1]'
[INFO][2016-04-11 15:34:41]WebDriver clicking on:'xpath: //*[@id='order-address_id']/div[1]/label[1]/input'
[INFO][2016-04-11 15:35:02]/\/\/\/\/\/\---TestCase = alltest---/\/\/\/\/\/\
[INFO][2016-04-11 15:35:02]#####################################################
[INFO][2016-04-11 15:47:00]#####################################################
[INFO][2016-04-11 15:47:00]\/\/\/\/\/\/---TestCase = alltest---\/\/\/\/\/\/
[INFO][2016-04-11 15:47:03]WebDriver navigating to:'http://test.boss.1jiajie.com/'
[INFO][2016-04-11 15:47:15]WebDriver changing value in element found By.id: loginform-username from '' to ''
[INFO][2016-04-11 15:47:15]WebDriver changing value in element found By.id: loginform-username from '' to 'admin'
[INFO][2016-04-11 15:47:15]WebDriver changing value in element found By.id: loginform-password from '' to ''
[INFO][2016-04-11 15:47:15]WebDriver changing value in element found By.id: loginform-password from '' to 'Test2016QA'
[INFO][2016-04-11 15:47:24]WebDriver clicking on:'xpath: //*[@id='list']/li[5]/button'
[ERROR][2016-04-11 15:47:26]WebDriver error:
org.openqa.selenium.InvalidSelectorException: invalid selector: Unable to locate an element with the xpath expression /html/body/div[2]/aside[1]/div/section/div[1]/div[2]/p[1] because of the following error:
TypeError: Failed to execute 'createNSResolver' on 'Document': parameter 1 is not of type 'Node'.
  (Session info: chrome=49.0.2623.87)
  (Driver info: chromedriver=2.16.333243 (0bfa1d3575fc1044244f21ddb82bf870944ef961),platform=Windows NT 6.1 SP1 x86_64) (WARNING: The server did not provide any stacktrace information)
Command duration or timeout: 2.44 seconds
For documentation on this error, please visit: http://seleniumhq.org/exceptions/invalid_selector_exception.html
Build info: version: '2.53.0', revision: '35ae25b1534ae328c771e0856c93e187490ca824', time: '2016-03-15 10:43:46'
System info: host: 'song-PC', ip: '192.168.12.104', os.name: 'Windows 7', os.arch: 'amd64', os.version: '6.1', java.version: '1.7.0_79'
*** Element info: {Using=xpath, value=/html/body/div[2]/aside[1]/div/section/div[1]/div[2]/p[1]}
Session ID: 01a45d36cdff63e596d72eb0cdb8bda7
Driver info: org.openqa.selenium.chrome.ChromeDriver
Capabilities [{platform=XP, acceptSslCerts=true, javascriptEnabled=true, browserName=chrome, chrome={userDataDir=C:\Users\ADMINI~1\AppData\Local\Temp\scoped_dir4940_12029}, rotatable=false, locationContextEnabled=true, mobileEmulationEnabled=false, version=49.0.2623.87, takesHeapSnapshot=true, cssSelectorsEnabled=true, databaseEnabled=false, handlesAlerts=true, browserConnectionEnabled=false, webStorageEnabled=true, nativeEvents=true, hasTouchScreen=false, applicationCacheEnabled=false, takesScreenshot=true}]
	at sun.reflect.NativeConstructorAccessorImpl.newInstance0(Native Method)
	at sun.reflect.NativeConstructorAccessorImpl.newInstance(NativeConstructorAccessorImpl.java:57)
	at sun.reflect.DelegatingConstructorAccessorImpl.newInstance(DelegatingConstructorAccessorImpl.java:45)
	at java.lang.reflect.Constructor.newInstance(Constructor.java:526)
	at org.openqa.selenium.remote.ErrorHandler.createThrowable(ErrorHandler.java:206)
	at org.openqa.selenium.remote.ErrorHandler.throwIfResponseFailed(ErrorHandler.java:158)
	at org.openqa.selenium.remote.RemoteWebDriver.execute(RemoteWebDriver.java:678)
	at org.openqa.selenium.remote.RemoteWebDriver.findElement(RemoteWebDriver.java:363)
	at org.openqa.selenium.remote.RemoteWebDriver.findElementByXPath(RemoteWebDriver.java:500)
	at org.openqa.selenium.By$ByXPath.findElement(By.java:361)
	at org.openqa.selenium.remote.RemoteWebDriver.findElement(RemoteWebDriver.java:355)
	at sun.reflect.NativeMethodAccessorImpl.invoke0(Native Method)
	at sun.reflect.NativeMethodAccessorImpl.invoke(NativeMethodAccessorImpl.java:57)
	at sun.reflect.DelegatingMethodAccessorImpl.invoke(DelegatingMethodAccessorImpl.java:43)
	at java.lang.reflect.Method.invoke(Method.java:606)
	at org.openqa.selenium.support.events.EventFiringWebDriver$2.invoke(EventFiringWebDriver.java:103)
	at com.sun.proxy.$Proxy11.findElement(Unknown Source)
	at org.openqa.selenium.support.events.EventFiringWebDriver.findElement(EventFiringWebDriver.java:188)
	at org.openqa.selenium.support.pagefactory.DefaultElementLocator.findElement(DefaultElementLocator.java:69)
	at org.openqa.selenium.support.pagefactory.internal.LocatingElementHandler.invoke(LocatingElementHandler.java:38)
	at com.sun.proxy.$Proxy13.getText(Unknown Source)
	at webtest.core.util.Wait.reFresh(Wait.java:26)
	at cases_ejj.LoginTest.login(LoginTest.java:25)
	at cases_ejj.alltest.beforeMethod(alltest.java:35)
	at sun.reflect.NativeMethodAccessorImpl.invoke0(Native Method)
	at sun.reflect.NativeMethodAccessorImpl.invoke(NativeMethodAccessorImpl.java:57)
	at sun.reflect.DelegatingMethodAccessorImpl.invoke(DelegatingMethodAccessorImpl.java:43)
	at java.lang.reflect.Method.invoke(Method.java:606)
	at org.testng.internal.MethodInvocationHelper.invokeMethod(MethodInvocationHelper.java:84)
	at org.testng.internal.Invoker.invokeConfigurationMethod(Invoker.java:564)
	at org.testng.internal.Invoker.invokeConfigurations(Invoker.java:213)
	at org.testng.internal.Invoker.invokeMethod(Invoker.java:653)
	at org.testng.internal.Invoker.invokeTestMethod(Invoker.java:901)
	at org.testng.internal.Invoker.invokeTestMethods(Invoker.java:1231)
	at org.testng.internal.TestMethodWorker.invokeTestMethods(TestMethodWorker.java:127)
	at org.testng.internal.TestMethodWorker.run(TestMethodWorker.java:111)
	at org.testng.TestRunner.privateRun(TestRunner.java:767)
	at org.testng.TestRunner.run(TestRunner.java:617)
	at org.testng.SuiteRunner.runTest(SuiteRunner.java:334)
	at org.testng.SuiteRunner.runSequentially(SuiteRunner.java:329)
	at org.testng.SuiteRunner.privateRun(SuiteRunner.java:291)
	at org.testng.SuiteRunner.run(SuiteRunner.java:240)
	at org.testng.SuiteRunnerWorker.runSuite(SuiteRunnerWorker.java:52)
	at org.testng.SuiteRunnerWorker.run(SuiteRunnerWorker.java:86)
	at org.testng.TestNG.runSuitesSequentially(TestNG.java:1224)
	at org.testng.TestNG.runSuitesLocally(TestNG.java:1149)
	at org.testng.TestNG.run(TestNG.java:1057)
	at org.testng.IDEARemoteTestNG.run(IDEARemoteTestNG.java:74)
	at org.testng.RemoteTestNGStarter.main(RemoteTestNGStarter.java:121)
	at sun.reflect.NativeMethodAccessorImpl.invoke0(Native Method)
	at sun.reflect.NativeMethodAccessorImpl.invoke(NativeMethodAccessorImpl.java:57)
	at sun.reflect.DelegatingMethodAccessorImpl.invoke(DelegatingMethodAccessorImpl.java:43)
	at java.lang.reflect.Method.invoke(Method.java:606)
	at com.intellij.rt.execution.application.AppMain.main(AppMain.java:144)
[INFO][2016-04-11 15:47:29]WebDriver changing value in element found By.id: order-order_customer_phone from '' to '14723521421'
[ERROR][2016-04-11 15:47:34]WebDriver error: Element not found By.xpath: //*[@id='order-address_id']/div[1]/div[1]/select
[INFO][2016-04-11 15:47:34]WebDriver clicking on:'xpath: //*[@id='order-address_id']/div[1]/button'
[INFO][2016-04-11 15:47:34]WebDriver changing value in element found By.xpath: //*[@id="order-address_id"]/div[1]/div[4]/input from '' to ''
[INFO][2016-04-11 15:47:34]WebDriver changing value in element found By.xpath: //*[@id="order-address_id"]/div[1]/div[4]/input from '' to ''
[INFO][2016-04-11 15:47:34]WebDriver clicking on:'xpath: //*[@id="order-address_id"]/div[1]/div[7]/button[1]'
[INFO][2016-04-11 15:47:36]WebDriver clicking on:'xpath: //*[@id='order-address_id']/div[1]/label[1]/input'
[INFO][2016-04-11 15:47:57]/\/\/\/\/\/\---TestCase = alltest---/\/\/\/\/\/\
[INFO][2016-04-11 15:47:57]#####################################################
[INFO][2016-04-11 15:54:42]#####################################################
[INFO][2016-04-11 15:54:42]\/\/\/\/\/\/---TestCase = MakeOrder_Test---\/\/\/\/\/\/
[INFO][2016-04-11 15:54:44]#####################################################
[INFO][2016-04-11 15:54:44]\/\/\/\/\/\/---TestCase = MakeOrder_Test---\/\/\/\/\/\/
[INFO][2016-04-11 15:54:46]WebDriver navigating to:'http://test.boss.1jiajie.com/'
[INFO][2016-04-11 15:54:47]WebDriver navigating to:'http://test.boss.1jiajie.com/'
[INFO][2016-04-11 15:55:01]WebDriver changing value in element found By.id: loginform-username from '' to ''
[INFO][2016-04-11 15:55:01]WebDriver changing value in element found By.id: loginform-username from '' to 'admin'
[INFO][2016-04-11 15:55:01]WebDriver changing value in element found By.id: loginform-password from '' to ''
[INFO][2016-04-11 15:55:01]WebDriver changing value in element found By.id: loginform-password from '' to 'Test2016QA'
[INFO][2016-04-11 15:55:03]WebDriver changing value in element found By.id: loginform-username from '' to ''
[INFO][2016-04-11 15:55:03]WebDriver changing value in element found By.id: loginform-username from '' to 'admin'
[INFO][2016-04-11 15:55:03]WebDriver changing value in element found By.id: loginform-password from '' to ''
[INFO][2016-04-11 15:55:03]WebDriver changing value in element found By.id: loginform-password from '' to 'Test2016QA'
[INFO][2016-04-11 15:55:09]WebDriver clicking on:'xpath: //*[@id='list']/li[5]/button'
[INFO][2016-04-11 15:55:11]WebDriver clicking on:'xpath: //*[@id='list']/li[5]/button'
[ERROR][2016-04-11 15:55:12]WebDriver error: Element not found By.xpath: /html/body/div[2]/aside[1]/div/section/div[1]/div[2]/p[1]
[ERROR][2016-04-11 15:55:15]WebDriver error: Element not found By.xpath: /html/body/div[2]/aside[1]/div/section/div[1]/div[2]/p[1]
[ERROR][2016-04-11 15:55:15]WebDriver error: Element not found By.xpath: /html/body/div[2]/aside[1]/div/section/div[1]/div[2]/p[1]
[INFO][2016-04-11 15:55:18]WebDriver changing value in element found By.id: order-order_customer_phone from '' to '14723521450'
[INFO][2016-04-11 15:55:19]WebDriver clicking on:'xpath: //*[@id="order-address_id"]/div[1]/div[1]/select]]'
[ERROR][2016-04-11 15:55:19]WebDriver error: Element not found By.xpath: /html/body/div[2]/aside[1]/div/section/div[1]/div[2]/p[1]
[INFO][2016-04-11 15:55:19]WebDriver clicking on:'xpath: //*[@id="order-address_id"]/div[1]/div[2]/select]]'
[INFO][2016-04-11 15:55:19]WebDriver clicking on:'xpath: //*[@id="order-address_id"]/div[1]/div[3]/select]]'
[INFO][2016-04-11 15:55:19]WebDriver changing value in element found By.xpath: //*[@id="order-address_id"]/div[1]/div[4]/input from '' to ''
[INFO][2016-04-11 15:55:19]WebDriver changing value in element found By.xpath: //*[@id="order-address_id"]/div[1]/div[4]/input from '' to ''
[INFO][2016-04-11 15:55:19]WebDriver clicking on:'xpath: //*[@id="order-address_id"]/div[1]/div[7]/button[1]'
[INFO][2016-04-11 15:55:21]WebDriver clicking on:'xpath: //*[@id='order-address_id']/div[1]/label[1]/input'
[ERROR][2016-04-11 15:55:22]WebDriver error: Element not found By.xpath: /html/body/div[2]/aside[1]/div/section/div[1]/div[2]/p[1]
[ERROR][2016-04-11 15:55:25]WebDriver error: Element not found By.xpath: /html/body/div[2]/aside[1]/div/section/div[1]/div[2]/p[1]
[ERROR][2016-04-11 15:55:28]WebDriver error: Element not found By.xpath: /html/body/div[2]/aside[1]/div/section/div[1]/div[2]/p[1]
[ERROR][2016-04-11 15:55:31]WebDriver error: Element not found By.xpath: /html/body/div[2]/aside[1]/div/section/div[1]/div[2]/p[1]
[ERROR][2016-04-11 15:55:34]WebDriver error: Element not found By.xpath: /html/body/div[2]/aside[1]/div/section/div[1]/div[2]/p[1]
[ERROR][2016-04-11 15:55:37]WebDriver error: Element not found By.xpath: /html/body/div[2]/aside[1]/div/section/div[1]/div[2]/p[1]
[ERROR][2016-04-11 15:55:41]WebDriver error: Element not found By.xpath: /html/body/div[2]/aside[1]/div/section/div[1]/div[2]/p[1]
[INFO][2016-04-11 15:55:42]/\/\/\/\/\/\---TestCase = MakeOrder_Test---/\/\/\/\/\/\
[INFO][2016-04-11 15:55:42]#####################################################
[ERROR][2016-04-11 15:55:44]WebDriver error: Element not found By.xpath: /html/body/div[2]/aside[1]/div/section/div[1]/div[2]/p[1]
[INFO][2016-04-11 15:55:44]/\/\/\/\/\/\---TestCase = MakeOrder_Test---/\/\/\/\/\/\
[INFO][2016-04-11 15:55:44]#####################################################
[INFO][2016-04-11 15:57:58]#####################################################
[INFO][2016-04-11 15:57:58]\/\/\/\/\/\/---TestCase = MakeOrder_Test---\/\/\/\/\/\/
[INFO][2016-04-11 15:58:01]WebDriver navigating to:'http://test.boss.1jiajie.com/'
[INFO][2016-04-11 15:58:10]WebDriver changing value in element found By.id: loginform-username from '' to ''
[INFO][2016-04-11 15:58:10]WebDriver changing value in element found By.id: loginform-username from '' to 'admin'
[INFO][2016-04-11 15:58:10]WebDriver changing value in element found By.id: loginform-password from '' to ''
[INFO][2016-04-11 15:58:10]WebDriver changing value in element found By.id: loginform-password from '' to 'Test2016QA'
[INFO][2016-04-11 15:58:18]WebDriver clicking on:'xpath: //*[@id='list']/li[5]/button'
[INFO][2016-04-11 15:58:25]WebDriver changing value in element found By.id: order-order_customer_phone from '' to '14723521450'
[ERROR][2016-04-11 15:58:28]WebDriver error: Element not found By.xpath: //*[@id="order-address_id"]/div[1]/div[1]/select
[INFO][2016-04-11 15:58:29]/\/\/\/\/\/\---TestCase = MakeOrder_Test---/\/\/\/\/\/\
[INFO][2016-04-11 15:58:29]#####################################################
[INFO][2016-04-11 15:59:18]#####################################################
[INFO][2016-04-11 15:59:18]\/\/\/\/\/\/---TestCase = MakeOrder_Test---\/\/\/\/\/\/
[INFO][2016-04-11 15:59:20]WebDriver navigating to:'http://test.boss.1jiajie.com/'
[INFO][2016-04-11 15:59:30]WebDriver changing value in element found By.id: loginform-username from '' to ''
[INFO][2016-04-11 15:59:30]WebDriver changing value in element found By.id: loginform-username from '' to 'admin'
[INFO][2016-04-11 15:59:30]WebDriver changing value in element found By.id: loginform-password from '' to ''
[INFO][2016-04-11 15:59:30]WebDriver changing value in element found By.id: loginform-password from '' to 'Test2016QA'
[INFO][2016-04-11 15:59:38]WebDriver clicking on:'xpath: //*[@id='list']/li[5]/button'
[INFO][2016-04-11 15:59:44]WebDriver changing value in element found By.id: order-order_customer_phone from '' to '14723521450'
[ERROR][2016-04-11 15:59:47]WebDriver error: Element not found By.xpath: //*[@id="order-address_id"]/div[1]/div[1]/select
[INFO][2016-04-11 15:59:48]/\/\/\/\/\/\---TestCase = MakeOrder_Test---/\/\/\/\/\/\
[INFO][2016-04-11 15:59:48]#####################################################
[INFO][2016-04-11 16:02:14]#####################################################
[INFO][2016-04-11 16:02:14]\/\/\/\/\/\/---TestCase = MakeOrder_Test---\/\/\/\/\/\/
[INFO][2016-04-11 16:02:17]WebDriver navigating to:'http://test.boss.1jiajie.com/'
[INFO][2016-04-11 16:02:28]WebDriver changing value in element found By.id: loginform-username from '' to ''
[INFO][2016-04-11 16:02:28]WebDriver changing value in element found By.id: loginform-username from '' to 'admin'
[INFO][2016-04-11 16:02:28]WebDriver changing value in element found By.id: loginform-password from '' to ''
[INFO][2016-04-11 16:02:28]WebDriver changing value in element found By.id: loginform-password from '' to 'Test2016QA'
[INFO][2016-04-11 16:02:37]WebDriver clicking on:'xpath: //*[@id='list']/li[5]/button'
[ERROR][2016-04-11 16:02:44]WebDriver error: Element not found By.xpath: /html/body/div[2]/aside[1]/div/section/div[1]/div[2]/p[1]
[INFO][2016-04-11 16:02:48]WebDriver changing value in element found By.id: order-order_customer_phone from '' to '14723521450'
[ERROR][2016-04-11 16:02:51]WebDriver error: Element not found By.xpath: //*[@id="order-address_id"]/div[1]/div[1]/select
[INFO][2016-04-11 16:02:52]/\/\/\/\/\/\---TestCase = MakeOrder_Test---/\/\/\/\/\/\
[INFO][2016-04-11 16:02:52]#####################################################
[INFO][2016-04-11 16:05:11]#####################################################
[INFO][2016-04-11 16:05:11]\/\/\/\/\/\/---TestCase = MakeOrder_Test---\/\/\/\/\/\/
[INFO][2016-04-11 16:05:13]WebDriver navigating to:'http://test.boss.1jiajie.com/'
[INFO][2016-04-11 16:05:22]WebDriver changing value in element found By.id: loginform-username from '' to ''
[INFO][2016-04-11 16:05:22]WebDriver changing value in element found By.id: loginform-username from '' to 'admin'
[INFO][2016-04-11 16:05:22]WebDriver changing value in element found By.id: loginform-password from '' to ''
[INFO][2016-04-11 16:05:22]WebDriver changing value in element found By.id: loginform-password from '' to 'Test2016QA'
[INFO][2016-04-11 16:05:30]WebDriver clicking on:'xpath: //*[@id='list']/li[5]/button'
[ERROR][2016-04-11 16:05:37]WebDriver error:
org.openqa.selenium.InvalidSelectorException: invalid selector: Unable to locate an element with the xpath expression /html/body/div[2]/aside[1]/div/section/div[1]/div[2]/p[1] because of the following error:
TypeError: Failed to execute 'createNSResolver' on 'Document': parameter 1 is not of type 'Node'.
  (Session info: chrome=49.0.2623.87)
  (Driver info: chromedriver=2.16.333243 (0bfa1d3575fc1044244f21ddb82bf870944ef961),platform=Windows NT 6.1 SP1 x86_64) (WARNING: The server did not provide any stacktrace information)
Command duration or timeout: 6.11 seconds
For documentation on this error, please visit: http://seleniumhq.org/exceptions/invalid_selector_exception.html
Build info: version: '2.53.0', revision: '35ae25b1534ae328c771e0856c93e187490ca824', time: '2016-03-15 10:43:46'
System info: host: 'song-PC', ip: '192.168.12.104', os.name: 'Windows 7', os.arch: 'amd64', os.version: '6.1', java.version: '1.7.0_79'
*** Element info: {Using=xpath, value=/html/body/div[2]/aside[1]/div/section/div[1]/div[2]/p[1]}
Session ID: 61d7c78434cc5498ecbc9999828eb805
Driver info: org.openqa.selenium.chrome.ChromeDriver
Capabilities [{platform=XP, acceptSslCerts=true, javascriptEnabled=true, browserName=chrome, chrome={userDataDir=C:\Users\ADMINI~1\AppData\Local\Temp\scoped_dir7752_26059}, rotatable=false, locationContextEnabled=true, mobileEmulationEnabled=false, version=49.0.2623.87, takesHeapSnapshot=true, cssSelectorsEnabled=true, databaseEnabled=false, handlesAlerts=true, browserConnectionEnabled=false, webStorageEnabled=true, nativeEvents=true, hasTouchScreen=false, applicationCacheEnabled=false, takesScreenshot=true}]
	at sun.reflect.NativeConstructorAccessorImpl.newInstance0(Native Method)
	at sun.reflect.NativeConstructorAccessorImpl.newInstance(NativeConstructorAccessorImpl.java:57)
	at sun.reflect.DelegatingConstructorAccessorImpl.newInstance(DelegatingConstructorAccessorImpl.java:45)
	at java.lang.reflect.Constructor.newInstance(Constructor.java:526)
	at org.openqa.selenium.remote.ErrorHandler.createThrowable(ErrorHandler.java:206)
	at org.openqa.selenium.remote.ErrorHandler.throwIfResponseFailed(ErrorHandler.java:158)
	at org.openqa.selenium.remote.RemoteWebDriver.execute(RemoteWebDriver.java:678)
	at org.openqa.selenium.remote.RemoteWebDriver.findElement(RemoteWebDriver.java:363)
	at org.openqa.selenium.remote.RemoteWebDriver.findElementByXPath(RemoteWebDriver.java:500)
	at org.openqa.selenium.By$ByXPath.findElement(By.java:361)
	at org.openqa.selenium.remote.RemoteWebDriver.findElement(RemoteWebDriver.java:355)
	at sun.reflect.NativeMethodAccessorImpl.invoke0(Native Method)
	at sun.reflect.NativeMethodAccessorImpl.invoke(NativeMethodAccessorImpl.java:57)
	at sun.reflect.DelegatingMethodAccessorImpl.invoke(DelegatingMethodAccessorImpl.java:43)
	at java.lang.reflect.Method.invoke(Method.java:606)
	at org.openqa.selenium.support.events.EventFiringWebDriver$2.invoke(EventFiringWebDriver.java:103)
	at com.sun.proxy.$Proxy11.findElement(Unknown Source)
	at org.openqa.selenium.support.events.EventFiringWebDriver.findElement(EventFiringWebDriver.java:188)
	at org.openqa.selenium.support.pagefactory.DefaultElementLocator.findElement(DefaultElementLocator.java:69)
	at org.openqa.selenium.support.pagefactory.internal.LocatingElementHandler.invoke(LocatingElementHandler.java:38)
	at com.sun.proxy.$Proxy13.getText(Unknown Source)
	at webtest.core.util.Wait.reFresh(Wait.java:26)
	at cases_ejj.LoginTest.login(LoginTest.java:25)
	at cases_ejj.MakeOrder_Test.beforeMethod(MakeOrder_Test.java:41)
	at sun.reflect.NativeMethodAccessorImpl.invoke0(Native Method)
	at sun.reflect.NativeMethodAccessorImpl.invoke(NativeMethodAccessorImpl.java:57)
	at sun.reflect.DelegatingMethodAccessorImpl.invoke(DelegatingMethodAccessorImpl.java:43)
	at java.lang.reflect.Method.invoke(Method.java:606)
	at org.testng.internal.MethodInvocationHelper.invokeMethod(MethodInvocationHelper.java:84)
	at org.testng.internal.Invoker.invokeConfigurationMethod(Invoker.java:564)
	at org.testng.internal.Invoker.invokeConfigurations(Invoker.java:213)
	at org.testng.internal.Invoker.invokeMethod(Invoker.java:653)
	at org.testng.internal.Invoker.invokeTestMethod(Invoker.java:901)
	at org.testng.internal.Invoker.invokeTestMethods(Invoker.java:1231)
	at org.testng.internal.TestMethodWorker.invokeTestMethods(TestMethodWorker.java:127)
	at org.testng.internal.TestMethodWorker.run(TestMethodWorker.java:111)
	at org.testng.TestRunner.privateRun(TestRunner.java:767)
	at org.testng.TestRunner.run(TestRunner.java:617)
	at org.testng.SuiteRunner.runTest(SuiteRunner.java:334)
	at org.testng.SuiteRunner.runSequentially(SuiteRunner.java:329)
	at org.testng.SuiteRunner.privateRun(SuiteRunner.java:291)
	at org.testng.SuiteRunner.run(SuiteRunner.java:240)
	at org.testng.SuiteRunnerWorker.runSuite(SuiteRunnerWorker.java:52)
	at org.testng.SuiteRunnerWorker.run(SuiteRunnerWorker.java:86)
	at org.testng.TestNG.runSuitesSequentially(TestNG.java:1224)
	at org.testng.TestNG.runSuitesLocally(TestNG.java:1149)
	at org.testng.TestNG.run(TestNG.java:1057)
	at org.testng.IDEARemoteTestNG.run(IDEARemoteTestNG.java:74)
	at org.testng.RemoteTestNGStarter.main(RemoteTestNGStarter.java:121)
	at sun.reflect.NativeMethodAccessorImpl.invoke0(Native Method)
	at sun.reflect.NativeMethodAccessorImpl.invoke(NativeMethodAccessorImpl.java:57)
	at sun.reflect.DelegatingMethodAccessorImpl.invoke(DelegatingMethodAccessorImpl.java:43)
	at java.lang.reflect.Method.invoke(Method.java:606)
	at com.intellij.rt.execution.application.AppMain.main(AppMain.java:144)
[INFO][2016-04-11 16:05:40]WebDriver changing value in element found By.id: order-order_customer_phone from '' to '14723521450'
[ERROR][2016-04-11 16:05:44]WebDriver error: Element not found By.xpath: //*[@id='order-address_id']/div[1]/div[1]/select
[INFO][2016-04-11 16:05:44]WebDriver clicking on:'xpath: //*[@id='order-address_id']/div[1]/button'
[INFO][2016-04-11 16:05:44]WebDriver changing value in element found By.xpath: //*[@id="order-address_id"]/div[1]/div[4]/input from '' to ''
[INFO][2016-04-11 16:05:44]WebDriver changing value in element found By.xpath: //*[@id="order-address_id"]/div[1]/div[4]/input from '' to ''
[INFO][2016-04-11 16:05:44]WebDriver clicking on:'xpath: //*[@id="order-address_id"]/div[1]/div[7]/button[1]'
[INFO][2016-04-11 16:05:45]WebDriver clicking on:'xpath: //*[@id='order-address_id']/div[1]/label[1]/input'
[INFO][2016-04-11 16:06:06]/\/\/\/\/\/\---TestCase = MakeOrder_Test---/\/\/\/\/\/\
[INFO][2016-04-11 16:06:06]#####################################################
[INFO][2016-04-11 16:07:25]#####################################################
[INFO][2016-04-11 16:07:25]\/\/\/\/\/\/---TestCase = MakeOrder_Test---\/\/\/\/\/\/
[INFO][2016-04-11 16:07:28]WebDriver navigating to:'http://test.boss.1jiajie.com/'
[INFO][2016-04-11 16:07:50]WebDriver changing value in element found By.id: loginform-username from '' to ''
[INFO][2016-04-11 16:07:50]WebDriver changing value in element found By.id: loginform-username from '' to 'admin'
[INFO][2016-04-11 16:07:50]WebDriver changing value in element found By.id: loginform-password from '' to ''
[INFO][2016-04-11 16:07:50]WebDriver changing value in element found By.id: loginform-password from '' to 'Test2016QA'
[INFO][2016-04-11 16:07:58]WebDriver clicking on:'xpath: //*[@id='list']/li[5]/button'
[ERROR][2016-04-11 16:08:03]WebDriver error:
org.openqa.selenium.InvalidSelectorException: invalid selector: Unable to locate an element with the xpath expression /html/body/div[2]/aside[1]/div/section/div[1]/div[2]/p[1] because of the following error:
TypeError: Failed to execute 'createNSResolver' on 'Document': parameter 1 is not of type 'Node'.
  (Session info: chrome=49.0.2623.87)
  (Driver info: chromedriver=2.16.333243 (0bfa1d3575fc1044244f21ddb82bf870944ef961),platform=Windows NT 6.1 SP1 x86_64) (WARNING: The server did not provide any stacktrace information)
Command duration or timeout: 4.76 seconds
For documentation on this error, please visit: http://seleniumhq.org/exceptions/invalid_selector_exception.html
Build info: version: '2.53.0', revision: '35ae25b1534ae328c771e0856c93e187490ca824', time: '2016-03-15 10:43:46'
System info: host: 'song-PC', ip: '192.168.12.104', os.name: 'Windows 7', os.arch: 'amd64', os.version: '6.1', java.version: '1.7.0_79'
*** Element info: {Using=xpath, value=/html/body/div[2]/aside[1]/div/section/div[1]/div[2]/p[1]}
Session ID: 5a1f279ba480ac22f73342d321ddf5b7
Driver info: org.openqa.selenium.chrome.ChromeDriver
Capabilities [{platform=XP, acceptSslCerts=true, javascriptEnabled=true, browserName=chrome, chrome={userDataDir=C:\Users\ADMINI~1\AppData\Local\Temp\scoped_dir7108_2266}, rotatable=false, locationContextEnabled=true, mobileEmulationEnabled=false, version=49.0.2623.87, takesHeapSnapshot=true, cssSelectorsEnabled=true, databaseEnabled=false, handlesAlerts=true, browserConnectionEnabled=false, webStorageEnabled=true, nativeEvents=true, hasTouchScreen=false, applicationCacheEnabled=false, takesScreenshot=true}]
	at sun.reflect.NativeConstructorAccessorImpl.newInstance0(Native Method)
	at sun.reflect.NativeConstructorAccessorImpl.newInstance(NativeConstructorAccessorImpl.java:57)
	at sun.reflect.DelegatingConstructorAccessorImpl.newInstance(DelegatingConstructorAccessorImpl.java:45)
	at java.lang.reflect.Constructor.newInstance(Constructor.java:526)
	at org.openqa.selenium.remote.ErrorHandler.createThrowable(ErrorHandler.java:206)
	at org.openqa.selenium.remote.ErrorHandler.throwIfResponseFailed(ErrorHandler.java:158)
	at org.openqa.selenium.remote.RemoteWebDriver.execute(RemoteWebDriver.java:678)
	at org.openqa.selenium.remote.RemoteWebDriver.findElement(RemoteWebDriver.java:363)
	at org.openqa.selenium.remote.RemoteWebDriver.findElementByXPath(RemoteWebDriver.java:500)
	at org.openqa.selenium.By$ByXPath.findElement(By.java:361)
	at org.openqa.selenium.remote.RemoteWebDriver.findElement(RemoteWebDriver.java:355)
	at sun.reflect.NativeMethodAccessorImpl.invoke0(Native Method)
	at sun.reflect.NativeMethodAccessorImpl.invoke(NativeMethodAccessorImpl.java:57)
	at sun.reflect.DelegatingMethodAccessorImpl.invoke(DelegatingMethodAccessorImpl.java:43)
	at java.lang.reflect.Method.invoke(Method.java:606)
	at org.openqa.selenium.support.events.EventFiringWebDriver$2.invoke(EventFiringWebDriver.java:103)
	at com.sun.proxy.$Proxy11.findElement(Unknown Source)
	at org.openqa.selenium.support.events.EventFiringWebDriver.findElement(EventFiringWebDriver.java:188)
	at org.openqa.selenium.support.pagefactory.DefaultElementLocator.findElement(DefaultElementLocator.java:69)
	at org.openqa.selenium.support.pagefactory.internal.LocatingElementHandler.invoke(LocatingElementHandler.java:38)
	at com.sun.proxy.$Proxy13.getText(Unknown Source)
	at webtest.core.util.Wait.reFresh(Wait.java:26)
	at cases_ejj.LoginTest.login(LoginTest.java:25)
	at cases_ejj.MakeOrder_Test.beforeMethod(MakeOrder_Test.java:41)
	at sun.reflect.NativeMethodAccessorImpl.invoke0(Native Method)
	at sun.reflect.NativeMethodAccessorImpl.invoke(NativeMethodAccessorImpl.java:57)
	at sun.reflect.DelegatingMethodAccessorImpl.invoke(DelegatingMethodAccessorImpl.java:43)
	at java.lang.reflect.Method.invoke(Method.java:606)
	at org.testng.internal.MethodInvocationHelper.invokeMethod(MethodInvocationHelper.java:84)
	at org.testng.internal.Invoker.invokeConfigurationMethod(Invoker.java:564)
	at org.testng.internal.Invoker.invokeConfigurations(Invoker.java:213)
	at org.testng.internal.Invoker.invokeMethod(Invoker.java:653)
	at org.testng.internal.Invoker.invokeTestMethod(Invoker.java:901)
	at org.testng.internal.Invoker.invokeTestMethods(Invoker.java:1231)
	at org.testng.internal.TestMethodWorker.invokeTestMethods(TestMethodWorker.java:127)
	at org.testng.internal.TestMethodWorker.run(TestMethodWorker.java:111)
	at org.testng.TestRunner.privateRun(TestRunner.java:767)
	at org.testng.TestRunner.run(TestRunner.java:617)
	at org.testng.SuiteRunner.runTest(SuiteRunner.java:334)
	at org.testng.SuiteRunner.runSequentially(SuiteRunner.java:329)
	at org.testng.SuiteRunner.privateRun(SuiteRunner.java:291)
	at org.testng.SuiteRunner.run(SuiteRunner.java:240)
	at org.testng.SuiteRunnerWorker.runSuite(SuiteRunnerWorker.java:52)
	at org.testng.SuiteRunnerWorker.run(SuiteRunnerWorker.java:86)
	at org.testng.TestNG.runSuitesSequentially(TestNG.java:1224)
	at org.testng.TestNG.runSuitesLocally(TestNG.java:1149)
	at org.testng.TestNG.run(TestNG.java:1057)
	at org.testng.IDEARemoteTestNG.run(IDEARemoteTestNG.java:74)
	at org.testng.RemoteTestNGStarter.main(RemoteTestNGStarter.java:121)
	at sun.reflect.NativeMethodAccessorImpl.invoke0(Native Method)
	at sun.reflect.NativeMethodAccessorImpl.invoke(NativeMethodAccessorImpl.java:57)
	at sun.reflect.DelegatingMethodAccessorImpl.invoke(DelegatingMethodAccessorImpl.java:43)
	at java.lang.reflect.Method.invoke(Method.java:606)
	at com.intellij.rt.execution.application.AppMain.main(AppMain.java:144)
[INFO][2016-04-11 16:08:07]WebDriver changing value in element found By.id: order-order_customer_phone from '' to '14723521450'
[ERROR][2016-04-11 16:08:11]WebDriver error: Element not found By.xpath: //*[@id='order-address_id']/div[1]/div[1]/select
[INFO][2016-04-11 16:08:11]WebDriver clicking on:'xpath: //*[@id='order-address_id']/div[1]/button'
[INFO][2016-04-11 16:08:11]WebDriver changing value in element found By.xpath: //*[@id="order-address_id"]/div[1]/div[4]/input from '' to ''
[INFO][2016-04-11 16:08:11]WebDriver changing value in element found By.xpath: //*[@id="order-address_id"]/div[1]/div[4]/input from '' to ''
[INFO][2016-04-11 16:08:12]WebDriver clicking on:'xpath: //*[@id="order-address_id"]/div[1]/div[7]/button[1]'
[INFO][2016-04-11 16:08:12]WebDriver clicking on:'xpath: //*[@id='order-address_id']/div[1]/label[1]/input'
[INFO][2016-04-11 16:08:33]/\/\/\/\/\/\---TestCase = MakeOrder_Test---/\/\/\/\/\/\
[INFO][2016-04-11 16:08:33]#####################################################
[INFO][2016-04-11 16:10:06]#####################################################
[INFO][2016-04-11 16:10:06]\/\/\/\/\/\/---TestCase = MakeOrder_Test---\/\/\/\/\/\/
[INFO][2016-04-11 16:10:08]WebDriver navigating to:'http://test.boss.1jiajie.com/'
[INFO][2016-04-11 16:10:18]WebDriver changing value in element found By.id: loginform-username from '' to ''
[INFO][2016-04-11 16:10:18]WebDriver changing value in element found By.id: loginform-username from '' to 'admin'
[INFO][2016-04-11 16:10:18]WebDriver changing value in element found By.id: loginform-password from '' to ''
[INFO][2016-04-11 16:10:18]WebDriver changing value in element found By.id: loginform-password from '' to 'Test2016QA'
[INFO][2016-04-11 16:10:26]WebDriver clicking on:'xpath: //*[@id='list']/li[5]/button'
[ERROR][2016-04-11 16:10:29]WebDriver error:
org.openqa.selenium.InvalidSelectorException: invalid selector: Unable to locate an element with the xpath expression /html/body/div[2]/aside[1]/div/section/div[1]/div[2]/p[1] because of the following error:
TypeError: Failed to execute 'createNSResolver' on 'Document': parameter 1 is not of type 'Node'.
  (Session info: chrome=49.0.2623.87)
  (Driver info: chromedriver=2.16.333243 (0bfa1d3575fc1044244f21ddb82bf870944ef961),platform=Windows NT 6.1 SP1 x86_64) (WARNING: The server did not provide any stacktrace information)
Command duration or timeout: 2.72 seconds
For documentation on this error, please visit: http://seleniumhq.org/exceptions/invalid_selector_exception.html
Build info: version: '2.53.0', revision: '35ae25b1534ae328c771e0856c93e187490ca824', time: '2016-03-15 10:43:46'
System info: host: 'song-PC', ip: '192.168.12.104', os.name: 'Windows 7', os.arch: 'amd64', os.version: '6.1', java.version: '1.7.0_79'
*** Element info: {Using=xpath, value=/html/body/div[2]/aside[1]/div/section/div[1]/div[2]/p[1]}
Session ID: 8b43467c5f5d667af191d91991e55f14
Driver info: org.openqa.selenium.chrome.ChromeDriver
Capabilities [{platform=XP, acceptSslCerts=true, javascriptEnabled=true, browserName=chrome, chrome={userDataDir=C:\Users\ADMINI~1\AppData\Local\Temp\scoped_dir7200_11729}, rotatable=false, locationContextEnabled=true, mobileEmulationEnabled=false, version=49.0.2623.87, takesHeapSnapshot=true, cssSelectorsEnabled=true, databaseEnabled=false, handlesAlerts=true, browserConnectionEnabled=false, webStorageEnabled=true, nativeEvents=true, hasTouchScreen=false, applicationCacheEnabled=false, takesScreenshot=true}]
	at sun.reflect.NativeConstructorAccessorImpl.newInstance0(Native Method)
	at sun.reflect.NativeConstructorAccessorImpl.newInstance(NativeConstructorAccessorImpl.java:57)
	at sun.reflect.DelegatingConstructorAccessorImpl.newInstance(DelegatingConstructorAccessorImpl.java:45)
	at java.lang.reflect.Constructor.newInstance(Constructor.java:526)
	at org.openqa.selenium.remote.ErrorHandler.createThrowable(ErrorHandler.java:206)
	at org.openqa.selenium.remote.ErrorHandler.throwIfResponseFailed(ErrorHandler.java:158)
	at org.openqa.selenium.remote.RemoteWebDriver.execute(RemoteWebDriver.java:678)
	at org.openqa.selenium.remote.RemoteWebDriver.findElement(RemoteWebDriver.java:363)
	at org.openqa.selenium.remote.RemoteWebDriver.findElementByXPath(RemoteWebDriver.java:500)
	at org.openqa.selenium.By$ByXPath.findElement(By.java:361)
	at org.openqa.selenium.remote.RemoteWebDriver.findElement(RemoteWebDriver.java:355)
	at sun.reflect.NativeMethodAccessorImpl.invoke0(Native Method)
	at sun.reflect.NativeMethodAccessorImpl.invoke(NativeMethodAccessorImpl.java:57)
	at sun.reflect.DelegatingMethodAccessorImpl.invoke(DelegatingMethodAccessorImpl.java:43)
	at java.lang.reflect.Method.invoke(Method.java:606)
	at org.openqa.selenium.support.events.EventFiringWebDriver$2.invoke(EventFiringWebDriver.java:103)
	at com.sun.proxy.$Proxy11.findElement(Unknown Source)
	at org.openqa.selenium.support.events.EventFiringWebDriver.findElement(EventFiringWebDriver.java:188)
	at org.openqa.selenium.support.pagefactory.DefaultElementLocator.findElement(DefaultElementLocator.java:69)
	at org.openqa.selenium.support.pagefactory.internal.LocatingElementHandler.invoke(LocatingElementHandler.java:38)
	at com.sun.proxy.$Proxy13.getText(Unknown Source)
	at webtest.core.util.Wait.reFresh(Wait.java:26)
	at cases_ejj.LoginTest.login(LoginTest.java:25)
	at cases_ejj.MakeOrder_Test.beforeMethod(MakeOrder_Test.java:41)
	at sun.reflect.NativeMethodAccessorImpl.invoke0(Native Method)
	at sun.reflect.NativeMethodAccessorImpl.invoke(NativeMethodAccessorImpl.java:57)
	at sun.reflect.DelegatingMethodAccessorImpl.invoke(DelegatingMethodAccessorImpl.java:43)
	at java.lang.reflect.Method.invoke(Method.java:606)
	at org.testng.internal.MethodInvocationHelper.invokeMethod(MethodInvocationHelper.java:84)
	at org.testng.internal.Invoker.invokeConfigurationMethod(Invoker.java:564)
	at org.testng.internal.Invoker.invokeConfigurations(Invoker.java:213)
	at org.testng.internal.Invoker.invokeMethod(Invoker.java:653)
	at org.testng.internal.Invoker.invokeTestMethod(Invoker.java:901)
	at org.testng.internal.Invoker.invokeTestMethods(Invoker.java:1231)
	at org.testng.internal.TestMethodWorker.invokeTestMethods(TestMethodWorker.java:127)
	at org.testng.internal.TestMethodWorker.run(TestMethodWorker.java:111)
	at org.testng.TestRunner.privateRun(TestRunner.java:767)
	at org.testng.TestRunner.run(TestRunner.java:617)
	at org.testng.SuiteRunner.runTest(SuiteRunner.java:334)
	at org.testng.SuiteRunner.runSequentially(SuiteRunner.java:329)
	at org.testng.SuiteRunner.privateRun(SuiteRunner.java:291)
	at org.testng.SuiteRunner.run(SuiteRunner.java:240)
	at org.testng.SuiteRunnerWorker.runSuite(SuiteRunnerWorker.java:52)
	at org.testng.SuiteRunnerWorker.run(SuiteRunnerWorker.java:86)
	at org.testng.TestNG.runSuitesSequentially(TestNG.java:1224)
	at org.testng.TestNG.runSuitesLocally(TestNG.java:1149)
	at org.testng.TestNG.run(TestNG.java:1057)
	at org.testng.IDEARemoteTestNG.run(IDEARemoteTestNG.java:74)
	at org.testng.RemoteTestNGStarter.main(RemoteTestNGStarter.java:121)
	at sun.reflect.NativeMethodAccessorImpl.invoke0(Native Method)
	at sun.reflect.NativeMethodAccessorImpl.invoke(NativeMethodAccessorImpl.java:57)
	at sun.reflect.DelegatingMethodAccessorImpl.invoke(DelegatingMethodAccessorImpl.java:43)
	at java.lang.reflect.Method.invoke(Method.java:606)
	at com.intellij.rt.execution.application.AppMain.main(AppMain.java:144)
[INFO][2016-04-11 16:10:32]WebDriver changing value in element found By.id: order-order_customer_phone from '' to '14723521450'
[ERROR][2016-04-11 16:10:35]WebDriver error: Element not found By.xpath: //*[@id="order-address_id"]/div[1]/div[1]/select
[INFO][2016-04-11 16:10:36]/\/\/\/\/\/\---TestCase = MakeOrder_Test---/\/\/\/\/\/\
[INFO][2016-04-11 16:10:36]#####################################################
[INFO][2016-04-11 16:18:26]#####################################################
[INFO][2016-04-11 16:18:26]\/\/\/\/\/\/---TestCase = MakeOrder_Test---\/\/\/\/\/\/
[INFO][2016-04-11 16:18:28]WebDriver navigating to:'http://test.boss.1jiajie.com/'
[INFO][2016-04-11 16:18:40]WebDriver changing value in element found By.id: loginform-username from '' to ''
[INFO][2016-04-11 16:18:40]WebDriver changing value in element found By.id: loginform-username from '' to 'admin'
[INFO][2016-04-11 16:18:40]WebDriver changing value in element found By.id: loginform-password from '' to ''
[INFO][2016-04-11 16:18:40]WebDriver changing value in element found By.id: loginform-password from '' to 'Test2016QA'
[INFO][2016-04-11 16:18:48]WebDriver clicking on:'xpath: //*[@id='list']/li[5]/button'
[INFO][2016-04-11 16:18:55]WebDriver changing value in element found By.id: order-order_customer_phone from '' to '14723521450'
[ERROR][2016-04-11 16:18:59]WebDriver error: Element not found By.xpath: //*[@id='order-address_id']/div[1]/div[1]/select
[INFO][2016-04-11 16:18:59]WebDriver clicking on:'xpath: //*[@id='order-address_id']/div[1]/button'
[INFO][2016-04-11 16:19:00]WebDriver changing value in element found By.xpath: //*[@id="order-address_id"]/div[1]/div[4]/input from '' to ''
[INFO][2016-04-11 16:19:00]WebDriver changing value in element found By.xpath: //*[@id="order-address_id"]/div[1]/div[4]/input from '' to ''
[INFO][2016-04-11 16:19:00]WebDriver clicking on:'xpath: //*[@id="order-address_id"]/div[1]/div[7]/button[1]'
[INFO][2016-04-11 16:19:00]WebDriver clicking on:'xpath: //*[@id='order-address_id']/div[1]/label[1]/input'
[INFO][2016-04-11 16:19:21]/\/\/\/\/\/\---TestCase = MakeOrder_Test---/\/\/\/\/\/\
[INFO][2016-04-11 16:19:21]#####################################################
[INFO][2016-04-11 16:24:49]#####################################################
[INFO][2016-04-11 16:24:49]\/\/\/\/\/\/---TestCase = MakeOrder_Test---\/\/\/\/\/\/
[INFO][2016-04-11 16:24:52]WebDriver navigating to:'http://test.boss.1jiajie.com/'
[INFO][2016-04-11 16:25:07]WebDriver changing value in element found By.id: loginform-username from '' to ''
[INFO][2016-04-11 16:25:07]WebDriver changing value in element found By.id: loginform-username from '' to 'admin'
[INFO][2016-04-11 16:25:07]WebDriver changing value in element found By.id: loginform-password from '' to ''
[INFO][2016-04-11 16:25:08]WebDriver changing value in element found By.id: loginform-password from '' to 'Test2016QA'
[INFO][2016-04-11 16:25:16]WebDriver clicking on:'xpath: //*[@id='list']/li[5]/button'
[INFO][2016-04-11 16:25:22]WebDriver changing value in element found By.id: order-order_customer_phone from '' to '14723521450'
[ERROR][2016-04-11 16:25:25]WebDriver error: Element not found By.xpath: //*[@id='order-address_id']/div[1]/div[1]/select
[INFO][2016-04-11 16:25:25]WebDriver clicking on:'xpath: //*[@id='order-address_id']/div[1]/button'
[INFO][2016-04-11 16:25:26]WebDriver changing value in element found By.xpath: //*[@id="order-address_id"]/div[1]/div[4]/input from '' to ''
[INFO][2016-04-11 16:25:26]WebDriver changing value in element found By.xpath: //*[@id="order-address_id"]/div[1]/div[4]/input from '' to ''
[INFO][2016-04-11 16:25:26]WebDriver clicking on:'xpath: //*[@id="order-address_id"]/div[1]/div[7]/button[1]'
[INFO][2016-04-11 16:25:26]WebDriver clicking on:'xpath: //*[@id='order-address_id']/div[1]/label[1]/input'
[INFO][2016-04-11 16:25:47]/\/\/\/\/\/\---TestCase = MakeOrder_Test---/\/\/\/\/\/\
[INFO][2016-04-11 16:25:47]#####################################################
[INFO][2016-04-11 16:26:00]#####################################################
[INFO][2016-04-11 16:26:00]\/\/\/\/\/\/---TestCase = MakeOrder_Test---\/\/\/\/\/\/
[INFO][2016-04-11 16:26:03]WebDriver navigating to:'http://test.boss.1jiajie.com/'
[INFO][2016-04-11 16:26:13]WebDriver changing value in element found By.id: loginform-username from '' to ''
[INFO][2016-04-11 16:26:13]WebDriver changing value in element found By.id: loginform-username from '' to 'admin'
[INFO][2016-04-11 16:26:13]WebDriver changing value in element found By.id: loginform-password from '' to ''
[INFO][2016-04-11 16:26:13]WebDriver changing value in element found By.id: loginform-password from '' to 'Test2016QA'
[INFO][2016-04-11 16:26:21]WebDriver clicking on:'xpath: //*[@id='list']/li[5]/button'
[ERROR][2016-04-11 16:26:26]WebDriver error: Element not found By.xpath: /html/body/div[2]/aside[1]/div/section/div[1]/div[2]/p[1]
[INFO][2016-04-11 16:26:30]WebDriver changing value in element found By.id: order-order_customer_phone from '' to '14723521450'
[ERROR][2016-04-11 16:26:33]WebDriver error: Element not found By.xpath: //*[@id='order-address_id']/div[1]/div[1]/select
[INFO][2016-04-11 16:26:33]WebDriver clicking on:'xpath: //*[@id='order-address_id']/div[1]/button'
[INFO][2016-04-11 16:26:33]WebDriver changing value in element found By.xpath: //*[@id="order-address_id"]/div[1]/div[4]/input from '' to ''
[INFO][2016-04-11 16:26:33]WebDriver changing value in element found By.xpath: //*[@id="order-address_id"]/div[1]/div[4]/input from '' to ''
[INFO][2016-04-11 16:26:34]WebDriver clicking on:'xpath: //*[@id="order-address_id"]/div[1]/div[7]/button[1]'
[INFO][2016-04-11 16:26:34]WebDriver clicking on:'xpath: //*[@id='order-address_id']/div[1]/label[1]/input'
[INFO][2016-04-11 16:26:55]/\/\/\/\/\/\---TestCase = MakeOrder_Test---/\/\/\/\/\/\
[INFO][2016-04-11 16:26:55]#####################################################
[INFO][2016-04-11 16:27:42]#####################################################
[INFO][2016-04-11 16:27:42]\/\/\/\/\/\/---TestCase = MakeOrder_Test---\/\/\/\/\/\/
[INFO][2016-04-11 16:27:45]WebDriver navigating to:'http://test.boss.1jiajie.com/'
[INFO][2016-04-11 16:27:54]WebDriver changing value in element found By.id: loginform-username from '' to ''
[INFO][2016-04-11 16:27:54]WebDriver changing value in element found By.id: loginform-username from '' to 'admin'
[INFO][2016-04-11 16:27:54]WebDriver changing value in element found By.id: loginform-password from '' to ''
[INFO][2016-04-11 16:27:54]WebDriver changing value in element found By.id: loginform-password from '' to 'Test2016QA'
[INFO][2016-04-11 16:28:02]WebDriver clicking on:'xpath: //*[@id='list']/li[5]/button'
[ERROR][2016-04-11 16:28:05]WebDriver error: Element not found By.xpath: /html/body/div[2]/aside[1]/div/section/div[1]/div[2]/p[1]
[ERROR][2016-04-11 16:28:08]WebDriver error: Element not found By.xpath: /html/body/div[2]/aside[1]/div/section/div[1]/div[2]/p[1]
[ERROR][2016-04-11 16:28:14]WebDriver error: Element not found By.xpath: /html/body/div[2]/aside[1]/div/section/div[1]/div[2]/p[1]
[INFO][2016-04-11 16:28:18]WebDriver changing value in element found By.id: order-order_customer_phone from '' to '14723521450'
[ERROR][2016-04-11 16:28:21]WebDriver error: Element not found By.xpath: //*[@id='order-address_id']/div[1]/div[1]/select
[INFO][2016-04-11 16:28:21]WebDriver clicking on:'xpath: //*[@id='order-address_id']/div[1]/button'
[INFO][2016-04-11 16:28:22]WebDriver changing value in element found By.xpath: //*[@id="order-address_id"]/div[1]/div[4]/input from '' to ''
[INFO][2016-04-11 16:28:22]WebDriver changing value in element found By.xpath: //*[@id="order-address_id"]/div[1]/div[4]/input from '' to ''
[INFO][2016-04-11 16:28:22]WebDriver clicking on:'xpath: //*[@id="order-address_id"]/div[1]/div[7]/button[1]'
[INFO][2016-04-11 16:28:22]WebDriver clicking on:'xpath: //*[@id='order-address_id']/div[1]/label[1]/input'
[INFO][2016-04-11 16:28:43]/\/\/\/\/\/\---TestCase = MakeOrder_Test---/\/\/\/\/\/\
[INFO][2016-04-11 16:28:43]#####################################################
[INFO][2016-04-11 16:31:19]#####################################################
[INFO][2016-04-11 16:31:19]\/\/\/\/\/\/---TestCase = MakeOrder_Test---\/\/\/\/\/\/
[INFO][2016-04-11 16:31:22]WebDriver navigating to:'http://test.boss.1jiajie.com/'
[INFO][2016-04-11 16:31:32]WebDriver changing value in element found By.id: loginform-username from '' to ''
[INFO][2016-04-11 16:31:32]WebDriver changing value in element found By.id: loginform-username from '' to 'admin'
[INFO][2016-04-11 16:31:32]WebDriver changing value in element found By.id: loginform-password from '' to ''
[INFO][2016-04-11 16:31:32]WebDriver changing value in element found By.id: loginform-password from '' to 'Test2016QA'
[INFO][2016-04-11 16:31:40]WebDriver clicking on:'xpath: //*[@id='list']/li[5]/button'
[INFO][2016-04-11 16:31:46]WebDriver changing value in element found By.id: order-order_customer_phone from '' to '14723521490'
[INFO][2016-04-11 16:31:47]WebDriver clicking on:'xpath: //*[@id="order-address_id"]/div[1]/div[1]/select]]'
[INFO][2016-04-11 16:31:48]WebDriver clicking on:'xpath: //*[@id="order-address_id"]/div[1]/div[2]/select]]'
[INFO][2016-04-11 16:31:48]WebDriver clicking on:'xpath: //*[@id="order-address_id"]/div[1]/div[3]/select]]'
[INFO][2016-04-11 16:31:48]WebDriver changing value in element found By.xpath: //*[@id="order-address_id"]/div[1]/div[4]/input from '' to ''
[INFO][2016-04-11 16:31:48]WebDriver changing value in element found By.xpath: //*[@id="order-address_id"]/div[1]/div[4]/input from '' to ''
[INFO][2016-04-11 16:31:48]WebDriver clicking on:'xpath: //*[@id="order-address_id"]/div[1]/div[7]/button[1]'
[INFO][2016-04-11 16:31:49]WebDriver clicking on:'xpath: //*[@id='order-address_id']/div[1]/label[1]/input'
[INFO][2016-04-11 16:32:10]/\/\/\/\/\/\---TestCase = MakeOrder_Test---/\/\/\/\/\/\
[INFO][2016-04-11 16:32:10]#####################################################
[INFO][2016-04-11 16:33:42]#####################################################
[INFO][2016-04-11 16:33:42]\/\/\/\/\/\/---TestCase = MakeOrder_Test---\/\/\/\/\/\/
[INFO][2016-04-11 16:33:45]WebDriver navigating to:'http://test.boss.1jiajie.com/'
[INFO][2016-04-11 16:33:58]WebDriver changing value in element found By.id: loginform-username from '' to ''
[INFO][2016-04-11 16:33:58]WebDriver changing value in element found By.id: loginform-username from '' to 'admin'
[INFO][2016-04-11 16:33:59]WebDriver changing value in element found By.id: loginform-password from '' to ''
[INFO][2016-04-11 16:33:59]WebDriver changing value in element found By.id: loginform-password from '' to 'Test2016QA'
[INFO][2016-04-11 16:34:07]WebDriver clicking on:'xpath: //*[@id='list']/li[5]/button'
[ERROR][2016-04-11 16:34:10]WebDriver error: Element not found By.xpath: /html/body/div[2]/aside[1]/div/section/div[1]/div[2]/p[1]
[INFO][2016-04-11 16:34:15]WebDriver changing value in element found By.id: order-order_customer_phone from '' to '14723521490'
[ERROR][2016-04-11 16:34:18]WebDriver error: Element not found By.xpath: //*[@id='order-address_id']/div[1]/div[1]/select
[INFO][2016-04-11 16:34:18]WebDriver clicking on:'xpath: //*[@id='order-address_id']/div[1]/button'
[INFO][2016-04-11 16:34:19]WebDriver changing value in element found By.xpath: //*[@id="order-address_id"]/div[1]/div[4]/input from '' to ''
[INFO][2016-04-11 16:34:19]WebDriver changing value in element found By.xpath: //*[@id="order-address_id"]/div[1]/div[4]/input from '' to ''
[INFO][2016-04-11 16:34:19]WebDriver clicking on:'xpath: //*[@id="order-address_id"]/div[1]/div[7]/button[1]'
[INFO][2016-04-11 16:34:20]WebDriver clicking on:'xpath: //*[@id='order-address_id']/div[1]/label[1]'
[INFO][2016-04-11 16:34:26]/\/\/\/\/\/\---TestCase = MakeOrder_Test---/\/\/\/\/\/\
[INFO][2016-04-11 16:34:26]#####################################################
[INFO][2016-04-11 16:37:30]#####################################################
[INFO][2016-04-11 16:37:30]\/\/\/\/\/\/---TestCase = MakeOrder_Test---\/\/\/\/\/\/
[INFO][2016-04-11 16:37:32]WebDriver navigating to:'http://test.boss.1jiajie.com/'
[INFO][2016-04-11 16:37:44]WebDriver changing value in element found By.id: loginform-username from '' to ''
[INFO][2016-04-11 16:37:45]WebDriver changing value in element found By.id: loginform-username from '' to 'admin'
[INFO][2016-04-11 16:37:45]WebDriver changing value in element found By.id: loginform-password from '' to ''
[INFO][2016-04-11 16:37:45]WebDriver changing value in element found By.id: loginform-password from '' to 'Test2016QA'
[INFO][2016-04-11 16:37:53]WebDriver clicking on:'xpath: //*[@id='list']/li[5]/button'
[INFO][2016-04-11 16:37:59]WebDriver changing value in element found By.id: order-order_customer_phone from '' to '14723521490'
[ERROR][2016-04-11 16:38:02]WebDriver error: Element not found By.xpath: //*[@id='order-address_id']/div[1]/div[1]/select
[INFO][2016-04-11 16:38:02]WebDriver clicking on:'xpath: //*[@id='order-address_id']/div[1]/button'
[INFO][2016-04-11 16:38:03]WebDriver changing value in element found By.xpath: //*[@id="order-address_id"]/div[1]/div[4]/input from '' to ''
[INFO][2016-04-11 16:38:03]WebDriver changing value in element found By.xpath: //*[@id="order-address_id"]/div[1]/div[4]/input from '' to ''
[INFO][2016-04-11 16:38:03]WebDriver clicking on:'xpath: //*[@id="order-address_id"]/div[1]/div[7]/button[1]'
[INFO][2016-04-11 16:38:04]WebDriver clicking on:'xpath: //*[@id='order-address_id']/div[1]/label[1]'
[INFO][2016-04-11 16:38:10]/\/\/\/\/\/\---TestCase = MakeOrder_Test---/\/\/\/\/\/\
[INFO][2016-04-11 16:38:10]#####################################################
[INFO][2016-04-11 16:45:49]#####################################################
[INFO][2016-04-11 16:45:49]\/\/\/\/\/\/---TestCase = MakeOrder_Test---\/\/\/\/\/\/
[INFO][2016-04-11 16:45:52]WebDriver navigating to:'http://test.boss.1jiajie.com/'
[INFO][2016-04-11 16:46:02]WebDriver changing value in element found By.id: loginform-username from '' to ''
[INFO][2016-04-11 16:46:02]WebDriver changing value in element found By.id: loginform-username from '' to 'admin'
[INFO][2016-04-11 16:46:02]WebDriver changing value in element found By.id: loginform-password from '' to ''
[INFO][2016-04-11 16:46:02]WebDriver changing value in element found By.id: loginform-password from '' to 'Test2016QA'
[INFO][2016-04-11 16:46:10]WebDriver clicking on:'xpath: //*[@id='list']/li[5]/button'
[INFO][2016-04-11 16:46:16]WebDriver changing value in element found By.id: order-order_customer_phone from '' to '14723521490'
[ERROR][2016-04-11 16:46:19]WebDriver error: Element not found By.xpath: //*[@id='order-address_id']/div[1]/div[1]/select
[INFO][2016-04-11 16:46:19]WebDriver clicking on:'xpath: //*[@id='order-address_id']/div[1]/button'
[INFO][2016-04-11 16:46:19]WebDriver changing value in element found By.xpath: //*[@id="order-address_id"]/div[1]/div[4]/input from '' to ''
[INFO][2016-04-11 16:46:19]WebDriver changing value in element found By.xpath: //*[@id="order-address_id"]/div[1]/div[4]/input from '' to ''
[INFO][2016-04-11 16:46:19]WebDriver clicking on:'xpath: //*[@id="order-address_id"]/div[1]/div[7]/button[1]'
[INFO][2016-04-11 16:46:20]WebDriver clicking on:'xpath: //*[@id='order-address_id']/div[1]/label[1]'
[INFO][2016-04-11 16:46:26]/\/\/\/\/\/\---TestCase = MakeOrder_Test---/\/\/\/\/\/\
[INFO][2016-04-11 16:46:26]#####################################################
[INFO][2016-04-11 17:05:29]#####################################################
[INFO][2016-04-11 17:05:29]\/\/\/\/\/\/---TestCase = MakeOrder_Test---\/\/\/\/\/\/
[INFO][2016-04-11 17:05:32]WebDriver navigating to:'http://test.boss.1jiajie.com/'
[INFO][2016-04-11 17:05:48]WebDriver changing value in element found By.id: loginform-username from '' to ''
[INFO][2016-04-11 17:05:48]WebDriver changing value in element found By.id: loginform-username from '' to 'admin'
[INFO][2016-04-11 17:05:49]WebDriver changing value in element found By.id: loginform-password from '' to ''
[INFO][2016-04-11 17:05:49]WebDriver changing value in element found By.id: loginform-password from '' to 'Test2016QA'
[INFO][2016-04-11 17:05:57]WebDriver clicking on:'xpath: //*[@id='list']/li[5]/button'
[INFO][2016-04-11 17:06:31]WebDriver navigating to:'http://test.boss.1jiajie.com/'
[INFO][2016-04-11 17:10:45]#####################################################
[INFO][2016-04-11 17:10:45]\/\/\/\/\/\/---TestCase = MakeOrder_Test---\/\/\/\/\/\/
[INFO][2016-04-11 17:10:47]WebDriver navigating to:'http://test.boss.1jiajie.com/'
[INFO][2016-04-11 17:11:01]WebDriver changing value in element found By.id: loginform-username from '' to ''
[INFO][2016-04-11 17:11:01]WebDriver changing value in element found By.id: loginform-username from '' to 'admin'
[INFO][2016-04-11 17:11:01]WebDriver changing value in element found By.id: loginform-password from '' to ''
[INFO][2016-04-11 17:11:01]WebDriver changing value in element found By.id: loginform-password from '' to 'Test2016QA'
[INFO][2016-04-11 17:11:09]WebDriver clicking on:'xpath: //*[@id='list']/li[5]/button'
[INFO][2016-04-11 17:11:16]WebDriver changing value in element found By.id: order-order_customer_phone from '' to '14723521490'
[ERROR][2016-04-11 17:11:19]WebDriver error: Element not found By.xpath: //*[@id='order-address_id']/div[1]/div[1]/select
[INFO][2016-04-11 17:11:19]WebDriver clicking on:'xpath: //*[@id='order-address_id']/div[1]/button'
[INFO][2016-04-11 17:11:19]WebDriver changing value in element found By.xpath: //*[@id="order-address_id"]/div[1]/div[4]/input from '' to ''
[INFO][2016-04-11 17:11:19]WebDriver changing value in element found By.xpath: //*[@id="order-address_id"]/div[1]/div[4]/input from '' to ''
[INFO][2016-04-11 17:11:19]WebDriver clicking on:'xpath: //*[@id="order-address_id"]/div[1]/div[7]/button[1]'
[INFO][2016-04-11 17:11:20]WebDriver clicking on:'xpath: //*[@id='order-address_id']/div[1]/label[1]'
[INFO][2016-04-11 17:11:20]WebDriver clicking on:'xpath: //*[@id='order-order_service_item_id']/label[1]'
[INFO][2016-04-11 17:11:20]WebDriver navigating to:'http://test.boss.1jiajie.com/'
[ERROR][2016-04-11 17:11:24]WebDriver error: Element not found By.id: loginform-username
[INFO][2016-04-11 17:11:24]/\/\/\/\/\/\---TestCase = MakeOrder_Test---/\/\/\/\/\/\
[INFO][2016-04-11 17:11:24]#####################################################
[INFO][2016-04-11 17:14:07]/\/\/\/\/\/\---TestCase = MakeOrder_Test---/\/\/\/\/\/\
[INFO][2016-04-11 17:14:07]#####################################################
[INFO][2016-04-11 17:14:14]/\/\/\/\/\/\---TestCase = MakeOrder_Test---/\/\/\/\/\/\
[INFO][2016-04-11 17:14:14]#####################################################
[INFO][2016-04-11 17:18:23]#####################################################
[INFO][2016-04-11 17:18:23]\/\/\/\/\/\/---TestCase = MakeOrder_Test---\/\/\/\/\/\/
[INFO][2016-04-11 17:18:25]WebDriver navigating to:'http://test.boss.1jiajie.com/'
[INFO][2016-04-11 17:18:33]WebDriver changing value in element found By.id: loginform-username from '' to ''
[INFO][2016-04-11 17:18:33]WebDriver changing value in element found By.id: loginform-username from '' to 'admin'
[INFO][2016-04-11 17:18:33]WebDriver changing value in element found By.id: loginform-password from '' to ''
[INFO][2016-04-11 17:18:33]WebDriver changing value in element found By.id: loginform-password from '' to 'Test2016QA'
[INFO][2016-04-11 17:18:41]WebDriver clicking on:'xpath: //*[@id='list']/li[5]/button'
[ERROR][2016-04-11 17:18:44]WebDriver error:
org.openqa.selenium.InvalidSelectorException: invalid selector: Unable to locate an element with the xpath expression /html/body/div[2]/aside[1]/div/section/div[1]/div[2]/p[1] because of the following error:
TypeError: Failed to execute 'createNSResolver' on 'Document': parameter 1 is not of type 'Node'.
  (Session info: chrome=49.0.2623.87)
  (Driver info: chromedriver=2.16.333243 (0bfa1d3575fc1044244f21ddb82bf870944ef961),platform=Windows NT 6.1 SP1 x86_64) (WARNING: The server did not provide any stacktrace information)
Command duration or timeout: 2.25 seconds
For documentation on this error, please visit: http://seleniumhq.org/exceptions/invalid_selector_exception.html
Build info: version: '2.53.0', revision: '35ae25b1534ae328c771e0856c93e187490ca824', time: '2016-03-15 10:43:46'
System info: host: 'song-PC', ip: '192.168.12.104', os.name: 'Windows 7', os.arch: 'amd64', os.version: '6.1', java.version: '1.7.0_79'
*** Element info: {Using=xpath, value=/html/body/div[2]/aside[1]/div/section/div[1]/div[2]/p[1]}
Session ID: 79211299c5cc93f85a8e60cee232a605
Driver info: org.openqa.selenium.chrome.ChromeDriver
Capabilities [{platform=XP, acceptSslCerts=true, javascriptEnabled=true, browserName=chrome, chrome={userDataDir=C:\Users\ADMINI~1\AppData\Local\Temp\scoped_dir8860_14357}, rotatable=false, locationContextEnabled=true, mobileEmulationEnabled=false, version=49.0.2623.87, takesHeapSnapshot=true, cssSelectorsEnabled=true, databaseEnabled=false, handlesAlerts=true, browserConnectionEnabled=false, webStorageEnabled=true, nativeEvents=true, hasTouchScreen=false, applicationCacheEnabled=false, takesScreenshot=true}]
	at sun.reflect.NativeConstructorAccessorImpl.newInstance0(Native Method)
	at sun.reflect.NativeConstructorAccessorImpl.newInstance(NativeConstructorAccessorImpl.java:57)
	at sun.reflect.DelegatingConstructorAccessorImpl.newInstance(DelegatingConstructorAccessorImpl.java:45)
	at java.lang.reflect.Constructor.newInstance(Constructor.java:526)
	at org.openqa.selenium.remote.ErrorHandler.createThrowable(ErrorHandler.java:206)
	at org.openqa.selenium.remote.ErrorHandler.throwIfResponseFailed(ErrorHandler.java:158)
	at org.openqa.selenium.remote.RemoteWebDriver.execute(RemoteWebDriver.java:678)
	at org.openqa.selenium.remote.RemoteWebDriver.findElement(RemoteWebDriver.java:363)
	at org.openqa.selenium.remote.RemoteWebDriver.findElementByXPath(RemoteWebDriver.java:500)
	at org.openqa.selenium.By$ByXPath.findElement(By.java:361)
	at org.openqa.selenium.remote.RemoteWebDriver.findElement(RemoteWebDriver.java:355)
	at sun.reflect.NativeMethodAccessorImpl.invoke0(Native Method)
	at sun.reflect.NativeMethodAccessorImpl.invoke(NativeMethodAccessorImpl.java:57)
	at sun.reflect.DelegatingMethodAccessorImpl.invoke(DelegatingMethodAccessorImpl.java:43)
	at java.lang.reflect.Method.invoke(Method.java:606)
	at org.openqa.selenium.support.events.EventFiringWebDriver$2.invoke(EventFiringWebDriver.java:103)
	at com.sun.proxy.$Proxy11.findElement(Unknown Source)
	at org.openqa.selenium.support.events.EventFiringWebDriver.findElement(EventFiringWebDriver.java:188)
	at org.openqa.selenium.support.pagefactory.DefaultElementLocator.findElement(DefaultElementLocator.java:69)
	at org.openqa.selenium.support.pagefactory.internal.LocatingElementHandler.invoke(LocatingElementHandler.java:38)
	at com.sun.proxy.$Proxy13.getText(Unknown Source)
	at webtest.core.util.Wait.reFresh(Wait.java:26)
	at cases_ejj.LoginTest.login(LoginTest.java:25)
	at cases_ejj.MakeOrder_Test.beforeMethod(MakeOrder_Test.java:45)
	at sun.reflect.NativeMethodAccessorImpl.invoke0(Native Method)
	at sun.reflect.NativeMethodAccessorImpl.invoke(NativeMethodAccessorImpl.java:57)
	at sun.reflect.DelegatingMethodAccessorImpl.invoke(DelegatingMethodAccessorImpl.java:43)
	at java.lang.reflect.Method.invoke(Method.java:606)
	at org.testng.internal.MethodInvocationHelper.invokeMethod(MethodInvocationHelper.java:84)
	at org.testng.internal.Invoker.invokeConfigurationMethod(Invoker.java:564)
	at org.testng.internal.Invoker.invokeConfigurations(Invoker.java:213)
	at org.testng.internal.Invoker.invokeMethod(Invoker.java:653)
	at org.testng.internal.Invoker.invokeTestMethod(Invoker.java:901)
	at org.testng.internal.Invoker.invokeTestMethods(Invoker.java:1231)
	at org.testng.internal.TestMethodWorker.invokeTestMethods(TestMethodWorker.java:127)
	at org.testng.internal.TestMethodWorker.run(TestMethodWorker.java:111)
	at org.testng.TestRunner.privateRun(TestRunner.java:767)
	at org.testng.TestRunner.run(TestRunner.java:617)
	at org.testng.SuiteRunner.runTest(SuiteRunner.java:334)
	at org.testng.SuiteRunner.runSequentially(SuiteRunner.java:329)
	at org.testng.SuiteRunner.privateRun(SuiteRunner.java:291)
	at org.testng.SuiteRunner.run(SuiteRunner.java:240)
	at org.testng.SuiteRunnerWorker.runSuite(SuiteRunnerWorker.java:52)
	at org.testng.SuiteRunnerWorker.run(SuiteRunnerWorker.java:86)
	at org.testng.TestNG.runSuitesSequentially(TestNG.java:1224)
	at org.testng.TestNG.runSuitesLocally(TestNG.java:1149)
	at org.testng.TestNG.run(TestNG.java:1057)
	at org.testng.IDEARemoteTestNG.run(IDEARemoteTestNG.java:74)
	at org.testng.RemoteTestNGStarter.main(RemoteTestNGStarter.java:121)
	at sun.reflect.NativeMethodAccessorImpl.invoke0(Native Method)
	at sun.reflect.NativeMethodAccessorImpl.invoke(NativeMethodAccessorImpl.java:57)
	at sun.reflect.DelegatingMethodAccessorImpl.invoke(DelegatingMethodAccessorImpl.java:43)
	at java.lang.reflect.Method.invoke(Method.java:606)
	at com.intellij.rt.execution.application.AppMain.main(AppMain.java:144)
[INFO][2016-04-11 17:18:47]WebDriver changing value in element found By.id: order-order_customer_phone from '' to '14723521490'
[ERROR][2016-04-11 17:18:50]WebDriver error: Element not found By.xpath: //*[@id='order-address_id']/div[1]/div[1]/select
[INFO][2016-04-11 17:18:50]WebDriver clicking on:'xpath: //*[@id='order-address_id']/div[1]/button'
[INFO][2016-04-11 17:18:50]WebDriver changing value in element found By.xpath: //*[@id="order-address_id"]/div[1]/div[4]/input from '' to ''
[INFO][2016-04-11 17:18:50]WebDriver changing value in element found By.xpath: //*[@id="order-address_id"]/div[1]/div[4]/input from '' to ''
[INFO][2016-04-11 17:18:51]WebDriver clicking on:'xpath: //*[@id="order-address_id"]/div[1]/div[7]/button[1]'
[INFO][2016-04-11 17:18:51]WebDriver clicking on:'xpath: //*[@id='order-address_id']/div[1]/label[1]'
[INFO][2016-04-11 17:18:51]WebDriver clicking on:'xpath: //*[@id='order-order_service_item_id']/label[1]/input'
[INFO][2016-04-11 17:18:53]/\/\/\/\/\/\---TestCase = MakeOrder_Test---/\/\/\/\/\/\
[INFO][2016-04-11 17:18:53]#####################################################
[INFO][2016-04-11 17:24:20]/\/\/\/\/\/\---TestCase = alltest---/\/\/\/\/\/\
[INFO][2016-04-11 17:24:20]#####################################################
[INFO][2016-04-11 18:26:31]#####################################################
[INFO][2016-04-11 18:26:31]\/\/\/\/\/\/---TestCase = MakeOrder_Test---\/\/\/\/\/\/
[INFO][2016-04-11 18:26:33]WebDriver navigating to:'http://101.200.2.207'
[INFO][2016-04-11 18:26:40]WebDriver changing value in element found By.id: loginform-username from '' to ''
[INFO][2016-04-11 18:26:40]WebDriver changing value in element found By.id: loginform-username from '' to 'admin'
[INFO][2016-04-11 18:26:40]WebDriver changing value in element found By.id: loginform-password from '' to ''
[INFO][2016-04-11 18:26:40]WebDriver changing value in element found By.id: loginform-password from '' to 'Test2016QA'
[INFO][2016-04-11 18:26:40]WebDriver clicking on:'xpath: //*[@id='list']/li[5]/button'
[INFO][2016-04-11 18:26:45]WebDriver changing value in element found By.id: order-order_customer_phone from '' to '14723521490'
[INFO][2016-04-11 18:26:46]WebDriver clicking on:'xpath: //*[@id="order-address_id"]/div[1]/div[1]/select]]'
[INFO][2016-04-11 18:26:46]WebDriver clicking on:'xpath: //*[@id="order-address_id"]/div[1]/div[2]/select]]'
[INFO][2016-04-11 18:26:46]WebDriver clicking on:'xpath: //*[@id="order-address_id"]/div[1]/div[3]/select]]'
[INFO][2016-04-11 18:26:46]WebDriver changing value in element found By.xpath: //*[@id="order-address_id"]/div[1]/div[4]/input from '' to ''
[INFO][2016-04-11 18:26:46]WebDriver changing value in element found By.xpath: //*[@id="order-address_id"]/div[1]/div[4]/input from '' to ''
[INFO][2016-04-11 18:26:46]WebDriver clicking on:'xpath: //*[@id="order-address_id"]/div[1]/div[7]/button[1]'
[INFO][2016-04-11 18:26:47]WebDriver clicking on:'xpath: //*[@id='order-address_id']/div[1]/label[1]'
[INFO][2016-04-11 18:26:47]WebDriver clicking on:'xpath: //*[@id='order-order_service_item_id']/label[1]/input'
[INFO][2016-04-11 18:26:47]WebDriver changing value in element found By.id: order-orderbookeddate from '2016-04-11' to ''
[INFO][2016-04-11 18:26:47]WebDriver changing value in element found By.id: order-orderbookeddate from '' to '2016-4-12'
[INFO][2016-04-11 18:26:47]WebDriver clicking on:'xpath: //*[@id="order-order_booked_count"]/label[2]'
[INFO][2016-04-11 18:26:47]WebDriver clicking on:'xpath: //*[@id="order-order_booked_count"]/label[1]'
[INFO][2016-04-11 18:26:49]/\/\/\/\/\/\---TestCase = MakeOrder_Test---/\/\/\/\/\/\
[INFO][2016-04-11 18:26:49]#####################################################
[INFO][2016-04-11 18:27:50]#####################################################
[INFO][2016-04-11 18:27:50]\/\/\/\/\/\/---TestCase = MakeOrder_Test---\/\/\/\/\/\/
[INFO][2016-04-11 18:27:52]WebDriver navigating to:'http://101.200.2.207'
[INFO][2016-04-11 18:28:01]WebDriver changing value in element found By.id: loginform-username from '' to ''
[INFO][2016-04-11 18:28:01]WebDriver changing value in element found By.id: loginform-username from '' to 'admin'
[INFO][2016-04-11 18:28:01]WebDriver changing value in element found By.id: loginform-password from '' to ''
[INFO][2016-04-11 18:28:01]WebDriver changing value in element found By.id: loginform-password from '' to 'Test2016QA'
[INFO][2016-04-11 18:28:01]WebDriver clicking on:'xpath: //*[@id='list']/li[5]/button'
[INFO][2016-04-11 18:28:07]WebDriver changing value in element found By.id: order-order_customer_phone from '' to '14723521490'
[ERROR][2016-04-11 18:28:10]WebDriver error: Element not found By.xpath: //*[@id='order-address_id']/div[1]/div[1]/select
[INFO][2016-04-11 18:28:10]WebDriver clicking on:'xpath: //*[@id='order-address_id']/div[1]/button'
[INFO][2016-04-11 18:28:10]WebDriver changing value in element found By.xpath: //*[@id="order-address_id"]/div[1]/div[4]/input from '' to ''
[INFO][2016-04-11 18:28:10]WebDriver changing value in element found By.xpath: //*[@id="order-address_id"]/div[1]/div[4]/input from '' to ''
[INFO][2016-04-11 18:28:10]WebDriver clicking on:'xpath: //*[@id="order-address_id"]/div[1]/div[7]/button[1]'
[INFO][2016-04-11 18:28:11]WebDriver clicking on:'xpath: //*[@id='order-address_id']/div[1]/label[1]'
[INFO][2016-04-11 18:28:11]WebDriver clicking on:'xpath: //*[@id='order-order_service_item_id']/label[1]/input'
[INFO][2016-04-11 18:28:11]WebDriver changing value in element found By.id: order-orderbookeddate from '2016-04-11' to ''
[INFO][2016-04-11 18:28:11]WebDriver changing value in element found By.id: order-orderbookeddate from '' to '2016-4-12'
[INFO][2016-04-11 18:28:11]WebDriver clicking on:'xpath: //*[@id="order-order_booked_count"]/label[2]'
[INFO][2016-04-11 18:28:12]WebDriver clicking on:'xpath: //*[@id="order-order_booked_count"]/label[1]'
[INFO][2016-04-11 18:28:17]/\/\/\/\/\/\---TestCase = MakeOrder_Test---/\/\/\/\/\/\
[INFO][2016-04-11 18:28:17]#####################################################
[INFO][2016-04-11 18:29:26]#####################################################
[INFO][2016-04-11 18:29:26]\/\/\/\/\/\/---TestCase = MakeOrder_Test---\/\/\/\/\/\/
[INFO][2016-04-11 18:29:28]WebDriver navigating to:'http://101.200.2.207'
[INFO][2016-04-11 18:29:37]WebDriver changing value in element found By.id: loginform-username from '' to ''
[INFO][2016-04-11 18:29:37]WebDriver changing value in element found By.id: loginform-username from '' to 'admin'
[INFO][2016-04-11 18:29:37]WebDriver changing value in element found By.id: loginform-password from '' to ''
[INFO][2016-04-11 18:29:37]WebDriver changing value in element found By.id: loginform-password from '' to 'Test2016QA'
[INFO][2016-04-11 18:29:37]WebDriver clicking on:'xpath: //*[@id='list']/li[5]/button'
[INFO][2016-04-11 18:29:43]WebDriver changing value in element found By.id: order-order_customer_phone from '' to '14723521490'
[ERROR][2016-04-11 18:29:46]WebDriver error: Element not found By.xpath: //*[@id='order-address_id']/div[1]/div[1]/select
[INFO][2016-04-11 18:29:46]WebDriver clicking on:'xpath: //*[@id='order-address_id']/div[1]/button'
[INFO][2016-04-11 18:29:46]WebDriver changing value in element found By.xpath: //*[@id="order-address_id"]/div[1]/div[4]/input from '' to ''
[INFO][2016-04-11 18:29:46]WebDriver changing value in element found By.xpath: //*[@id="order-address_id"]/div[1]/div[4]/input from '' to ''
[INFO][2016-04-11 18:29:46]WebDriver clicking on:'xpath: //*[@id="order-address_id"]/div[1]/div[7]/button[1]'
[INFO][2016-04-11 18:29:47]WebDriver clicking on:'xpath: //*[@id='order-address_id']/div[1]/label[1]'
[INFO][2016-04-11 18:29:47]WebDriver clicking on:'xpath: //*[@id='order-order_service_item_id']/label[1]/input'
[INFO][2016-04-11 18:29:47]WebDriver changing value in element found By.id: order-orderbookeddate from '2016-04-11' to ''
[INFO][2016-04-11 18:29:47]WebDriver changing value in element found By.id: order-orderbookeddate from '' to '2016-4-12'
[INFO][2016-04-11 18:29:47]WebDriver clicking on:'xpath: //*[@id="order-order_booked_count"]/label[2]'
[INFO][2016-04-11 18:29:48]WebDriver clicking on:'xpath: //*[@id="order-order_booked_count"]/label[1]/input'
[INFO][2016-04-11 18:29:48]WebDriver clicking on:'xpath: //*[@id="order-orderbookedtimerange"]/label[1]'
[INFO][2016-04-11 18:29:49]/\/\/\/\/\/\---TestCase = MakeOrder_Test---/\/\/\/\/\/\
[INFO][2016-04-11 18:29:49]#####################################################
[INFO][2016-04-11 18:30:37]#####################################################
[INFO][2016-04-11 18:30:37]\/\/\/\/\/\/---TestCase = MakeOrder_Test---\/\/\/\/\/\/
[INFO][2016-04-11 18:30:40]WebDriver navigating to:'http://101.200.2.207'
[INFO][2016-04-11 18:30:48]WebDriver changing value in element found By.id: loginform-username from '' to ''
[INFO][2016-04-11 18:30:48]WebDriver changing value in element found By.id: loginform-username from '' to 'admin'
[INFO][2016-04-11 18:30:48]WebDriver changing value in element found By.id: loginform-password from '' to ''
[INFO][2016-04-11 18:30:48]WebDriver changing value in element found By.id: loginform-password from '' to 'Test2016QA'
[INFO][2016-04-11 18:30:48]WebDriver clicking on:'xpath: //*[@id='list']/li[5]/button'
[ERROR][2016-04-11 18:30:51]WebDriver error:
org.openqa.selenium.InvalidSelectorException: invalid selector: Unable to locate an element with the xpath expression /html/body/div[2]/aside[1]/div/section/div[1]/div[2]/p[1] because of the following error:
TypeError: Failed to execute 'createNSResolver' on 'Document': parameter 1 is not of type 'Node'.
  (Session info: chrome=49.0.2623.87)
  (Driver info: chromedriver=2.16.333243 (0bfa1d3575fc1044244f21ddb82bf870944ef961),platform=Windows NT 6.1 SP1 x86_64) (WARNING: The server did not provide any stacktrace information)
Command duration or timeout: 2.13 seconds
For documentation on this error, please visit: http://seleniumhq.org/exceptions/invalid_selector_exception.html
Build info: version: '2.53.0', revision: '35ae25b1534ae328c771e0856c93e187490ca824', time: '2016-03-15 10:43:46'
System info: host: 'song-PC', ip: '192.168.12.104', os.name: 'Windows 7', os.arch: 'amd64', os.version: '6.1', java.version: '1.7.0_79'
*** Element info: {Using=xpath, value=/html/body/div[2]/aside[1]/div/section/div[1]/div[2]/p[1]}
Session ID: 6ba405efe09bc9b821969f761578344f
Driver info: org.openqa.selenium.chrome.ChromeDriver
Capabilities [{platform=XP, acceptSslCerts=true, javascriptEnabled=true, browserName=chrome, chrome={userDataDir=C:\Users\ADMINI~1\AppData\Local\Temp\scoped_dir6216_2989}, rotatable=false, locationContextEnabled=true, mobileEmulationEnabled=false, version=49.0.2623.87, takesHeapSnapshot=true, cssSelectorsEnabled=true, databaseEnabled=false, handlesAlerts=true, browserConnectionEnabled=false, webStorageEnabled=true, nativeEvents=true, hasTouchScreen=false, applicationCacheEnabled=false, takesScreenshot=true}]
	at sun.reflect.NativeConstructorAccessorImpl.newInstance0(Native Method)
	at sun.reflect.NativeConstructorAccessorImpl.newInstance(NativeConstructorAccessorImpl.java:57)
	at sun.reflect.DelegatingConstructorAccessorImpl.newInstance(DelegatingConstructorAccessorImpl.java:45)
	at java.lang.reflect.Constructor.newInstance(Constructor.java:526)
	at org.openqa.selenium.remote.ErrorHandler.createThrowable(ErrorHandler.java:206)
	at org.openqa.selenium.remote.ErrorHandler.throwIfResponseFailed(ErrorHandler.java:158)
	at org.openqa.selenium.remote.RemoteWebDriver.execute(RemoteWebDriver.java:678)
	at org.openqa.selenium.remote.RemoteWebDriver.findElement(RemoteWebDriver.java:363)
	at org.openqa.selenium.remote.RemoteWebDriver.findElementByXPath(RemoteWebDriver.java:500)
	at org.openqa.selenium.By$ByXPath.findElement(By.java:361)
	at org.openqa.selenium.remote.RemoteWebDriver.findElement(RemoteWebDriver.java:355)
	at sun.reflect.NativeMethodAccessorImpl.invoke0(Native Method)
	at sun.reflect.NativeMethodAccessorImpl.invoke(NativeMethodAccessorImpl.java:57)
	at sun.reflect.DelegatingMethodAccessorImpl.invoke(DelegatingMethodAccessorImpl.java:43)
	at java.lang.reflect.Method.invoke(Method.java:606)
	at org.openqa.selenium.support.events.EventFiringWebDriver$2.invoke(EventFiringWebDriver.java:103)
	at com.sun.proxy.$Proxy11.findElement(Unknown Source)
	at org.openqa.selenium.support.events.EventFiringWebDriver.findElement(EventFiringWebDriver.java:188)
	at org.openqa.selenium.support.pagefactory.DefaultElementLocator.findElement(DefaultElementLocator.java:69)
	at org.openqa.selenium.support.pagefactory.internal.LocatingElementHandler.invoke(LocatingElementHandler.java:38)
	at com.sun.proxy.$Proxy13.getText(Unknown Source)
	at webtest.core.util.Wait.reFresh(Wait.java:26)
	at cases_ejj.LoginTest.login(LoginTest.java:25)
	at cases_ejj.MakeOrder_Test.beforeMethod(MakeOrder_Test.java:47)
	at sun.reflect.NativeMethodAccessorImpl.invoke0(Native Method)
	at sun.reflect.NativeMethodAccessorImpl.invoke(NativeMethodAccessorImpl.java:57)
	at sun.reflect.DelegatingMethodAccessorImpl.invoke(DelegatingMethodAccessorImpl.java:43)
	at java.lang.reflect.Method.invoke(Method.java:606)
	at org.testng.internal.MethodInvocationHelper.invokeMethod(MethodInvocationHelper.java:84)
	at org.testng.internal.Invoker.invokeConfigurationMethod(Invoker.java:564)
	at org.testng.internal.Invoker.invokeConfigurations(Invoker.java:213)
	at org.testng.internal.Invoker.invokeMethod(Invoker.java:653)
	at org.testng.internal.Invoker.invokeTestMethod(Invoker.java:901)
	at org.testng.internal.Invoker.invokeTestMethods(Invoker.java:1231)
	at org.testng.internal.TestMethodWorker.invokeTestMethods(TestMethodWorker.java:127)
	at org.testng.internal.TestMethodWorker.run(TestMethodWorker.java:111)
	at org.testng.TestRunner.privateRun(TestRunner.java:767)
	at org.testng.TestRunner.run(TestRunner.java:617)
	at org.testng.SuiteRunner.runTest(SuiteRunner.java:334)
	at org.testng.SuiteRunner.runSequentially(SuiteRunner.java:329)
	at org.testng.SuiteRunner.privateRun(SuiteRunner.java:291)
	at org.testng.SuiteRunner.run(SuiteRunner.java:240)
	at org.testng.SuiteRunnerWorker.runSuite(SuiteRunnerWorker.java:52)
	at org.testng.SuiteRunnerWorker.run(SuiteRunnerWorker.java:86)
	at org.testng.TestNG.runSuitesSequentially(TestNG.java:1224)
	at org.testng.TestNG.runSuitesLocally(TestNG.java:1149)
	at org.testng.TestNG.run(TestNG.java:1057)
	at org.testng.IDEARemoteTestNG.run(IDEARemoteTestNG.java:74)
	at org.testng.RemoteTestNGStarter.main(RemoteTestNGStarter.java:121)
	at sun.reflect.NativeMethodAccessorImpl.invoke0(Native Method)
	at sun.reflect.NativeMethodAccessorImpl.invoke(NativeMethodAccessorImpl.java:57)
	at sun.reflect.DelegatingMethodAccessorImpl.invoke(DelegatingMethodAccessorImpl.java:43)
	at java.lang.reflect.Method.invoke(Method.java:606)
	at com.intellij.rt.execution.application.AppMain.main(AppMain.java:144)
[INFO][2016-04-11 18:30:53]WebDriver changing value in element found By.id: order-order_customer_phone from '' to '14723521490'
[ERROR][2016-04-11 18:30:56]WebDriver error: Element not found By.xpath: //*[@id='order-address_id']/div[1]/div[1]/select
[INFO][2016-04-11 18:30:57]WebDriver clicking on:'xpath: //*[@id='order-address_id']/div[1]/button'
[INFO][2016-04-11 18:30:57]WebDriver changing value in element found By.xpath: //*[@id="order-address_id"]/div[1]/div[4]/input from '' to ''
[INFO][2016-04-11 18:30:57]WebDriver changing value in element found By.xpath: //*[@id="order-address_id"]/div[1]/div[4]/input from '' to ''
[INFO][2016-04-11 18:30:57]WebDriver clicking on:'xpath: //*[@id="order-address_id"]/div[1]/div[7]/button[1]'
[INFO][2016-04-11 18:30:57]WebDriver clicking on:'xpath: //*[@id='order-address_id']/div[1]/label[1]'
[INFO][2016-04-11 18:30:58]WebDriver clicking on:'xpath: //*[@id='order-order_service_item_id']/label[1]/input'
[INFO][2016-04-11 18:30:58]WebDriver changing value in element found By.id: order-orderbookeddate from '2016-04-11' to ''
[INFO][2016-04-11 18:30:58]WebDriver changing value in element found By.id: order-orderbookeddate from '' to '2016-4-12'
[INFO][2016-04-11 18:30:58]WebDriver clicking on:'xpath: //*[@id="order-order_booked_count"]/label[2]'
[INFO][2016-04-11 18:30:58]WebDriver clicking on:'xpath: //*[@id="order-order_booked_count"]/label[1]/input'
[INFO][2016-04-11 18:30:58]WebDriver clicking on:'xpath: //*[@id="order-orderbookedtimerange"]/label[1]/input'
[INFO][2016-04-11 18:31:04]/\/\/\/\/\/\---TestCase = MakeOrder_Test---/\/\/\/\/\/\
[INFO][2016-04-11 18:31:04]#####################################################
[INFO][2016-04-11 18:32:20]#####################################################
[INFO][2016-04-11 18:32:20]\/\/\/\/\/\/---TestCase = MakeOrder_Test---\/\/\/\/\/\/
[INFO][2016-04-11 18:32:23]WebDriver navigating to:'http://101.200.2.207'
[INFO][2016-04-11 18:32:32]WebDriver changing value in element found By.id: loginform-username from '' to ''
[INFO][2016-04-11 18:32:32]WebDriver changing value in element found By.id: loginform-username from '' to 'admin'
[INFO][2016-04-11 18:32:32]WebDriver changing value in element found By.id: loginform-password from '' to ''
[INFO][2016-04-11 18:32:32]WebDriver changing value in element found By.id: loginform-password from '' to 'Test2016QA'
[INFO][2016-04-11 18:32:32]WebDriver clicking on:'xpath: //*[@id='list']/li[5]/button'
[INFO][2016-04-11 18:32:38]WebDriver changing value in element found By.id: order-order_customer_phone from '' to '14723521490'
[ERROR][2016-04-11 18:32:41]WebDriver error: Element not found By.xpath: //*[@id='order-address_id']/div[1]/div[1]/select
[INFO][2016-04-11 18:32:41]WebDriver clicking on:'xpath: //*[@id='order-address_id']/div[1]/button'
[INFO][2016-04-11 18:32:42]WebDriver changing value in element found By.xpath: //*[@id="order-address_id"]/div[1]/div[4]/input from '' to ''
[INFO][2016-04-11 18:32:42]WebDriver changing value in element found By.xpath: //*[@id="order-address_id"]/div[1]/div[4]/input from '' to ''
[INFO][2016-04-11 18:32:42]WebDriver clicking on:'xpath: //*[@id="order-address_id"]/div[1]/div[7]/button[1]'
[INFO][2016-04-11 18:32:42]WebDriver clicking on:'xpath: //*[@id='order-address_id']/div[1]/label[1]'
[INFO][2016-04-11 18:32:42]WebDriver clicking on:'xpath: //*[@id='order-order_service_item_id']/label[1]/input'
[INFO][2016-04-11 18:32:42]WebDriver changing value in element found By.id: order-orderbookeddate from '2016-04-11' to ''
[INFO][2016-04-11 18:32:43]WebDriver changing value in element found By.id: order-orderbookeddate from '' to '2016-4-12'
[INFO][2016-04-11 18:32:43]WebDriver clicking on:'xpath: //*[@id="order-order_booked_count"]/label[2]'
[INFO][2016-04-11 18:32:43]WebDriver clicking on:'xpath: //*[@id="order-order_booked_count"]/label[1]/input'
[INFO][2016-04-11 18:32:43]WebDriver clicking on:'xpath: //*[@id="order-orderbookedtimerange"]/label[1]/input'
[INFO][2016-04-11 18:32:49]/\/\/\/\/\/\---TestCase = MakeOrder_Test---/\/\/\/\/\/\
[INFO][2016-04-11 18:32:49]#####################################################
[INFO][2016-04-11 18:33:32]#####################################################
[INFO][2016-04-11 18:33:32]\/\/\/\/\/\/---TestCase = MakeOrder_Test---\/\/\/\/\/\/
[INFO][2016-04-11 18:33:35]WebDriver navigating to:'http://101.200.2.207'
[INFO][2016-04-11 18:33:44]WebDriver changing value in element found By.id: loginform-username from '' to ''
[INFO][2016-04-11 18:33:44]WebDriver changing value in element found By.id: loginform-username from '' to 'admin'
[INFO][2016-04-11 18:33:44]WebDriver changing value in element found By.id: loginform-password from '' to ''
[INFO][2016-04-11 18:33:44]WebDriver changing value in element found By.id: loginform-password from '' to 'Test2016QA'
[INFO][2016-04-11 18:33:44]WebDriver clicking on:'xpath: //*[@id='list']/li[5]/button'
[ERROR][2016-04-11 18:33:46]WebDriver error:
org.openqa.selenium.InvalidSelectorException: invalid selector: Unable to locate an element with the xpath expression /html/body/div[2]/aside[1]/div/section/div[1]/div[2]/p[1] because of the following error:
TypeError: Failed to execute 'createNSResolver' on 'Document': parameter 1 is not of type 'Node'.
  (Session info: chrome=49.0.2623.87)
  (Driver info: chromedriver=2.16.333243 (0bfa1d3575fc1044244f21ddb82bf870944ef961),platform=Windows NT 6.1 SP1 x86_64) (WARNING: The server did not provide any stacktrace information)
Command duration or timeout: 2.04 seconds
For documentation on this error, please visit: http://seleniumhq.org/exceptions/invalid_selector_exception.html
Build info: version: '2.53.0', revision: '35ae25b1534ae328c771e0856c93e187490ca824', time: '2016-03-15 10:43:46'
System info: host: 'song-PC', ip: '192.168.12.104', os.name: 'Windows 7', os.arch: 'amd64', os.version: '6.1', java.version: '1.7.0_79'
*** Element info: {Using=xpath, value=/html/body/div[2]/aside[1]/div/section/div[1]/div[2]/p[1]}
Session ID: 55a91d5645f060f16866b17269315943
Driver info: org.openqa.selenium.chrome.ChromeDriver
Capabilities [{platform=XP, acceptSslCerts=true, javascriptEnabled=true, browserName=chrome, chrome={userDataDir=C:\Users\ADMINI~1\AppData\Local\Temp\scoped_dir7980_21695}, rotatable=false, locationContextEnabled=true, mobileEmulationEnabled=false, version=49.0.2623.87, takesHeapSnapshot=true, cssSelectorsEnabled=true, databaseEnabled=false, handlesAlerts=true, browserConnectionEnabled=false, webStorageEnabled=true, nativeEvents=true, hasTouchScreen=false, applicationCacheEnabled=false, takesScreenshot=true}]
	at sun.reflect.NativeConstructorAccessorImpl.newInstance0(Native Method)
	at sun.reflect.NativeConstructorAccessorImpl.newInstance(NativeConstructorAccessorImpl.java:57)
	at sun.reflect.DelegatingConstructorAccessorImpl.newInstance(DelegatingConstructorAccessorImpl.java:45)
	at java.lang.reflect.Constructor.newInstance(Constructor.java:526)
	at org.openqa.selenium.remote.ErrorHandler.createThrowable(ErrorHandler.java:206)
	at org.openqa.selenium.remote.ErrorHandler.throwIfResponseFailed(ErrorHandler.java:158)
	at org.openqa.selenium.remote.RemoteWebDriver.execute(RemoteWebDriver.java:678)
	at org.openqa.selenium.remote.RemoteWebDriver.findElement(RemoteWebDriver.java:363)
	at org.openqa.selenium.remote.RemoteWebDriver.findElementByXPath(RemoteWebDriver.java:500)
	at org.openqa.selenium.By$ByXPath.findElement(By.java:361)
	at org.openqa.selenium.remote.RemoteWebDriver.findElement(RemoteWebDriver.java:355)
	at sun.reflect.NativeMethodAccessorImpl.invoke0(Native Method)
	at sun.reflect.NativeMethodAccessorImpl.invoke(NativeMethodAccessorImpl.java:57)
	at sun.reflect.DelegatingMethodAccessorImpl.invoke(DelegatingMethodAccessorImpl.java:43)
	at java.lang.reflect.Method.invoke(Method.java:606)
	at org.openqa.selenium.support.events.EventFiringWebDriver$2.invoke(EventFiringWebDriver.java:103)
	at com.sun.proxy.$Proxy11.findElement(Unknown Source)
	at org.openqa.selenium.support.events.EventFiringWebDriver.findElement(EventFiringWebDriver.java:188)
	at org.openqa.selenium.support.pagefactory.DefaultElementLocator.findElement(DefaultElementLocator.java:69)
	at org.openqa.selenium.support.pagefactory.internal.LocatingElementHandler.invoke(LocatingElementHandler.java:38)
	at com.sun.proxy.$Proxy13.getText(Unknown Source)
	at webtest.core.util.Wait.reFresh(Wait.java:26)
	at cases_ejj.LoginTest.login(LoginTest.java:25)
	at cases_ejj.MakeOrder_Test.beforeMethod(MakeOrder_Test.java:47)
	at sun.reflect.NativeMethodAccessorImpl.invoke0(Native Method)
	at sun.reflect.NativeMethodAccessorImpl.invoke(NativeMethodAccessorImpl.java:57)
	at sun.reflect.DelegatingMethodAccessorImpl.invoke(DelegatingMethodAccessorImpl.java:43)
	at java.lang.reflect.Method.invoke(Method.java:606)
	at org.testng.internal.MethodInvocationHelper.invokeMethod(MethodInvocationHelper.java:84)
	at org.testng.internal.Invoker.invokeConfigurationMethod(Invoker.java:564)
	at org.testng.internal.Invoker.invokeConfigurations(Invoker.java:213)
	at org.testng.internal.Invoker.invokeMethod(Invoker.java:653)
	at org.testng.internal.Invoker.invokeTestMethod(Invoker.java:901)
	at org.testng.internal.Invoker.invokeTestMethods(Invoker.java:1231)
	at org.testng.internal.TestMethodWorker.invokeTestMethods(TestMethodWorker.java:127)
	at org.testng.internal.TestMethodWorker.run(TestMethodWorker.java:111)
	at org.testng.TestRunner.privateRun(TestRunner.java:767)
	at org.testng.TestRunner.run(TestRunner.java:617)
	at org.testng.SuiteRunner.runTest(SuiteRunner.java:334)
	at org.testng.SuiteRunner.runSequentially(SuiteRunner.java:329)
	at org.testng.SuiteRunner.privateRun(SuiteRunner.java:291)
	at org.testng.SuiteRunner.run(SuiteRunner.java:240)
	at org.testng.SuiteRunnerWorker.runSuite(SuiteRunnerWorker.java:52)
	at org.testng.SuiteRunnerWorker.run(SuiteRunnerWorker.java:86)
	at org.testng.TestNG.runSuitesSequentially(TestNG.java:1224)
	at org.testng.TestNG.runSuitesLocally(TestNG.java:1149)
	at org.testng.TestNG.run(TestNG.java:1057)
	at org.testng.IDEARemoteTestNG.run(IDEARemoteTestNG.java:74)
	at org.testng.RemoteTestNGStarter.main(RemoteTestNGStarter.java:121)
	at sun.reflect.NativeMethodAccessorImpl.invoke0(Native Method)
	at sun.reflect.NativeMethodAccessorImpl.invoke(NativeMethodAccessorImpl.java:57)
	at sun.reflect.DelegatingMethodAccessorImpl.invoke(DelegatingMethodAccessorImpl.java:43)
	at java.lang.reflect.Method.invoke(Method.java:606)
	at com.intellij.rt.execution.application.AppMain.main(AppMain.java:144)
[INFO][2016-04-11 18:33:49]WebDriver changing value in element found By.id: order-order_customer_phone from '' to '14723521490'
[ERROR][2016-04-11 18:33:52]WebDriver error: Element not found By.xpath: //*[@id='order-address_id']/div[1]/div[1]/select
[INFO][2016-04-11 18:33:52]WebDriver clicking on:'xpath: //*[@id='order-address_id']/div[1]/button'
[INFO][2016-04-11 18:33:53]WebDriver changing value in element found By.xpath: //*[@id="order-address_id"]/div[1]/div[4]/input from '' to ''
[INFO][2016-04-11 18:33:53]WebDriver changing value in element found By.xpath: //*[@id="order-address_id"]/div[1]/div[4]/input from '' to ''
[INFO][2016-04-11 18:33:53]WebDriver clicking on:'xpath: //*[@id="order-address_id"]/div[1]/div[7]/button[1]'
[INFO][2016-04-11 18:33:53]WebDriver clicking on:'xpath: //*[@id='order-address_id']/div[1]/label[1]'
[INFO][2016-04-11 18:33:54]WebDriver clicking on:'xpath: //*[@id='order-order_service_item_id']/label[1]/input'
[INFO][2016-04-11 18:33:54]WebDriver changing value in element found By.id: order-orderbookeddate from '2016-04-11' to ''
[INFO][2016-04-11 18:33:54]WebDriver changing value in element found By.id: order-orderbookeddate from '' to '2016-4-12'
[INFO][2016-04-11 18:33:54]WebDriver clicking on:'xpath: //*[@id="order-order_booked_count"]/label[2]'
[INFO][2016-04-11 18:33:54]WebDriver clicking on:'xpath: //*[@id="order-order_booked_count"]/label[1]/input'
[INFO][2016-04-11 18:33:54]WebDriver clicking on:'xpath: //*[@id="order-orderbookedtimerange"]/label[1]/input'
[INFO][2016-04-11 18:34:45]/\/\/\/\/\/\---TestCase = MakeOrder_Test---/\/\/\/\/\/\
[INFO][2016-04-11 18:34:45]#####################################################
[INFO][2016-04-11 18:35:39]#####################################################
[INFO][2016-04-11 18:35:39]\/\/\/\/\/\/---TestCase = MakeOrder_Test---\/\/\/\/\/\/
[INFO][2016-04-11 18:35:41]WebDriver navigating to:'http://101.200.2.207'
[INFO][2016-04-11 18:36:13]WebDriver changing value in element found By.id: loginform-username from '' to ''
[INFO][2016-04-11 18:36:13]WebDriver changing value in element found By.id: loginform-username from '' to 'admin'
[INFO][2016-04-11 18:36:13]WebDriver changing value in element found By.id: loginform-password from '' to ''
[INFO][2016-04-11 18:36:13]WebDriver changing value in element found By.id: loginform-password from '' to 'Test2016QA'
[INFO][2016-04-11 18:36:14]WebDriver clicking on:'xpath: //*[@id='list']/li[5]/button'
[ERROR][2016-04-11 18:36:16]WebDriver error:
org.openqa.selenium.InvalidSelectorException: invalid selector: Unable to locate an element with the xpath expression /html/body/div[2]/aside[1]/div/section/div[1]/div[2]/p[1] because of the following error:
TypeError: Failed to execute 'createNSResolver' on 'Document': parameter 1 is not of type 'Node'.
  (Session info: chrome=49.0.2623.87)
  (Driver info: chromedriver=2.16.333243 (0bfa1d3575fc1044244f21ddb82bf870944ef961),platform=Windows NT 6.1 SP1 x86_64) (WARNING: The server did not provide any stacktrace information)
Command duration or timeout: 2.19 seconds
For documentation on this error, please visit: http://seleniumhq.org/exceptions/invalid_selector_exception.html
Build info: version: '2.53.0', revision: '35ae25b1534ae328c771e0856c93e187490ca824', time: '2016-03-15 10:43:46'
System info: host: 'song-PC', ip: '192.168.12.104', os.name: 'Windows 7', os.arch: 'amd64', os.version: '6.1', java.version: '1.7.0_79'
*** Element info: {Using=xpath, value=/html/body/div[2]/aside[1]/div/section/div[1]/div[2]/p[1]}
Session ID: af31a97d8fc11f3892bcaca34f9db9a1
Driver info: org.openqa.selenium.chrome.ChromeDriver
Capabilities [{platform=XP, acceptSslCerts=true, javascriptEnabled=true, browserName=chrome, chrome={userDataDir=C:\Users\ADMINI~1\AppData\Local\Temp\scoped_dir7784_23312}, rotatable=false, locationContextEnabled=true, mobileEmulationEnabled=false, version=49.0.2623.87, takesHeapSnapshot=true, cssSelectorsEnabled=true, databaseEnabled=false, handlesAlerts=true, browserConnectionEnabled=false, webStorageEnabled=true, nativeEvents=true, hasTouchScreen=false, applicationCacheEnabled=false, takesScreenshot=true}]
	at sun.reflect.NativeConstructorAccessorImpl.newInstance0(Native Method)
	at sun.reflect.NativeConstructorAccessorImpl.newInstance(NativeConstructorAccessorImpl.java:57)
	at sun.reflect.DelegatingConstructorAccessorImpl.newInstance(DelegatingConstructorAccessorImpl.java:45)
	at java.lang.reflect.Constructor.newInstance(Constructor.java:526)
	at org.openqa.selenium.remote.ErrorHandler.createThrowable(ErrorHandler.java:206)
	at org.openqa.selenium.remote.ErrorHandler.throwIfResponseFailed(ErrorHandler.java:158)
	at org.openqa.selenium.remote.RemoteWebDriver.execute(RemoteWebDriver.java:678)
	at org.openqa.selenium.remote.RemoteWebDriver.findElement(RemoteWebDriver.java:363)
	at org.openqa.selenium.remote.RemoteWebDriver.findElementByXPath(RemoteWebDriver.java:500)
	at org.openqa.selenium.By$ByXPath.findElement(By.java:361)
	at org.openqa.selenium.remote.RemoteWebDriver.findElement(RemoteWebDriver.java:355)
	at sun.reflect.NativeMethodAccessorImpl.invoke0(Native Method)
	at sun.reflect.NativeMethodAccessorImpl.invoke(NativeMethodAccessorImpl.java:57)
	at sun.reflect.DelegatingMethodAccessorImpl.invoke(DelegatingMethodAccessorImpl.java:43)
	at java.lang.reflect.Method.invoke(Method.java:606)
	at org.openqa.selenium.support.events.EventFiringWebDriver$2.invoke(EventFiringWebDriver.java:103)
	at com.sun.proxy.$Proxy11.findElement(Unknown Source)
	at org.openqa.selenium.support.events.EventFiringWebDriver.findElement(EventFiringWebDriver.java:188)
	at org.openqa.selenium.support.pagefactory.DefaultElementLocator.findElement(DefaultElementLocator.java:69)
	at org.openqa.selenium.support.pagefactory.internal.LocatingElementHandler.invoke(LocatingElementHandler.java:38)
	at com.sun.proxy.$Proxy13.getText(Unknown Source)
	at webtest.core.util.Wait.reFresh(Wait.java:26)
	at cases_ejj.LoginTest.login(LoginTest.java:25)
	at cases_ejj.MakeOrder_Test.beforeMethod(MakeOrder_Test.java:47)
	at sun.reflect.NativeMethodAccessorImpl.invoke0(Native Method)
	at sun.reflect.NativeMethodAccessorImpl.invoke(NativeMethodAccessorImpl.java:57)
	at sun.reflect.DelegatingMethodAccessorImpl.invoke(DelegatingMethodAccessorImpl.java:43)
	at java.lang.reflect.Method.invoke(Method.java:606)
	at org.testng.internal.MethodInvocationHelper.invokeMethod(MethodInvocationHelper.java:84)
	at org.testng.internal.Invoker.invokeConfigurationMethod(Invoker.java:564)
	at org.testng.internal.Invoker.invokeConfigurations(Invoker.java:213)
	at org.testng.internal.Invoker.invokeMethod(Invoker.java:653)
	at org.testng.internal.Invoker.invokeTestMethod(Invoker.java:901)
	at org.testng.internal.Invoker.invokeTestMethods(Invoker.java:1231)
	at org.testng.internal.TestMethodWorker.invokeTestMethods(TestMethodWorker.java:127)
	at org.testng.internal.TestMethodWorker.run(TestMethodWorker.java:111)
	at org.testng.TestRunner.privateRun(TestRunner.java:767)
	at org.testng.TestRunner.run(TestRunner.java:617)
	at org.testng.SuiteRunner.runTest(SuiteRunner.java:334)
	at org.testng.SuiteRunner.runSequentially(SuiteRunner.java:329)
	at org.testng.SuiteRunner.privateRun(SuiteRunner.java:291)
	at org.testng.SuiteRunner.run(SuiteRunner.java:240)
	at org.testng.SuiteRunnerWorker.runSuite(SuiteRunnerWorker.java:52)
	at org.testng.SuiteRunnerWorker.run(SuiteRunnerWorker.java:86)
	at org.testng.TestNG.runSuitesSequentially(TestNG.java:1224)
	at org.testng.TestNG.runSuitesLocally(TestNG.java:1149)
	at org.testng.TestNG.run(TestNG.java:1057)
	at org.testng.IDEARemoteTestNG.run(IDEARemoteTestNG.java:74)
	at org.testng.RemoteTestNGStarter.main(RemoteTestNGStarter.java:121)
	at sun.reflect.NativeMethodAccessorImpl.invoke0(Native Method)
	at sun.reflect.NativeMethodAccessorImpl.invoke(NativeMethodAccessorImpl.java:57)
	at sun.reflect.DelegatingMethodAccessorImpl.invoke(DelegatingMethodAccessorImpl.java:43)
	at java.lang.reflect.Method.invoke(Method.java:606)
	at com.intellij.rt.execution.application.AppMain.main(AppMain.java:144)
[INFO][2016-04-11 18:36:19]WebDriver changing value in element found By.id: order-order_customer_phone from '' to '14723521490'
[ERROR][2016-04-11 18:36:22]WebDriver error: Element not found By.xpath: //*[@id='order-address_id']/div[1]/div[1]/select
[INFO][2016-04-11 18:36:22]WebDriver clicking on:'xpath: //*[@id='order-address_id']/div[1]/button'
[INFO][2016-04-11 18:36:23]WebDriver changing value in element found By.xpath: //*[@id="order-address_id"]/div[1]/div[4]/input from '' to ''
[INFO][2016-04-11 18:36:23]WebDriver changing value in element found By.xpath: //*[@id="order-address_id"]/div[1]/div[4]/input from '' to ''
[INFO][2016-04-11 18:36:23]WebDriver clicking on:'xpath: //*[@id="order-address_id"]/div[1]/div[7]/button[1]'
[INFO][2016-04-11 18:36:24]WebDriver clicking on:'xpath: //*[@id='order-address_id']/div[1]/label[1]'
[INFO][2016-04-11 18:36:24]WebDriver clicking on:'xpath: //*[@id='order-order_service_item_id']/label[1]/input'
[INFO][2016-04-11 18:36:24]WebDriver changing value in element found By.id: order-orderbookeddate from '2016-04-11' to ''
[INFO][2016-04-11 18:36:24]WebDriver changing value in element found By.id: order-orderbookeddate from '' to '2016-4-12'
[INFO][2016-04-11 18:36:24]WebDriver clicking on:'xpath: //*[@id="order-order_booked_count"]/label[2]'
[INFO][2016-04-11 18:36:25]WebDriver clicking on:'xpath: //*[@id="order-order_booked_count"]/label[1]/input'
[INFO][2016-04-11 18:36:25]WebDriver clicking on:'xpath: //*[@id="order-orderbookedtimerange"]/label[1]/input'
[INFO][2016-04-11 18:37:16]/\/\/\/\/\/\---TestCase = MakeOrder_Test---/\/\/\/\/\/\
[INFO][2016-04-11 18:37:16]#####################################################
[INFO][2016-04-11 18:38:34]#####################################################
[INFO][2016-04-11 18:38:34]\/\/\/\/\/\/---TestCase = MakeOrder_Test---\/\/\/\/\/\/
[INFO][2016-04-11 18:38:36]WebDriver navigating to:'http://101.200.2.207'
[INFO][2016-04-11 18:38:48]WebDriver changing value in element found By.id: loginform-username from '' to ''
[INFO][2016-04-11 18:38:48]WebDriver changing value in element found By.id: loginform-username from '' to 'admin'
[INFO][2016-04-11 18:38:48]WebDriver changing value in element found By.id: loginform-password from '' to ''
[INFO][2016-04-11 18:38:49]WebDriver changing value in element found By.id: loginform-password from '' to 'Test2016QA'
[INFO][2016-04-11 18:38:49]WebDriver clicking on:'xpath: //*[@id='list']/li[5]/button'
[INFO][2016-04-11 18:38:54]WebDriver changing value in element found By.id: order-order_customer_phone from '' to '14723521490'
[ERROR][2016-04-11 18:38:57]WebDriver error: Element not found By.xpath: //*[@id='order-address_id']/div[1]/div[1]/select
[INFO][2016-04-11 18:38:57]WebDriver clicking on:'xpath: //*[@id='order-address_id']/div[1]/button'
[INFO][2016-04-11 18:38:58]WebDriver changing value in element found By.xpath: //*[@id="order-address_id"]/div[1]/div[4]/input from '' to ''
[INFO][2016-04-11 18:38:58]WebDriver changing value in element found By.xpath: //*[@id="order-address_id"]/div[1]/div[4]/input from '' to ''
[INFO][2016-04-11 18:38:58]WebDriver clicking on:'xpath: //*[@id="order-address_id"]/div[1]/div[7]/button[1]'
[INFO][2016-04-11 18:38:58]WebDriver clicking on:'xpath: //*[@id='order-address_id']/div[1]/label[1]'
[INFO][2016-04-11 18:38:58]WebDriver clicking on:'xpath: //*[@id='order-order_service_item_id']/label[1]/input'
[INFO][2016-04-11 18:38:58]WebDriver changing value in element found By.id: order-orderbookeddate from '2016-04-11' to ''
[INFO][2016-04-11 18:38:59]WebDriver changing value in element found By.id: order-orderbookeddate from '' to '2016-4-12'
[INFO][2016-04-11 18:38:59]WebDriver clicking on:'xpath: //*[@id="order-order_booked_count"]/label[2]'
[INFO][2016-04-11 18:38:59]WebDriver clicking on:'xpath: //*[@id="order-order_booked_count"]/label[1]/input'
[INFO][2016-04-11 18:38:59]WebDriver clicking on:'xpath: //*[@id="order-orderbookedtimerange"]/label[1]/input'
[INFO][2016-04-11 18:39:10]/\/\/\/\/\/\---TestCase = MakeOrder_Test---/\/\/\/\/\/\
[INFO][2016-04-11 18:39:10]#####################################################
[INFO][2016-04-11 18:39:21]#####################################################
[INFO][2016-04-11 18:39:21]\/\/\/\/\/\/---TestCase = MakeOrder_Test---\/\/\/\/\/\/
[INFO][2016-04-11 18:39:23]WebDriver navigating to:'http://101.200.2.207'
[INFO][2016-04-11 18:39:30]WebDriver changing value in element found By.id: loginform-username from '' to ''
[INFO][2016-04-11 18:39:30]WebDriver changing value in element found By.id: loginform-username from '' to 'admin'
[INFO][2016-04-11 18:39:30]WebDriver changing value in element found By.id: loginform-password from '' to ''
[INFO][2016-04-11 18:39:31]WebDriver changing value in element found By.id: loginform-password from '' to 'Test2016QA'
[INFO][2016-04-11 18:39:31]WebDriver clicking on:'xpath: //*[@id='list']/li[5]/button'
[INFO][2016-04-11 18:39:36]WebDriver changing value in element found By.id: order-order_customer_phone from '' to '14723521490'
[ERROR][2016-04-11 18:39:40]WebDriver error: Element not found By.xpath: //*[@id='order-address_id']/div[1]/div[1]/select
[INFO][2016-04-11 18:39:40]WebDriver clicking on:'xpath: //*[@id='order-address_id']/div[1]/button'
[INFO][2016-04-11 18:39:40]WebDriver changing value in element found By.xpath: //*[@id="order-address_id"]/div[1]/div[4]/input from '' to ''
[INFO][2016-04-11 18:39:40]WebDriver changing value in element found By.xpath: //*[@id="order-address_id"]/div[1]/div[4]/input from '' to ''
[INFO][2016-04-11 18:39:40]WebDriver clicking on:'xpath: //*[@id="order-address_id"]/div[1]/div[7]/button[1]'
[INFO][2016-04-11 18:39:41]WebDriver clicking on:'xpath: //*[@id='order-address_id']/div[1]/label[1]'
[INFO][2016-04-11 18:39:41]WebDriver clicking on:'xpath: //*[@id='order-order_service_item_id']/label[1]/input'
[INFO][2016-04-11 18:39:41]WebDriver changing value in element found By.id: order-orderbookeddate from '2016-04-11' to ''
[INFO][2016-04-11 18:39:41]WebDriver changing value in element found By.id: order-orderbookeddate from '' to '2016-4-12'
[INFO][2016-04-11 18:39:41]WebDriver clicking on:'xpath: //*[@id="order-order_booked_count"]/label[2]'
[INFO][2016-04-11 18:39:41]WebDriver clicking on:'xpath: //*[@id="order-order_booked_count"]/label[1]/input'
[INFO][2016-04-11 18:39:43]/\/\/\/\/\/\---TestCase = MakeOrder_Test---/\/\/\/\/\/\
[INFO][2016-04-11 18:39:43]#####################################################
[INFO][2016-04-11 18:41:48]#####################################################
[INFO][2016-04-11 18:41:48]\/\/\/\/\/\/---TestCase = MakeOrder_Test---\/\/\/\/\/\/
[INFO][2016-04-11 18:41:51]WebDriver navigating to:'http://101.200.2.207'
[INFO][2016-04-11 18:41:59]WebDriver changing value in element found By.id: loginform-username from '' to ''
[INFO][2016-04-11 18:41:59]WebDriver changing value in element found By.id: loginform-username from '' to 'admin'
[INFO][2016-04-11 18:41:59]WebDriver changing value in element found By.id: loginform-password from '' to ''
[INFO][2016-04-11 18:41:59]WebDriver changing value in element found By.id: loginform-password from '' to 'Test2016QA'
[INFO][2016-04-11 18:41:59]WebDriver clicking on:'xpath: //*[@id='list']/li[5]/button'
[INFO][2016-04-11 18:42:04]WebDriver changing value in element found By.id: order-order_customer_phone from '' to '14723521490'
[ERROR][2016-04-11 18:42:07]WebDriver error: Element not found By.xpath: //*[@id='order-address_id']/div[1]/div[1]/select
[INFO][2016-04-11 18:42:07]WebDriver clicking on:'xpath: //*[@id='order-address_id']/div[1]/button'
[INFO][2016-04-11 18:42:08]WebDriver changing value in element found By.xpath: //*[@id="order-address_id"]/div[1]/div[4]/input from '' to ''
[INFO][2016-04-11 18:42:08]WebDriver changing value in element found By.xpath: //*[@id="order-address_id"]/div[1]/div[4]/input from '' to ''
[INFO][2016-04-11 18:42:08]WebDriver clicking on:'xpath: //*[@id="order-address_id"]/div[1]/div[7]/button[1]'
[INFO][2016-04-11 18:42:08]WebDriver clicking on:'xpath: //*[@id='order-address_id']/div[1]/label[1]'
[INFO][2016-04-11 18:42:09]WebDriver clicking on:'xpath: //*[@id='order-order_service_item_id']/label[1]/input'
[INFO][2016-04-11 18:42:09]WebDriver changing value in element found By.id: order-orderbookeddate from '2016-04-11' to ''
[INFO][2016-04-11 18:42:09]WebDriver changing value in element found By.id: order-orderbookeddate from '' to '2016-4-12'
[INFO][2016-04-11 18:42:09]WebDriver clicking on:'xpath: //*[@id="order-order_booked_count"]/label[2]'
[INFO][2016-04-11 18:42:09]WebDriver clicking on:'xpath: //*[@id="order-order_booked_count"]/label[1]/input'
[INFO][2016-04-11 18:42:09]WebDriver clicking on:'xpath: //*[@id="order-orderbookedtimerange"]/label[1]/input'
[INFO][2016-04-11 18:42:20]/\/\/\/\/\/\---TestCase = MakeOrder_Test---/\/\/\/\/\/\
[INFO][2016-04-11 18:42:20]#####################################################
[INFO][2016-04-11 18:45:42]#####################################################
[INFO][2016-04-11 18:45:42]\/\/\/\/\/\/---TestCase = MakeOrder_Test---\/\/\/\/\/\/
[INFO][2016-04-11 18:45:44]WebDriver navigating to:'http://101.200.2.207'
[INFO][2016-04-11 18:45:56]WebDriver changing value in element found By.id: loginform-username from '' to ''
[INFO][2016-04-11 18:45:56]WebDriver changing value in element found By.id: loginform-username from '' to 'admin'
[INFO][2016-04-11 18:45:56]WebDriver changing value in element found By.id: loginform-password from '' to ''
[INFO][2016-04-11 18:45:56]WebDriver changing value in element found By.id: loginform-password from '' to 'Test2016QA'
[INFO][2016-04-11 18:45:56]WebDriver clicking on:'xpath: //*[@id='list']/li[5]/button'
[ERROR][2016-04-11 18:45:59]WebDriver error:
org.openqa.selenium.InvalidSelectorException: invalid selector: Unable to locate an element with the xpath expression /html/body/div[2]/aside[1]/div/section/div[1]/div[2]/p[1] because of the following error:
TypeError: Failed to execute 'createNSResolver' on 'Document': parameter 1 is not of type 'Node'.
  (Session info: chrome=49.0.2623.87)
  (Driver info: chromedriver=2.16.333243 (0bfa1d3575fc1044244f21ddb82bf870944ef961),platform=Windows NT 6.1 SP1 x86_64) (WARNING: The server did not provide any stacktrace information)
Command duration or timeout: 2.75 seconds
For documentation on this error, please visit: http://seleniumhq.org/exceptions/invalid_selector_exception.html
Build info: version: '2.53.0', revision: '35ae25b1534ae328c771e0856c93e187490ca824', time: '2016-03-15 10:43:46'
System info: host: 'song-PC', ip: '192.168.12.104', os.name: 'Windows 7', os.arch: 'amd64', os.version: '6.1', java.version: '1.7.0_79'
*** Element info: {Using=xpath, value=/html/body/div[2]/aside[1]/div/section/div[1]/div[2]/p[1]}
Session ID: f38982ac4397c61b34ba83d083950f1d
Driver info: org.openqa.selenium.chrome.ChromeDriver
Capabilities [{platform=XP, acceptSslCerts=true, javascriptEnabled=true, browserName=chrome, chrome={userDataDir=C:\Users\ADMINI~1\AppData\Local\Temp\scoped_dir8864_28415}, rotatable=false, locationContextEnabled=true, mobileEmulationEnabled=false, version=49.0.2623.87, takesHeapSnapshot=true, cssSelectorsEnabled=true, databaseEnabled=false, handlesAlerts=true, browserConnectionEnabled=false, webStorageEnabled=true, nativeEvents=true, hasTouchScreen=false, applicationCacheEnabled=false, takesScreenshot=true}]
	at sun.reflect.NativeConstructorAccessorImpl.newInstance0(Native Method)
	at sun.reflect.NativeConstructorAccessorImpl.newInstance(NativeConstructorAccessorImpl.java:57)
	at sun.reflect.DelegatingConstructorAccessorImpl.newInstance(DelegatingConstructorAccessorImpl.java:45)
	at java.lang.reflect.Constructor.newInstance(Constructor.java:526)
	at org.openqa.selenium.remote.ErrorHandler.createThrowable(ErrorHandler.java:206)
	at org.openqa.selenium.remote.ErrorHandler.throwIfResponseFailed(ErrorHandler.java:158)
	at org.openqa.selenium.remote.RemoteWebDriver.execute(RemoteWebDriver.java:678)
	at org.openqa.selenium.remote.RemoteWebDriver.findElement(RemoteWebDriver.java:363)
	at org.openqa.selenium.remote.RemoteWebDriver.findElementByXPath(RemoteWebDriver.java:500)
	at org.openqa.selenium.By$ByXPath.findElement(By.java:361)
	at org.openqa.selenium.remote.RemoteWebDriver.findElement(RemoteWebDriver.java:355)
	at sun.reflect.NativeMethodAccessorImpl.invoke0(Native Method)
	at sun.reflect.NativeMethodAccessorImpl.invoke(NativeMethodAccessorImpl.java:57)
	at sun.reflect.DelegatingMethodAccessorImpl.invoke(DelegatingMethodAccessorImpl.java:43)
	at java.lang.reflect.Method.invoke(Method.java:606)
	at org.openqa.selenium.support.events.EventFiringWebDriver$2.invoke(EventFiringWebDriver.java:103)
	at com.sun.proxy.$Proxy11.findElement(Unknown Source)
	at org.openqa.selenium.support.events.EventFiringWebDriver.findElement(EventFiringWebDriver.java:188)
	at org.openqa.selenium.support.pagefactory.DefaultElementLocator.findElement(DefaultElementLocator.java:69)
	at org.openqa.selenium.support.pagefactory.internal.LocatingElementHandler.invoke(LocatingElementHandler.java:38)
	at com.sun.proxy.$Proxy13.getText(Unknown Source)
	at webtest.core.util.Wait.reFresh(Wait.java:26)
	at cases_ejj.LoginTest.login(LoginTest.java:25)
	at cases_ejj.MakeOrder_Test.beforeMethod(MakeOrder_Test.java:47)
	at sun.reflect.NativeMethodAccessorImpl.invoke0(Native Method)
	at sun.reflect.NativeMethodAccessorImpl.invoke(NativeMethodAccessorImpl.java:57)
	at sun.reflect.DelegatingMethodAccessorImpl.invoke(DelegatingMethodAccessorImpl.java:43)
	at java.lang.reflect.Method.invoke(Method.java:606)
	at org.testng.internal.MethodInvocationHelper.invokeMethod(MethodInvocationHelper.java:84)
	at org.testng.internal.Invoker.invokeConfigurationMethod(Invoker.java:564)
	at org.testng.internal.Invoker.invokeConfigurations(Invoker.java:213)
	at org.testng.internal.Invoker.invokeMethod(Invoker.java:653)
	at org.testng.internal.Invoker.invokeTestMethod(Invoker.java:901)
	at org.testng.internal.Invoker.invokeTestMethods(Invoker.java:1231)
	at org.testng.internal.TestMethodWorker.invokeTestMethods(TestMethodWorker.java:127)
	at org.testng.internal.TestMethodWorker.run(TestMethodWorker.java:111)
	at org.testng.TestRunner.privateRun(TestRunner.java:767)
	at org.testng.TestRunner.run(TestRunner.java:617)
	at org.testng.SuiteRunner.runTest(SuiteRunner.java:334)
	at org.testng.SuiteRunner.runSequentially(SuiteRunner.java:329)
	at org.testng.SuiteRunner.privateRun(SuiteRunner.java:291)
	at org.testng.SuiteRunner.run(SuiteRunner.java:240)
	at org.testng.SuiteRunnerWorker.runSuite(SuiteRunnerWorker.java:52)
	at org.testng.SuiteRunnerWorker.run(SuiteRunnerWorker.java:86)
	at org.testng.TestNG.runSuitesSequentially(TestNG.java:1224)
	at org.testng.TestNG.runSuitesLocally(TestNG.java:1149)
	at org.testng.TestNG.run(TestNG.java:1057)
	at org.testng.IDEARemoteTestNG.run(IDEARemoteTestNG.java:74)
	at org.testng.RemoteTestNGStarter.main(RemoteTestNGStarter.java:121)
	at sun.reflect.NativeMethodAccessorImpl.invoke0(Native Method)
	at sun.reflect.NativeMethodAccessorImpl.invoke(NativeMethodAccessorImpl.java:57)
	at sun.reflect.DelegatingMethodAccessorImpl.invoke(DelegatingMethodAccessorImpl.java:43)
	at java.lang.reflect.Method.invoke(Method.java:606)
	at com.intellij.rt.execution.application.AppMain.main(AppMain.java:144)
[INFO][2016-04-11 18:46:02]WebDriver changing value in element found By.id: order-order_customer_phone from '' to '14723521490'
[ERROR][2016-04-11 18:46:05]WebDriver error: Element not found By.xpath: //*[@id='order-address_id']/div[1]/div[1]/select
[INFO][2016-04-11 18:46:05]WebDriver clicking on:'xpath: //*[@id='order-address_id']/div[1]/button'
[INFO][2016-04-11 18:46:05]WebDriver changing value in element found By.xpath: //*[@id="order-address_id"]/div[1]/div[4]/input from '' to ''
[INFO][2016-04-11 18:46:05]WebDriver changing value in element found By.xpath: //*[@id="order-address_id"]/div[1]/div[4]/input from '' to ''
[INFO][2016-04-11 18:46:05]WebDriver clicking on:'xpath: //*[@id="order-address_id"]/div[1]/div[7]/button[1]'
[INFO][2016-04-11 18:46:06]WebDriver clicking on:'xpath: //*[@id='order-address_id']/div[1]/label[1]'
[INFO][2016-04-11 18:46:06]WebDriver clicking on:'xpath: //*[@id='order-order_service_item_id']/label[1]/input'
[INFO][2016-04-11 18:46:06]WebDriver changing value in element found By.id: order-orderbookeddate from '2016-04-11' to ''
[INFO][2016-04-11 18:46:06]WebDriver changing value in element found By.id: order-orderbookeddate from '' to '2016-4-12'
[INFO][2016-04-11 18:46:07]WebDriver clicking on:'xpath: //*[@id="order-order_booked_count"]/label[2]'
[INFO][2016-04-11 18:46:07]WebDriver clicking on:'xpath: //*[@id="order-order_booked_count"]/label[1]/input'
[INFO][2016-04-11 18:46:08]WebDriver clicking on:'xpath: //*[@id="order-orderbookedtimerange"]/label[1]/input'
[INFO][2016-04-11 18:46:19]/\/\/\/\/\/\---TestCase = MakeOrder_Test---/\/\/\/\/\/\
[INFO][2016-04-11 18:46:19]#####################################################
[INFO][2016-04-11 18:59:27]#####################################################
[INFO][2016-04-11 18:59:27]\/\/\/\/\/\/---TestCase = MakeOrder_Test---\/\/\/\/\/\/
[INFO][2016-04-11 18:59:30]WebDriver navigating to:'http://101.200.2.207'
[INFO][2016-04-11 18:59:39]WebDriver changing value in element found By.id: loginform-username from '' to ''
[INFO][2016-04-11 18:59:39]WebDriver changing value in element found By.id: loginform-username from '' to 'admin'
[INFO][2016-04-11 18:59:39]WebDriver changing value in element found By.id: loginform-password from '' to ''
[INFO][2016-04-11 18:59:39]WebDriver changing value in element found By.id: loginform-password from '' to 'Test2016QA'
[INFO][2016-04-11 18:59:39]WebDriver clicking on:'xpath: //*[@id='list']/li[5]/button'
[INFO][2016-04-11 18:59:45]WebDriver changing value in element found By.id: order-order_customer_phone from '' to '14723521490'
[ERROR][2016-04-11 18:59:48]WebDriver error: Element not found By.xpath: //*[@id='order-address_id']/div[1]/div[1]/select
[INFO][2016-04-11 18:59:48]WebDriver clicking on:'xpath: //*[@id='order-address_id']/div[1]/button'
[INFO][2016-04-11 18:59:48]WebDriver changing value in element found By.xpath: //*[@id="order-address_id"]/div[1]/div[4]/input from '' to ''
[INFO][2016-04-11 18:59:48]WebDriver changing value in element found By.xpath: //*[@id="order-address_id"]/div[1]/div[4]/input from '' to ''
[INFO][2016-04-11 18:59:48]WebDriver clicking on:'xpath: //*[@id="order-address_id"]/div[1]/div[7]/button[1]'
[INFO][2016-04-11 18:59:49]WebDriver clicking on:'xpath: //*[@id='order-address_id']/div[1]/label[1]'
[INFO][2016-04-11 18:59:49]WebDriver clicking on:'xpath: //*[@id='order-order_service_item_id']/label[1]/input'
[INFO][2016-04-11 18:59:49]WebDriver changing value in element found By.id: order-orderbookeddate from '2016-04-11' to ''
[INFO][2016-04-11 18:59:49]WebDriver changing value in element found By.id: order-orderbookeddate from '' to '2016-4-12'
[INFO][2016-04-11 18:59:49]WebDriver clicking on:'xpath: //*[@id="order-order_booked_count"]/label[2]'
[INFO][2016-04-11 18:59:49]WebDriver clicking on:'xpath: //*[@id="order-order_booked_count"]/label[1]/input'
[INFO][2016-04-11 18:59:51]WebDriver clicking on:'xpath: //*[@id="order-orderbookedtimerange"]/label[1]/input'
[INFO][2016-04-11 18:59:51]WebDriver clicking on:'xpath: //*[@id='order-pay_channel_id']/label[2]/input'
[INFO][2016-04-11 18:59:52]/\/\/\/\/\/\---TestCase = MakeOrder_Test---/\/\/\/\/\/\
[INFO][2016-04-11 18:59:52]#####################################################
