<?xml version="1.0" encoding="UTF-8"?>
<testsuite name="µÇÂ¼²âÊÔ - ä¯ÀÀÆ÷firefox"
           tests="4"
           failures="0"
           errors="0"
           skipped="0"
           time="26.192">
  <properties />
  
  
            <testcase name="login" time="14.440" classname="cases_ejj.HomeLinkTest" />
                <testcase name="click_humanMakeOrder" time="3.330" classname="cases_ejj.HomeLinkTest" />
                <testcase name="click_LookAllHoemmaking" time="4.964" classname="cases_ejj.HomeLinkTest" />
                <testcase name="click_addNewHoemmaking" time="3.458" classname="cases_ejj.HomeLinkTest" />
      
</testsuite>
